[2025-08-19T17:52:47.173+0000] {taskinstance.py:1979} INFO - Dependencies all met for dep_context=non-requeueable deps ti=<TaskInstance: customer_churn_pipeline.dvc_add_commit_model manual__2025-08-19T17:51:23.774653+00:00 [queued]>
[2025-08-19T17:52:47.189+0000] {taskinstance.py:1979} INFO - Dependencies all met for dep_context=requeueable deps ti=<TaskInstance: customer_churn_pipeline.dvc_add_commit_model manual__2025-08-19T17:51:23.774653+00:00 [queued]>
[2025-08-19T17:52:47.191+0000] {taskinstance.py:2193} INFO - Starting attempt 1 of 1
[2025-08-19T17:52:47.222+0000] {taskinstance.py:2217} INFO - Executing <Task(BashOperator): dvc_add_commit_model> on 2025-08-19 17:51:23.774653+00:00
[2025-08-19T17:52:47.232+0000] {standard_task_runner.py:60} INFO - Started process 1214 to run task
[2025-08-19T17:52:47.239+0000] {standard_task_runner.py:87} INFO - Running: ['***', 'tasks', 'run', 'customer_churn_pipeline', 'dvc_add_commit_model', 'manual__2025-08-19T17:51:23.774653+00:00', '--job-id', '33', '--raw', '--subdir', 'DAGS_FOLDER/customer_churn_pipeline_dag.py', '--cfg-path', '/tmp/tmp5vw46o2f']
[2025-08-19T17:52:47.244+0000] {standard_task_runner.py:88} INFO - Job 33: Subtask dvc_add_commit_model
[2025-08-19T17:52:47.339+0000] {task_command.py:423} INFO - Running <TaskInstance: customer_churn_pipeline.dvc_add_commit_model manual__2025-08-19T17:51:23.774653+00:00 [running]> on host dc08f7cf7bac
[2025-08-19T17:52:47.489+0000] {taskinstance.py:2513} INFO - Exporting env vars: AIRFLOW_CTX_DAG_OWNER='***' AIRFLOW_CTX_DAG_ID='customer_churn_pipeline' AIRFLOW_CTX_TASK_ID='dvc_add_commit_model' AIRFLOW_CTX_EXECUTION_DATE='2025-08-19T17:51:23.774653+00:00' AIRFLOW_CTX_TRY_NUMBER='1' AIRFLOW_CTX_DAG_RUN_ID='manual__2025-08-19T17:51:23.774653+00:00'
[2025-08-19T17:52:47.491+0000] {subprocess.py:63} INFO - Tmp dir root location: /tmp
[2025-08-19T17:52:47.494+0000] {subprocess.py:75} INFO - Running command: ['/usr/bin/bash', '-c', "cd /opt/***/Customer_Churn_Prediction_Pipeline && git config --global --add safe.directory /opt/***/Customer_Churn_Prediction_Pipeline && dvc add models/churn_model.pkl && git add models/churn_model.pkl.dvc models/.gitignore && git commit -m 'Add trained model to DVC' || echo 'Git commit completed or nothing to commit'"]
[2025-08-19T17:52:47.514+0000] {subprocess.py:86} INFO - Output:
[2025-08-19T17:52:58.924+0000] {subprocess.py:93} INFO - 
[2025-08-19T17:52:58.925+0000] {subprocess.py:93} INFO - To track the changes with git, run:
[2025-08-19T17:52:58.926+0000] {subprocess.py:93} INFO - 
[2025-08-19T17:52:58.927+0000] {subprocess.py:93} INFO - 	git add models/churn_model.pkl.dvc
[2025-08-19T17:52:58.928+0000] {subprocess.py:93} INFO - 
[2025-08-19T17:52:58.929+0000] {subprocess.py:93} INFO - To enable auto staging, run:
[2025-08-19T17:52:58.930+0000] {subprocess.py:93} INFO - 
[2025-08-19T17:52:58.931+0000] {subprocess.py:93} INFO - 	dvc config core.autostage true
[2025-08-19T17:53:04.407+0000] {subprocess.py:93} INFO - Author identity unknown
[2025-08-19T17:53:04.408+0000] {subprocess.py:93} INFO - 
[2025-08-19T17:53:04.409+0000] {subprocess.py:93} INFO - *** Please tell me who you are.
[2025-08-19T17:53:04.410+0000] {subprocess.py:93} INFO - 
[2025-08-19T17:53:04.412+0000] {subprocess.py:93} INFO - Run
[2025-08-19T17:53:04.413+0000] {subprocess.py:93} INFO - 
[2025-08-19T17:53:04.413+0000] {subprocess.py:93} INFO -   git config --global user.email "you@example.com"
[2025-08-19T17:53:04.414+0000] {subprocess.py:93} INFO -   git config --global user.name "Your Name"
[2025-08-19T17:53:04.415+0000] {subprocess.py:93} INFO - 
[2025-08-19T17:53:04.416+0000] {subprocess.py:93} INFO - to set your account's default identity.
[2025-08-19T17:53:04.417+0000] {subprocess.py:93} INFO - Omit --global to set the identity only in this repository.
[2025-08-19T17:53:04.418+0000] {subprocess.py:93} INFO - 
[2025-08-19T17:53:04.419+0000] {subprocess.py:93} INFO - fatal: unable to auto-detect email address (got '***@dc08f7cf7bac.(none)')
[2025-08-19T17:53:04.419+0000] {subprocess.py:93} INFO - Git commit completed or nothing to commit
[2025-08-19T17:53:04.420+0000] {subprocess.py:97} INFO - Command exited with return code 0
[2025-08-19T17:53:04.469+0000] {taskinstance.py:1149} INFO - Marking task as SUCCESS. dag_id=customer_churn_pipeline, task_id=dvc_add_commit_model, execution_date=20250819T175123, start_date=20250819T175247, end_date=20250819T175304
[2025-08-19T17:53:04.534+0000] {local_task_job_runner.py:234} INFO - Task exited with return code 0
[2025-08-19T17:53:04.572+0000] {taskinstance.py:3312} INFO - 1 downstream tasks scheduled from follow-on schedule check
