[2025-08-18T20:39:51.524+0000] {taskinstance.py:1979} INFO - Dependencies all met for dep_context=non-requeueable deps ti=<TaskInstance: customer_churn_pipeline.data_preparation manual__2025-08-18T20:39:24.887519+00:00 [queued]>
[2025-08-18T20:39:51.540+0000] {taskinstance.py:1979} INFO - Dependencies all met for dep_context=requeueable deps ti=<TaskInstance: customer_churn_pipeline.data_preparation manual__2025-08-18T20:39:24.887519+00:00 [queued]>
[2025-08-18T20:39:51.541+0000] {taskinstance.py:2193} INFO - Starting attempt 1 of 1
[2025-08-18T20:39:51.565+0000] {taskinstance.py:2217} INFO - Executing <Task(BashOperator): data_preparation> on 2025-08-18 20:39:24.887519+00:00
[2025-08-18T20:39:51.572+0000] {standard_task_runner.py:60} INFO - Started process 823 to run task
[2025-08-18T20:39:51.577+0000] {standard_task_runner.py:87} INFO - Running: ['***', 'tasks', 'run', 'customer_churn_pipeline', 'data_preparation', 'manual__2025-08-18T20:39:24.887519+00:00', '--job-id', '18', '--raw', '--subdir', 'DAGS_FOLDER/customer_churn_pipeline_dag.py', '--cfg-path', '/tmp/tmpzc1mxk60']
[2025-08-18T20:39:51.583+0000] {standard_task_runner.py:88} INFO - Job 18: Subtask data_preparation
[2025-08-18T20:39:51.671+0000] {task_command.py:423} INFO - Running <TaskInstance: customer_churn_pipeline.data_preparation manual__2025-08-18T20:39:24.887519+00:00 [running]> on host 2e4674d7276b
[2025-08-18T20:39:51.791+0000] {taskinstance.py:2513} INFO - Exporting env vars: AIRFLOW_CTX_DAG_OWNER='***' AIRFLOW_CTX_DAG_ID='customer_churn_pipeline' AIRFLOW_CTX_TASK_ID='data_preparation' AIRFLOW_CTX_EXECUTION_DATE='2025-08-18T20:39:24.887519+00:00' AIRFLOW_CTX_TRY_NUMBER='1' AIRFLOW_CTX_DAG_RUN_ID='manual__2025-08-18T20:39:24.887519+00:00'
[2025-08-18T20:39:51.794+0000] {subprocess.py:63} INFO - Tmp dir root location: /tmp
[2025-08-18T20:39:51.796+0000] {subprocess.py:75} INFO - Running command: ['/usr/bin/bash', '-c', 'cd /opt/***/Customer_Churn_Prediction_Pipeline && python src/preparation.py']
[2025-08-18T20:39:51.813+0000] {subprocess.py:86} INFO - Output:
[2025-08-18T20:40:05.296+0000] {subprocess.py:93} INFO - Loading data...
[2025-08-18T20:40:05.302+0000] {subprocess.py:93} INFO - Encoding binary categorical columns...
[2025-08-18T20:40:05.306+0000] {subprocess.py:93} INFO - Saving processed data...
[2025-08-18T20:40:05.308+0000] {subprocess.py:93} INFO - Combined data saved to data/processed/18-08-2025/Telco-Dataset-combined.csv
[2025-08-18T20:40:05.310+0000] {subprocess.py:93} INFO - Performing EDA...
[2025-08-18T20:40:05.311+0000] {subprocess.py:93} INFO - Processed data and EDA outputs saved in data/processed/18-08-2025
[2025-08-18T20:40:05.889+0000] {subprocess.py:97} INFO - Command exited with return code 0
[2025-08-18T20:40:05.936+0000] {taskinstance.py:1149} INFO - Marking task as SUCCESS. dag_id=customer_churn_pipeline, task_id=data_preparation, execution_date=20250818T203924, start_date=20250818T203951, end_date=20250818T204005
[2025-08-18T20:40:05.982+0000] {local_task_job_runner.py:234} INFO - Task exited with return code 0
[2025-08-18T20:40:06.029+0000] {taskinstance.py:3312} INFO - 0 downstream tasks scheduled from follow-on schedule check
