[2025-08-18T20:21:19.162+0000] {taskinstance.py:1979} INFO - Dependencies all met for dep_context=non-requeueable deps ti=<TaskInstance: customer_churn_pipeline.data_ingestion manual__2025-08-18T20:21:04.027248+00:00 [queued]>
[2025-08-18T20:21:19.184+0000] {taskinstance.py:1979} INFO - Dependencies all met for dep_context=requeueable deps ti=<TaskInstance: customer_churn_pipeline.data_ingestion manual__2025-08-18T20:21:04.027248+00:00 [queued]>
[2025-08-18T20:21:19.186+0000] {taskinstance.py:2193} INFO - Starting attempt 1 of 1
[2025-08-18T20:21:19.220+0000] {taskinstance.py:2217} INFO - Executing <Task(BashOperator): data_ingestion> on 2025-08-18 20:21:04.027248+00:00
[2025-08-18T20:21:19.233+0000] {standard_task_runner.py:60} INFO - Started process 913 to run task
[2025-08-18T20:21:19.248+0000] {standard_task_runner.py:87} INFO - Running: ['***', 'tasks', 'run', 'customer_churn_pipeline', 'data_ingestion', 'manual__2025-08-18T20:21:04.027248+00:00', '--job-id', '44', '--raw', '--subdir', 'DAGS_FOLDER/customer_churn_pipeline_dag.py', '--cfg-path', '/tmp/tmp8g5xk0jk']
[2025-08-18T20:21:19.260+0000] {standard_task_runner.py:88} INFO - Job 44: Subtask data_ingestion
[2025-08-18T20:21:19.396+0000] {task_command.py:423} INFO - Running <TaskInstance: customer_churn_pipeline.data_ingestion manual__2025-08-18T20:21:04.027248+00:00 [running]> on host 6cfe0da8a177
[2025-08-18T20:21:19.536+0000] {taskinstance.py:2513} INFO - Exporting env vars: AIRFLOW_CTX_DAG_OWNER='***' AIRFLOW_CTX_DAG_ID='customer_churn_pipeline' AIRFLOW_CTX_TASK_ID='data_ingestion' AIRFLOW_CTX_EXECUTION_DATE='2025-08-18T20:21:04.027248+00:00' AIRFLOW_CTX_TRY_NUMBER='1' AIRFLOW_CTX_DAG_RUN_ID='manual__2025-08-18T20:21:04.027248+00:00'
[2025-08-18T20:21:19.539+0000] {subprocess.py:63} INFO - Tmp dir root location: /tmp
[2025-08-18T20:21:19.541+0000] {subprocess.py:75} INFO - Running command: ['/usr/bin/bash', '-c', 'cd /opt/***/Customer_Churn_Prediction_Pipeline && python src/ingestion.py']
[2025-08-18T20:21:19.559+0000] {subprocess.py:86} INFO - Output:
[2025-08-18T20:21:20.804+0000] {subprocess.py:93} INFO - 2025-08-18 20:21:20,800 INFO --- Data Ingestion Pipeline Started ---
[2025-08-18T20:21:20.886+0000] {subprocess.py:93} INFO - 2025-08-18 20:21:20,885 INFO Starting local data ingestion from data/raw/train/Telco-Dataset-train.csv
[2025-08-18T20:21:21.118+0000] {subprocess.py:93} INFO - 2025-08-18 20:21:21,109 INFO Read 5634 rows from data/raw/train/Telco-Dataset-train.csv
[2025-08-18T20:21:21.599+0000] {subprocess.py:93} INFO - 2025-08-18 20:21:21,597 INFO Local training data ingested and saved to data/raw/training_data/18-08-2025/Telco-Dataset-train.csv (size: 776827 bytes)
[2025-08-18T20:21:21.905+0000] {subprocess.py:93} INFO - 2025-08-18 20:21:21,865 INFO Starting remote data ingestion from https://raw.githubusercontent.com/yugipersonalspace/ML-Assignment-PS3/main/Telco-Dataset-test.csv
[2025-08-18T20:21:22.297+0000] {subprocess.py:93} INFO - 2025-08-18 20:21:22,291 INFO Remote test data downloaded and saved to data/raw/API_test_data/18-08-2025/Telco-Dataset-test.csv (size: 196084 bytes)
[2025-08-18T20:21:22.312+0000] {subprocess.py:93} INFO - 2025-08-18 20:21:22,306 INFO --- Data Ingestion Pipeline Completed Successfully ---
[2025-08-18T20:21:22.758+0000] {subprocess.py:97} INFO - Command exited with return code 0
[2025-08-18T20:21:23.022+0000] {taskinstance.py:1149} INFO - Marking task as SUCCESS. dag_id=customer_churn_pipeline, task_id=data_ingestion, execution_date=20250818T202104, start_date=20250818T202119, end_date=20250818T202123
[2025-08-18T20:21:23.343+0000] {local_task_job_runner.py:234} INFO - Task exited with return code 0
[2025-08-18T20:21:23.628+0000] {taskinstance.py:3312} INFO - 0 downstream tasks scheduled from follow-on schedule check
