[2025-08-18T21:06:50.542+0000] {taskinstance.py:1979} INFO - Dependencies all met for dep_context=non-requeueable deps ti=<TaskInstance: customer_churn_pipeline.dvc_add_commit_model manual__2025-08-18T21:05:56.718197+00:00 [queued]>
[2025-08-18T21:06:50.551+0000] {taskinstance.py:1979} INFO - Dependencies all met for dep_context=requeueable deps ti=<TaskInstance: customer_churn_pipeline.dvc_add_commit_model manual__2025-08-18T21:05:56.718197+00:00 [queued]>
[2025-08-18T21:06:50.552+0000] {taskinstance.py:2193} INFO - Starting attempt 1 of 1
[2025-08-18T21:06:50.564+0000] {taskinstance.py:2217} INFO - Executing <Task(BashOperator): dvc_add_commit_model> on 2025-08-18 21:05:56.718197+00:00
[2025-08-18T21:06:50.569+0000] {standard_task_runner.py:60} INFO - Started process 1898 to run task
[2025-08-18T21:06:50.572+0000] {standard_task_runner.py:87} INFO - Running: ['***', 'tasks', 'run', 'customer_churn_pipeline', 'dvc_add_commit_model', 'manual__2025-08-18T21:05:56.718197+00:00', '--job-id', '40', '--raw', '--subdir', 'DAGS_FOLDER/customer_churn_pipeline_dag.py', '--cfg-path', '/tmp/tmpu1xkjudv']
[2025-08-18T21:06:50.575+0000] {standard_task_runner.py:88} INFO - Job 40: Subtask dvc_add_commit_model
[2025-08-18T21:06:50.621+0000] {task_command.py:423} INFO - Running <TaskInstance: customer_churn_pipeline.dvc_add_commit_model manual__2025-08-18T21:05:56.718197+00:00 [running]> on host 2e4674d7276b
[2025-08-18T21:06:50.685+0000] {taskinstance.py:2513} INFO - Exporting env vars: AIRFLOW_CTX_DAG_OWNER='***' AIRFLOW_CTX_DAG_ID='customer_churn_pipeline' AIRFLOW_CTX_TASK_ID='dvc_add_commit_model' AIRFLOW_CTX_EXECUTION_DATE='2025-08-18T21:05:56.718197+00:00' AIRFLOW_CTX_TRY_NUMBER='1' AIRFLOW_CTX_DAG_RUN_ID='manual__2025-08-18T21:05:56.718197+00:00'
[2025-08-18T21:06:50.687+0000] {subprocess.py:63} INFO - Tmp dir root location: /tmp
[2025-08-18T21:06:50.688+0000] {subprocess.py:75} INFO - Running command: ['/usr/bin/bash', '-c', "cd /opt/***/Customer_Churn_Prediction_Pipeline && git config --global --add safe.directory /opt/***/Customer_Churn_Prediction_Pipeline && dvc add models/churn_model.pkl && git add models/churn_model.pkl.dvc models/.gitignore && git commit -m 'Add trained model to DVC' || echo 'Git commit completed or nothing to commit'"]
[2025-08-18T21:06:50.698+0000] {subprocess.py:86} INFO - Output:
[2025-08-18T21:06:59.242+0000] {subprocess.py:93} INFO - 
[2025-08-18T21:06:59.243+0000] {subprocess.py:93} INFO - To track the changes with git, run:
[2025-08-18T21:06:59.244+0000] {subprocess.py:93} INFO - 
[2025-08-18T21:06:59.244+0000] {subprocess.py:93} INFO - 	git add models/churn_model.pkl.dvc
[2025-08-18T21:06:59.244+0000] {subprocess.py:93} INFO - 
[2025-08-18T21:06:59.245+0000] {subprocess.py:93} INFO - To enable auto staging, run:
[2025-08-18T21:06:59.245+0000] {subprocess.py:93} INFO - 
[2025-08-18T21:06:59.246+0000] {subprocess.py:93} INFO - 	dvc config core.autostage true
[2025-08-18T21:06:59.792+0000] {subprocess.py:93} INFO - Author identity unknown
[2025-08-18T21:06:59.794+0000] {subprocess.py:93} INFO - 
[2025-08-18T21:06:59.795+0000] {subprocess.py:93} INFO - *** Please tell me who you are.
[2025-08-18T21:06:59.796+0000] {subprocess.py:93} INFO - 
[2025-08-18T21:06:59.796+0000] {subprocess.py:93} INFO - Run
[2025-08-18T21:06:59.797+0000] {subprocess.py:93} INFO - 
[2025-08-18T21:06:59.798+0000] {subprocess.py:93} INFO -   git config --global user.email "you@example.com"
[2025-08-18T21:06:59.798+0000] {subprocess.py:93} INFO -   git config --global user.name "Your Name"
[2025-08-18T21:06:59.799+0000] {subprocess.py:93} INFO - 
[2025-08-18T21:06:59.800+0000] {subprocess.py:93} INFO - to set your account's default identity.
[2025-08-18T21:06:59.800+0000] {subprocess.py:93} INFO - Omit --global to set the identity only in this repository.
[2025-08-18T21:06:59.801+0000] {subprocess.py:93} INFO - 
[2025-08-18T21:06:59.801+0000] {subprocess.py:93} INFO - fatal: unable to auto-detect email address (got '***@2e4674d7276b.(none)')
[2025-08-18T21:06:59.802+0000] {subprocess.py:93} INFO - Git commit completed or nothing to commit
[2025-08-18T21:06:59.803+0000] {subprocess.py:97} INFO - Command exited with return code 0
[2025-08-18T21:06:59.834+0000] {taskinstance.py:1149} INFO - Marking task as SUCCESS. dag_id=customer_churn_pipeline, task_id=dvc_add_commit_model, execution_date=20250818T210556, start_date=20250818T210650, end_date=20250818T210659
[2025-08-18T21:06:59.862+0000] {local_task_job_runner.py:234} INFO - Task exited with return code 0
[2025-08-18T21:06:59.880+0000] {taskinstance.py:3312} INFO - 0 downstream tasks scheduled from follow-on schedule check
