[2025-08-18T21:19:38.914+0000] {taskinstance.py:1979} INFO - Dependencies all met for dep_context=non-requeueable deps ti=<TaskInstance: customer_churn_pipeline.data_preparation manual__2025-08-18T21:19:20.974289+00:00 [queued]>
[2025-08-18T21:19:38.924+0000] {taskinstance.py:1979} INFO - Dependencies all met for dep_context=requeueable deps ti=<TaskInstance: customer_churn_pipeline.data_preparation manual__2025-08-18T21:19:20.974289+00:00 [queued]>
[2025-08-18T21:19:38.925+0000] {taskinstance.py:2193} INFO - Starting attempt 1 of 1
[2025-08-18T21:19:38.942+0000] {taskinstance.py:2217} INFO - Executing <Task(BashOperator): data_preparation> on 2025-08-18 21:19:20.974289+00:00
[2025-08-18T21:19:38.948+0000] {standard_task_runner.py:60} INFO - Started process 2130 to run task
[2025-08-18T21:19:38.952+0000] {standard_task_runner.py:87} INFO - Running: ['***', 'tasks', 'run', 'customer_churn_pipeline', 'data_preparation', 'manual__2025-08-18T21:19:20.974289+00:00', '--job-id', '44', '--raw', '--subdir', 'DAGS_FOLDER/customer_churn_pipeline_dag.py', '--cfg-path', '/tmp/tmptb0epx9o']
[2025-08-18T21:19:38.955+0000] {standard_task_runner.py:88} INFO - Job 44: Subtask data_preparation
[2025-08-18T21:19:39.018+0000] {task_command.py:423} INFO - Running <TaskInstance: customer_churn_pipeline.data_preparation manual__2025-08-18T21:19:20.974289+00:00 [running]> on host 2e4674d7276b
[2025-08-18T21:19:39.115+0000] {taskinstance.py:2513} INFO - Exporting env vars: AIRFLOW_CTX_DAG_OWNER='***' AIRFLOW_CTX_DAG_ID='customer_churn_pipeline' AIRFLOW_CTX_TASK_ID='data_preparation' AIRFLOW_CTX_EXECUTION_DATE='2025-08-18T21:19:20.974289+00:00' AIRFLOW_CTX_TRY_NUMBER='1' AIRFLOW_CTX_DAG_RUN_ID='manual__2025-08-18T21:19:20.974289+00:00'
[2025-08-18T21:19:39.116+0000] {subprocess.py:63} INFO - Tmp dir root location: /tmp
[2025-08-18T21:19:39.118+0000] {subprocess.py:75} INFO - Running command: ['/usr/bin/bash', '-c', 'cd /opt/***/Customer_Churn_Prediction_Pipeline && python src/preparation.py']
[2025-08-18T21:19:39.130+0000] {subprocess.py:86} INFO - Output:
[2025-08-18T21:19:51.059+0000] {subprocess.py:93} INFO - Loading data...
[2025-08-18T21:19:51.061+0000] {subprocess.py:93} INFO - Encoding binary categorical columns...
[2025-08-18T21:19:51.062+0000] {subprocess.py:93} INFO - Saving processed data...
[2025-08-18T21:19:51.063+0000] {subprocess.py:93} INFO - Combined data saved to data/processed/18-08-2025/Telco-Dataset-combined.csv
[2025-08-18T21:19:51.064+0000] {subprocess.py:93} INFO - Performing EDA...
[2025-08-18T21:19:51.065+0000] {subprocess.py:93} INFO - Processed data and EDA outputs saved in data/processed/18-08-2025
[2025-08-18T21:19:51.418+0000] {subprocess.py:97} INFO - Command exited with return code 0
[2025-08-18T21:19:51.457+0000] {taskinstance.py:1149} INFO - Marking task as SUCCESS. dag_id=customer_churn_pipeline, task_id=data_preparation, execution_date=20250818T211920, start_date=20250818T211938, end_date=20250818T211951
[2025-08-18T21:19:51.497+0000] {local_task_job_runner.py:234} INFO - Task exited with return code 0
[2025-08-18T21:19:51.541+0000] {taskinstance.py:3312} INFO - 1 downstream tasks scheduled from follow-on schedule check
