[2025-08-21T05:16:43.597+0000] {taskinstance.py:1979} INFO - Dependencies all met for dep_context=non-requeueable deps ti=<TaskInstance: customer_churn_pipeline.model_deployment scheduled__2025-08-20T00:00:00+00:00 [queued]>
[2025-08-21T05:16:43.624+0000] {taskinstance.py:1979} INFO - Dependencies all met for dep_context=requeueable deps ti=<TaskInstance: customer_churn_pipeline.model_deployment scheduled__2025-08-20T00:00:00+00:00 [queued]>
[2025-08-21T05:16:43.626+0000] {taskinstance.py:2193} INFO - Starting attempt 1 of 1
[2025-08-21T05:16:43.671+0000] {taskinstance.py:2217} INFO - Executing <Task(BashOperator): model_deployment> on 2025-08-20 00:00:00+00:00
[2025-08-21T05:16:43.688+0000] {standard_task_runner.py:60} INFO - Started process 394 to run task
[2025-08-21T05:16:43.701+0000] {standard_task_runner.py:87} INFO - Running: ['***', 'tasks', 'run', 'customer_churn_pipeline', 'model_deployment', 'scheduled__2025-08-20T00:00:00+00:00', '--job-id', '29', '--raw', '--subdir', 'DAGS_FOLDER/customer_churn_pipeline_dag.py', '--cfg-path', '/tmp/tmpdurowtm0']
[2025-08-21T05:16:43.706+0000] {standard_task_runner.py:88} INFO - Job 29: Subtask model_deployment
[2025-08-21T05:16:43.921+0000] {task_command.py:423} INFO - Running <TaskInstance: customer_churn_pipeline.model_deployment scheduled__2025-08-20T00:00:00+00:00 [running]> on host bd9202be787f
[2025-08-21T05:16:44.452+0000] {taskinstance.py:2513} INFO - Exporting env vars: AIRFLOW_CTX_DAG_OWNER='***' AIRFLOW_CTX_DAG_ID='customer_churn_pipeline' AIRFLOW_CTX_TASK_ID='model_deployment' AIRFLOW_CTX_EXECUTION_DATE='2025-08-20T00:00:00+00:00' AIRFLOW_CTX_TRY_NUMBER='1' AIRFLOW_CTX_DAG_RUN_ID='scheduled__2025-08-20T00:00:00+00:00'
[2025-08-21T05:16:44.464+0000] {subprocess.py:63} INFO - Tmp dir root location: /tmp
[2025-08-21T05:16:44.470+0000] {subprocess.py:75} INFO - Running command: ['/usr/bin/bash', '-c', 'cd /opt/***/Customer_Churn_Prediction_Pipeline && python src/deploy_model.py']
[2025-08-21T05:16:44.519+0000] {subprocess.py:86} INFO - Output:
[2025-08-21T05:16:50.305+0000] {subprocess.py:93} INFO - 2025-08-21 05:16:50,304 INFO Starting model deployment...
[2025-08-21T05:16:50.313+0000] {subprocess.py:93} INFO - 2025-08-21 05:16:50,312 INFO Loaded best run ID: 054959b9454048069c7dcb0c15080c16
[2025-08-21T05:16:50.314+0000] {subprocess.py:93} INFO - 2025-08-21 05:16:50,313 INFO Loading model from MLflow run: 054959b9454048069c7dcb0c15080c16
[2025-08-21T05:16:52.631+0000] {subprocess.py:93} INFO - 2025-08-21 05:16:52,629 INFO Model loaded successfully from MLflow
[2025-08-21T05:16:52.644+0000] {subprocess.py:93} INFO - 2025-08-21 05:16:52,643 INFO Model deployed to: deployment/churn_model_deployed.pkl
[2025-08-21T05:16:52.647+0000] {subprocess.py:93} INFO - 2025-08-21 05:16:52,644 INFO Loaded best run ID: 054959b9454048069c7dcb0c15080c16
[2025-08-21T05:16:53.011+0000] {subprocess.py:93} INFO - src/deploy_model.py:57: FutureWarning: ``mlflow.tracking.client.MlflowClient.get_latest_versions`` is deprecated since 2.9.0. Model registry stages will be removed in a future major release. To learn more about the deprecation of model registry stages, see our migration guide here: https://mlflow.org/docs/latest/model-registry.html#migrating-from-stages
[2025-08-21T05:16:53.012+0000] {subprocess.py:93} INFO -   latest_version = client.get_latest_versions(model_name, stages=["None"])
[2025-08-21T05:16:53.013+0000] {subprocess.py:93} INFO - 2025-08-21 05:16:53,010 INFO Latest model version: 4
[2025-08-21T05:16:53.016+0000] {subprocess.py:93} INFO - 2025-08-21 05:16:53,015 INFO Model info saved to deployment/model_info.txt
[2025-08-21T05:16:53.021+0000] {subprocess.py:93} INFO - 2025-08-21 05:16:53,020 INFO Prediction script created at deployment/predict.py
[2025-08-21T05:16:53.032+0000] {subprocess.py:93} INFO - 2025-08-21 05:16:53,031 INFO API endpoint script created at deployment/api.py
[2025-08-21T05:16:53.038+0000] {subprocess.py:93} INFO - 2025-08-21 05:16:53,038 INFO Requirements file created at deployment/requirements.txt
[2025-08-21T05:16:53.047+0000] {subprocess.py:93} INFO - 2025-08-21 05:16:53,046 INFO Deployment summary created at: deployment/deployment_summary.md
[2025-08-21T05:16:53.048+0000] {subprocess.py:93} INFO - 2025-08-21 05:16:53,047 INFO ==================================================
[2025-08-21T05:16:53.049+0000] {subprocess.py:93} INFO - 2025-08-21 05:16:53,048 INFO MODEL DEPLOYMENT SUCCESSFUL!
[2025-08-21T05:16:53.049+0000] {subprocess.py:93} INFO - 2025-08-21 05:16:53,048 INFO ==================================================
[2025-08-21T05:16:53.050+0000] {subprocess.py:93} INFO - 2025-08-21 05:16:53,049 INFO Deployed Model Path: deployment/churn_model_deployed.pkl
[2025-08-21T05:16:53.052+0000] {subprocess.py:93} INFO - 2025-08-21 05:16:53,049 INFO Model Source: mlflow
[2025-08-21T05:16:53.052+0000] {subprocess.py:93} INFO - 2025-08-21 05:16:53,049 INFO Deployment Timestamp: 2025-08-21T05:16:52.644244
[2025-08-21T05:16:53.053+0000] {subprocess.py:93} INFO - 2025-08-21 05:16:53,050 INFO Prediction Script: deployment/predict.py
[2025-08-21T05:16:53.054+0000] {subprocess.py:93} INFO - 2025-08-21 05:16:53,050 INFO ==================================================
[2025-08-21T05:16:53.619+0000] {subprocess.py:97} INFO - Command exited with return code 0
[2025-08-21T05:16:53.706+0000] {taskinstance.py:1149} INFO - Marking task as SUCCESS. dag_id=customer_churn_pipeline, task_id=model_deployment, execution_date=20250820T000000, start_date=20250821T051643, end_date=20250821T051653
[2025-08-21T05:16:53.816+0000] {local_task_job_runner.py:234} INFO - Task exited with return code 0
[2025-08-21T05:16:53.936+0000] {taskinstance.py:3312} INFO - 0 downstream tasks scheduled from follow-on schedule check
