[2025-08-18T21:22:39.295+0000] {taskinstance.py:1979} INFO - Dependencies all met for dep_context=non-requeueable deps ti=<TaskInstance: customer_churn_pipeline.data_preparation manual__2025-08-18T21:22:19.969882+00:00 [queued]>
[2025-08-18T21:22:39.310+0000] {taskinstance.py:1979} INFO - Dependencies all met for dep_context=requeueable deps ti=<TaskInstance: customer_churn_pipeline.data_preparation manual__2025-08-18T21:22:19.969882+00:00 [queued]>
[2025-08-18T21:22:39.312+0000] {taskinstance.py:2193} INFO - Starting attempt 1 of 1
[2025-08-18T21:22:39.332+0000] {taskinstance.py:2217} INFO - Executing <Task(BashOperator): data_preparation> on 2025-08-18 21:22:19.969882+00:00
[2025-08-18T21:22:39.341+0000] {standard_task_runner.py:60} INFO - Started process 2386 to run task
[2025-08-18T21:22:39.346+0000] {standard_task_runner.py:87} INFO - Running: ['***', 'tasks', 'run', 'customer_churn_pipeline', 'data_preparation', 'manual__2025-08-18T21:22:19.969882+00:00', '--job-id', '51', '--raw', '--subdir', 'DAGS_FOLDER/customer_churn_pipeline_dag.py', '--cfg-path', '/tmp/tmphl5r3uz1']
[2025-08-18T21:22:39.350+0000] {standard_task_runner.py:88} INFO - Job 51: Subtask data_preparation
[2025-08-18T21:22:39.417+0000] {task_command.py:423} INFO - Running <TaskInstance: customer_churn_pipeline.data_preparation manual__2025-08-18T21:22:19.969882+00:00 [running]> on host 2e4674d7276b
[2025-08-18T21:22:39.528+0000] {taskinstance.py:2513} INFO - Exporting env vars: AIRFLOW_CTX_DAG_OWNER='***' AIRFLOW_CTX_DAG_ID='customer_churn_pipeline' AIRFLOW_CTX_TASK_ID='data_preparation' AIRFLOW_CTX_EXECUTION_DATE='2025-08-18T21:22:19.969882+00:00' AIRFLOW_CTX_TRY_NUMBER='1' AIRFLOW_CTX_DAG_RUN_ID='manual__2025-08-18T21:22:19.969882+00:00'
[2025-08-18T21:22:39.530+0000] {subprocess.py:63} INFO - Tmp dir root location: /tmp
[2025-08-18T21:22:39.532+0000] {subprocess.py:75} INFO - Running command: ['/usr/bin/bash', '-c', 'cd /opt/***/Customer_Churn_Prediction_Pipeline && python src/preparation.py']
[2025-08-18T21:22:39.548+0000] {subprocess.py:86} INFO - Output:
[2025-08-18T21:22:51.690+0000] {subprocess.py:93} INFO - Loading data...
[2025-08-18T21:22:51.692+0000] {subprocess.py:93} INFO - Encoding binary categorical columns...
[2025-08-18T21:22:51.693+0000] {subprocess.py:93} INFO - Saving processed data...
[2025-08-18T21:22:51.694+0000] {subprocess.py:93} INFO - Combined data saved to data/processed/18-08-2025/Telco-Dataset-combined.csv
[2025-08-18T21:22:51.696+0000] {subprocess.py:93} INFO - Performing EDA...
[2025-08-18T21:22:51.696+0000] {subprocess.py:93} INFO - Processed data and EDA outputs saved in data/processed/18-08-2025
[2025-08-18T21:22:52.026+0000] {subprocess.py:97} INFO - Command exited with return code 0
[2025-08-18T21:22:52.056+0000] {taskinstance.py:1149} INFO - Marking task as SUCCESS. dag_id=customer_churn_pipeline, task_id=data_preparation, execution_date=20250818T212219, start_date=20250818T212239, end_date=20250818T212252
[2025-08-18T21:22:52.102+0000] {local_task_job_runner.py:234} INFO - Task exited with return code 0
[2025-08-18T21:22:52.133+0000] {taskinstance.py:3312} INFO - 1 downstream tasks scheduled from follow-on schedule check
