[2025-08-18T20:39:45.904+0000] {taskinstance.py:1979} INFO - Dependencies all met for dep_context=non-requeueable deps ti=<TaskInstance: customer_churn_pipeline.data_ingestion manual__2025-08-18T20:39:24.887519+00:00 [queued]>
[2025-08-18T20:39:45.917+0000] {taskinstance.py:1979} INFO - Dependencies all met for dep_context=requeueable deps ti=<TaskInstance: customer_churn_pipeline.data_ingestion manual__2025-08-18T20:39:24.887519+00:00 [queued]>
[2025-08-18T20:39:45.919+0000] {taskinstance.py:2193} INFO - Starting attempt 1 of 1
[2025-08-18T20:39:45.938+0000] {taskinstance.py:2217} INFO - Executing <Task(BashOperator): data_ingestion> on 2025-08-18 20:39:24.887519+00:00
[2025-08-18T20:39:45.944+0000] {standard_task_runner.py:60} INFO - Started process 787 to run task
[2025-08-18T20:39:45.948+0000] {standard_task_runner.py:87} INFO - Running: ['***', 'tasks', 'run', 'customer_churn_pipeline', 'data_ingestion', 'manual__2025-08-18T20:39:24.887519+00:00', '--job-id', '16', '--raw', '--subdir', 'DAGS_FOLDER/customer_churn_pipeline_dag.py', '--cfg-path', '/tmp/tmp4t1glked']
[2025-08-18T20:39:45.952+0000] {standard_task_runner.py:88} INFO - Job 16: Subtask data_ingestion
[2025-08-18T20:39:46.027+0000] {task_command.py:423} INFO - Running <TaskInstance: customer_churn_pipeline.data_ingestion manual__2025-08-18T20:39:24.887519+00:00 [running]> on host 2e4674d7276b
[2025-08-18T20:39:46.123+0000] {taskinstance.py:2513} INFO - Exporting env vars: AIRFLOW_CTX_DAG_OWNER='***' AIRFLOW_CTX_DAG_ID='customer_churn_pipeline' AIRFLOW_CTX_TASK_ID='data_ingestion' AIRFLOW_CTX_EXECUTION_DATE='2025-08-18T20:39:24.887519+00:00' AIRFLOW_CTX_TRY_NUMBER='1' AIRFLOW_CTX_DAG_RUN_ID='manual__2025-08-18T20:39:24.887519+00:00'
[2025-08-18T20:39:46.125+0000] {subprocess.py:63} INFO - Tmp dir root location: /tmp
[2025-08-18T20:39:46.127+0000] {subprocess.py:75} INFO - Running command: ['/usr/bin/bash', '-c', 'cd /opt/***/Customer_Churn_Prediction_Pipeline && python src/ingestion.py']
[2025-08-18T20:39:46.139+0000] {subprocess.py:86} INFO - Output:
[2025-08-18T20:39:47.196+0000] {subprocess.py:93} INFO - 2025-08-18 20:39:47,195 INFO --- Data Ingestion Pipeline Started ---
[2025-08-18T20:39:47.207+0000] {subprocess.py:93} INFO - 2025-08-18 20:39:47,206 INFO Starting local data ingestion from data/raw/train/Telco-Dataset-train.csv
[2025-08-18T20:39:47.261+0000] {subprocess.py:93} INFO - 2025-08-18 20:39:47,260 INFO Read 5634 rows from data/raw/train/Telco-Dataset-train.csv
[2025-08-18T20:39:47.374+0000] {subprocess.py:93} INFO - 2025-08-18 20:39:47,373 INFO Local training data ingested and saved to data/raw/training_data/18-08-2025/Telco-Dataset-train.csv (size: 776827 bytes)
[2025-08-18T20:39:47.385+0000] {subprocess.py:93} INFO - 2025-08-18 20:39:47,384 INFO Starting remote data ingestion from https://raw.githubusercontent.com/yugipersonalspace/ML-Assignment-PS3/main/Telco-Dataset-test.csv
[2025-08-18T20:39:47.500+0000] {subprocess.py:93} INFO - 2025-08-18 20:39:47,499 INFO Remote test data downloaded and saved to data/raw/API_test_data/18-08-2025/Telco-Dataset-test.csv (size: 196084 bytes)
[2025-08-18T20:39:47.503+0000] {subprocess.py:93} INFO - 2025-08-18 20:39:47,501 INFO --- Data Ingestion Pipeline Completed Successfully ---
[2025-08-18T20:39:47.596+0000] {subprocess.py:97} INFO - Command exited with return code 0
[2025-08-18T20:39:47.638+0000] {taskinstance.py:1149} INFO - Marking task as SUCCESS. dag_id=customer_churn_pipeline, task_id=data_ingestion, execution_date=20250818T203924, start_date=20250818T203945, end_date=20250818T203947
[2025-08-18T20:39:47.695+0000] {local_task_job_runner.py:234} INFO - Task exited with return code 0
[2025-08-18T20:39:47.735+0000] {taskinstance.py:3312} INFO - 1 downstream tasks scheduled from follow-on schedule check
