[2025-08-19T17:51:38.936+0000] {taskinstance.py:1979} INFO - Dependencies all met for dep_context=non-requeueable deps ti=<TaskInstance: customer_churn_pipeline.data_ingestion manual__2025-08-19T17:51:23.774653+00:00 [queued]>
[2025-08-19T17:51:38.954+0000] {taskinstance.py:1979} INFO - Dependencies all met for dep_context=requeueable deps ti=<TaskInstance: customer_churn_pipeline.data_ingestion manual__2025-08-19T17:51:23.774653+00:00 [queued]>
[2025-08-19T17:51:38.955+0000] {taskinstance.py:2193} INFO - Starting attempt 1 of 1
[2025-08-19T17:51:38.982+0000] {taskinstance.py:2217} INFO - Executing <Task(BashOperator): data_ingestion> on 2025-08-19 17:51:23.774653+00:00
[2025-08-19T17:51:38.993+0000] {standard_task_runner.py:60} INFO - Started process 1100 to run task
[2025-08-19T17:51:39.001+0000] {standard_task_runner.py:87} INFO - Running: ['***', 'tasks', 'run', 'customer_churn_pipeline', 'data_ingestion', 'manual__2025-08-19T17:51:23.774653+00:00', '--job-id', '27', '--raw', '--subdir', 'DAGS_FOLDER/customer_churn_pipeline_dag.py', '--cfg-path', '/tmp/tmpr1x89p_h']
[2025-08-19T17:51:39.007+0000] {standard_task_runner.py:88} INFO - Job 27: Subtask data_ingestion
[2025-08-19T17:51:39.109+0000] {task_command.py:423} INFO - Running <TaskInstance: customer_churn_pipeline.data_ingestion manual__2025-08-19T17:51:23.774653+00:00 [running]> on host dc08f7cf7bac
[2025-08-19T17:51:39.821+0000] {taskinstance.py:2513} INFO - Exporting env vars: AIRFLOW_CTX_DAG_OWNER='***' AIRFLOW_CTX_DAG_ID='customer_churn_pipeline' AIRFLOW_CTX_TASK_ID='data_ingestion' AIRFLOW_CTX_EXECUTION_DATE='2025-08-19T17:51:23.774653+00:00' AIRFLOW_CTX_TRY_NUMBER='1' AIRFLOW_CTX_DAG_RUN_ID='manual__2025-08-19T17:51:23.774653+00:00'
[2025-08-19T17:51:39.872+0000] {subprocess.py:63} INFO - Tmp dir root location: /tmp
[2025-08-19T17:51:39.908+0000] {subprocess.py:75} INFO - Running command: ['/usr/bin/bash', '-c', 'cd /opt/***/Customer_Churn_Prediction_Pipeline && python src/ingestion.py']
[2025-08-19T17:51:40.022+0000] {subprocess.py:86} INFO - Output:
[2025-08-19T17:51:41.441+0000] {subprocess.py:93} INFO - 2025-08-19 17:51:41,440 INFO --- Data Ingestion Pipeline Started ---
[2025-08-19T17:51:41.456+0000] {subprocess.py:93} INFO - 2025-08-19 17:51:41,455 INFO Starting local data ingestion from data/raw/train/Telco-Dataset-train.csv
[2025-08-19T17:51:41.516+0000] {subprocess.py:93} INFO - 2025-08-19 17:51:41,515 INFO Read 5634 rows from data/raw/train/Telco-Dataset-train.csv
[2025-08-19T17:51:41.801+0000] {subprocess.py:93} INFO - 2025-08-19 17:51:41,800 INFO Local training data ingested and saved to data/raw/training_data/19-08-2025/Telco-Dataset-train.csv (size: 776827 bytes)
[2025-08-19T17:51:41.812+0000] {subprocess.py:93} INFO - 2025-08-19 17:51:41,812 INFO Starting remote data ingestion from https://raw.githubusercontent.com/yugipersonalspace/ML-Assignment-PS3/main/Telco-Dataset-test.csv
[2025-08-19T17:51:42.298+0000] {subprocess.py:93} INFO - 2025-08-19 17:51:42,297 INFO Remote test data downloaded and saved to data/raw/API_test_data/19-08-2025/Telco-Dataset-test.csv (size: 196084 bytes)
[2025-08-19T17:51:42.302+0000] {subprocess.py:93} INFO - 2025-08-19 17:51:42,301 INFO --- Data Ingestion Pipeline Completed Successfully ---
[2025-08-19T17:51:42.449+0000] {subprocess.py:97} INFO - Command exited with return code 0
[2025-08-19T17:51:42.506+0000] {taskinstance.py:1149} INFO - Marking task as SUCCESS. dag_id=customer_churn_pipeline, task_id=data_ingestion, execution_date=20250819T175123, start_date=20250819T175138, end_date=20250819T175142
[2025-08-19T17:51:42.574+0000] {local_task_job_runner.py:234} INFO - Task exited with return code 0
[2025-08-19T17:51:42.626+0000] {taskinstance.py:3312} INFO - 1 downstream tasks scheduled from follow-on schedule check
