[2025-08-18T21:06:36.552+0000] {taskinstance.py:1979} INFO - Dependencies all met for dep_context=non-requeueable deps ti=<TaskInstance: customer_churn_pipeline.model_training manual__2025-08-18T21:05:56.718197+00:00 [queued]>
[2025-08-18T21:06:36.561+0000] {taskinstance.py:1979} INFO - Dependencies all met for dep_context=requeueable deps ti=<TaskInstance: customer_churn_pipeline.model_training manual__2025-08-18T21:05:56.718197+00:00 [queued]>
[2025-08-18T21:06:36.562+0000] {taskinstance.py:2193} INFO - Starting attempt 1 of 1
[2025-08-18T21:06:36.573+0000] {taskinstance.py:2217} INFO - Executing <Task(BashOperator): model_training> on 2025-08-18 21:05:56.718197+00:00
[2025-08-18T21:06:36.578+0000] {standard_task_runner.py:60} INFO - Started process 1807 to run task
[2025-08-18T21:06:36.581+0000] {standard_task_runner.py:87} INFO - Running: ['***', 'tasks', 'run', 'customer_churn_pipeline', 'model_training', 'manual__2025-08-18T21:05:56.718197+00:00', '--job-id', '39', '--raw', '--subdir', 'DAGS_FOLDER/customer_churn_pipeline_dag.py', '--cfg-path', '/tmp/tmpl8x12zp4']
[2025-08-18T21:06:36.583+0000] {standard_task_runner.py:88} INFO - Job 39: Subtask model_training
[2025-08-18T21:06:36.629+0000] {task_command.py:423} INFO - Running <TaskInstance: customer_churn_pipeline.model_training manual__2025-08-18T21:05:56.718197+00:00 [running]> on host 2e4674d7276b
[2025-08-18T21:06:36.688+0000] {taskinstance.py:2513} INFO - Exporting env vars: AIRFLOW_CTX_DAG_OWNER='***' AIRFLOW_CTX_DAG_ID='customer_churn_pipeline' AIRFLOW_CTX_TASK_ID='model_training' AIRFLOW_CTX_EXECUTION_DATE='2025-08-18T21:05:56.718197+00:00' AIRFLOW_CTX_TRY_NUMBER='1' AIRFLOW_CTX_DAG_RUN_ID='manual__2025-08-18T21:05:56.718197+00:00'
[2025-08-18T21:06:36.690+0000] {subprocess.py:63} INFO - Tmp dir root location: /tmp
[2025-08-18T21:06:36.691+0000] {subprocess.py:75} INFO - Running command: ['/usr/bin/bash', '-c', 'cd /opt/***/Customer_Churn_Prediction_Pipeline && python src/train_model.py']
[2025-08-18T21:06:36.700+0000] {subprocess.py:86} INFO - Output:
[2025-08-18T21:06:38.847+0000] {subprocess.py:93} INFO - 2025-08-18 21:06:38,846 WARNING Malformed experiment '9f8a2292aea24d39a6b035889d38fb72'. Detailed error Yaml file '/opt/***/Customer_Churn_Prediction_Pipeline/mlruns/9f8a2292aea24d39a6b035889d38fb72/meta.yaml' does not exist.
[2025-08-18T21:06:38.852+0000] {subprocess.py:93} INFO - Traceback (most recent call last):
[2025-08-18T21:06:38.853+0000] {subprocess.py:93} INFO -   File "/home/***/.local/lib/python3.8/site-packages/mlflow/store/tracking/file_store.py", line 327, in search_experiments
[2025-08-18T21:06:38.854+0000] {subprocess.py:93} INFO -     exp = self._get_experiment(exp_id, view_type)
[2025-08-18T21:06:38.855+0000] {subprocess.py:93} INFO -   File "/home/***/.local/lib/python3.8/site-packages/mlflow/store/tracking/file_store.py", line 421, in _get_experiment
[2025-08-18T21:06:38.855+0000] {subprocess.py:93} INFO -     meta = FileStore._read_yaml(experiment_dir, FileStore.META_DATA_FILE_NAME)
[2025-08-18T21:06:38.856+0000] {subprocess.py:93} INFO -   File "/home/***/.local/lib/python3.8/site-packages/mlflow/store/tracking/file_store.py", line 1367, in _read_yaml
[2025-08-18T21:06:38.857+0000] {subprocess.py:93} INFO -     return _read_helper(root, file_name, attempts_remaining=retries)
[2025-08-18T21:06:38.858+0000] {subprocess.py:93} INFO -   File "/home/***/.local/lib/python3.8/site-packages/mlflow/store/tracking/file_store.py", line 1360, in _read_helper
[2025-08-18T21:06:38.858+0000] {subprocess.py:93} INFO -     result = read_yaml(root, file_name)
[2025-08-18T21:06:38.859+0000] {subprocess.py:93} INFO -   File "/home/***/.local/lib/python3.8/site-packages/mlflow/utils/file_utils.py", line 309, in read_yaml
[2025-08-18T21:06:38.860+0000] {subprocess.py:93} INFO -     raise MissingConfigException(f"Yaml file '{file_path}' does not exist.")
[2025-08-18T21:06:38.860+0000] {subprocess.py:93} INFO - mlflow.exceptions.MissingConfigException: Yaml file '/opt/***/Customer_Churn_Prediction_Pipeline/mlruns/9f8a2292aea24d39a6b035889d38fb72/meta.yaml' does not exist.
[2025-08-18T21:06:38.979+0000] {subprocess.py:93} INFO - 2025-08-18 21:06:38,978 WARNING Malformed experiment '9f8a2292aea24d39a6b035889d38fb72'. Detailed error Yaml file '/opt/***/Customer_Churn_Prediction_Pipeline/mlruns/9f8a2292aea24d39a6b035889d38fb72/meta.yaml' does not exist.
[2025-08-18T21:06:38.980+0000] {subprocess.py:93} INFO - Traceback (most recent call last):
[2025-08-18T21:06:38.981+0000] {subprocess.py:93} INFO -   File "/home/***/.local/lib/python3.8/site-packages/mlflow/store/tracking/file_store.py", line 327, in search_experiments
[2025-08-18T21:06:38.981+0000] {subprocess.py:93} INFO -     exp = self._get_experiment(exp_id, view_type)
[2025-08-18T21:06:38.982+0000] {subprocess.py:93} INFO -   File "/home/***/.local/lib/python3.8/site-packages/mlflow/store/tracking/file_store.py", line 421, in _get_experiment
[2025-08-18T21:06:38.983+0000] {subprocess.py:93} INFO -     meta = FileStore._read_yaml(experiment_dir, FileStore.META_DATA_FILE_NAME)
[2025-08-18T21:06:38.984+0000] {subprocess.py:93} INFO -   File "/home/***/.local/lib/python3.8/site-packages/mlflow/store/tracking/file_store.py", line 1367, in _read_yaml
[2025-08-18T21:06:38.985+0000] {subprocess.py:93} INFO -     return _read_helper(root, file_name, attempts_remaining=retries)
[2025-08-18T21:06:38.985+0000] {subprocess.py:93} INFO -   File "/home/***/.local/lib/python3.8/site-packages/mlflow/store/tracking/file_store.py", line 1360, in _read_helper
[2025-08-18T21:06:38.986+0000] {subprocess.py:93} INFO -     result = read_yaml(root, file_name)
[2025-08-18T21:06:38.987+0000] {subprocess.py:93} INFO -   File "/home/***/.local/lib/python3.8/site-packages/mlflow/utils/file_utils.py", line 309, in read_yaml
[2025-08-18T21:06:38.987+0000] {subprocess.py:93} INFO -     raise MissingConfigException(f"Yaml file '{file_path}' does not exist.")
[2025-08-18T21:06:38.988+0000] {subprocess.py:93} INFO - mlflow.exceptions.MissingConfigException: Yaml file '/opt/***/Customer_Churn_Prediction_Pipeline/mlruns/9f8a2292aea24d39a6b035889d38fb72/meta.yaml' does not exist.
[2025-08-18T21:06:38.989+0000] {subprocess.py:93} INFO - 2025-08-18 21:06:38,980 INFO Loading features and target from feature store...
[2025-08-18T21:06:38.989+0000] {subprocess.py:93} INFO - 2025-08-18 21:06:38,980 INFO Connecting to SQLite DB at data/features/churn_features.db
[2025-08-18T21:06:39.001+0000] {subprocess.py:93} INFO - 2025-08-18 21:06:39,001 INFO Available tables: ['churn_features']
[2025-08-18T21:06:39.297+0000] {subprocess.py:93} INFO - 2025-08-18 21:06:39,296 INFO Retrieved 7032 rows and 36 columns from table churn_features
[2025-08-18T21:06:39.299+0000] {subprocess.py:93} INFO - 2025-08-18 21:06:39,299 INFO Found target column 'Churn'. Processing...
[2025-08-18T21:06:39.300+0000] {subprocess.py:93} INFO - 2025-08-18 21:06:39,299 INFO Raw target column stats:
[2025-08-18T21:06:39.301+0000] {subprocess.py:93} INFO - 2025-08-18 21:06:39,299 INFO   - Type: float64
[2025-08-18T21:06:39.302+0000] {subprocess.py:93} INFO - 2025-08-18 21:06:39,300 INFO   - Unique values: [-0.601663392508594, 1.6620589061112205]
[2025-08-18T21:06:39.303+0000] {subprocess.py:93} INFO - 2025-08-18 21:06:39,301 INFO   - Value counts:
[2025-08-18T21:06:39.303+0000] {subprocess.py:93} INFO - -0.601663    5163
[2025-08-18T21:06:39.304+0000] {subprocess.py:93} INFO -  1.662059    1869
[2025-08-18T21:06:39.304+0000] {subprocess.py:93} INFO - Name: Churn, dtype: int64
[2025-08-18T21:06:39.305+0000] {subprocess.py:93} INFO - 2025-08-18 21:06:39,302 INFO Original target values before normalization: -0.601663    5163
[2025-08-18T21:06:39.306+0000] {subprocess.py:93} INFO -  1.662059    1869
[2025-08-18T21:06:39.306+0000] {subprocess.py:93} INFO - Name: Churn, dtype: int64
[2025-08-18T21:06:39.307+0000] {subprocess.py:93} INFO - 2025-08-18 21:06:39,302 INFO Original target dtype: float64
[2025-08-18T21:06:39.308+0000] {subprocess.py:93} INFO - 2025-08-18 21:06:39,302 INFO Unique numeric values in target: [-0.601663392508594, 1.6620589061112205]
[2025-08-18T21:06:39.308+0000] {subprocess.py:93} INFO - 2025-08-18 21:06:39,302 INFO Binary target with values [-0.601663392508594, 1.6620589061112205]. Mapping to (0,1).
[2025-08-18T21:06:39.309+0000] {subprocess.py:93} INFO - 2025-08-18 21:06:39,303 INFO Mapped -0.601663392508594→0, 1.6620589061112205→1
[2025-08-18T21:06:39.310+0000] {subprocess.py:93} INFO - 2025-08-18 21:06:39,304 INFO Final normalized target stats:
[2025-08-18T21:06:39.311+0000] {subprocess.py:93} INFO - 2025-08-18 21:06:39,305 INFO   - Unique values: [0, 1]
[2025-08-18T21:06:39.313+0000] {subprocess.py:93} INFO - 2025-08-18 21:06:39,306 INFO   - Value counts:
[2025-08-18T21:06:39.314+0000] {subprocess.py:93} INFO - 0    5163
[2025-08-18T21:06:39.314+0000] {subprocess.py:93} INFO - 1    1869
[2025-08-18T21:06:39.315+0000] {subprocess.py:93} INFO - Name: Churn, dtype: int64
[2025-08-18T21:06:39.316+0000] {subprocess.py:93} INFO - 2025-08-18 21:06:39,306 INFO Features shape before dtype fix: (7032, 35), Target shape: (7032,)
[2025-08-18T21:06:39.324+0000] {subprocess.py:93} INFO - 2025-08-18 21:06:39,324 INFO Features dtypes after fix:
[2025-08-18T21:06:39.325+0000] {subprocess.py:93} INFO - gender                                   float64
[2025-08-18T21:06:39.326+0000] {subprocess.py:93} INFO - SeniorCitizen                            float64
[2025-08-18T21:06:39.328+0000] {subprocess.py:93} INFO - Partner                                  float64
[2025-08-18T21:06:39.329+0000] {subprocess.py:93} INFO - Dependents                               float64
[2025-08-18T21:06:39.330+0000] {subprocess.py:93} INFO - tenure                                   float64
[2025-08-18T21:06:39.331+0000] {subprocess.py:93} INFO - PhoneService                             float64
[2025-08-18T21:06:39.332+0000] {subprocess.py:93} INFO - PaperlessBilling                         float64
[2025-08-18T21:06:39.333+0000] {subprocess.py:93} INFO - MonthlyCharges                           float64
[2025-08-18T21:06:39.333+0000] {subprocess.py:93} INFO - TotalCharges                             float64
[2025-08-18T21:06:39.334+0000] {subprocess.py:93} INFO - TotalChargesPerTenure                    float64
[2025-08-18T21:06:39.335+0000] {subprocess.py:93} INFO - MultipleLines_No phone service           float64
[2025-08-18T21:06:39.335+0000] {subprocess.py:93} INFO - MultipleLines_Yes                        float64
[2025-08-18T21:06:39.336+0000] {subprocess.py:93} INFO - InternetService_Fiber optic              float64
[2025-08-18T21:06:39.337+0000] {subprocess.py:93} INFO - InternetService_No                       float64
[2025-08-18T21:06:39.337+0000] {subprocess.py:93} INFO - OnlineSecurity_No internet service       float64
[2025-08-18T21:06:39.338+0000] {subprocess.py:93} INFO - OnlineSecurity_Yes                       float64
[2025-08-18T21:06:39.339+0000] {subprocess.py:93} INFO - OnlineBackup_No internet service         float64
[2025-08-18T21:06:39.339+0000] {subprocess.py:93} INFO - OnlineBackup_Yes                         float64
[2025-08-18T21:06:39.340+0000] {subprocess.py:93} INFO - DeviceProtection_No internet service     float64
[2025-08-18T21:06:39.341+0000] {subprocess.py:93} INFO - DeviceProtection_Yes                     float64
[2025-08-18T21:06:39.341+0000] {subprocess.py:93} INFO - TechSupport_No internet service          float64
[2025-08-18T21:06:39.342+0000] {subprocess.py:93} INFO - TechSupport_Yes                          float64
[2025-08-18T21:06:39.343+0000] {subprocess.py:93} INFO - StreamingTV_No internet service          float64
[2025-08-18T21:06:39.344+0000] {subprocess.py:93} INFO - StreamingTV_Yes                          float64
[2025-08-18T21:06:39.345+0000] {subprocess.py:93} INFO - StreamingMovies_No internet service      float64
[2025-08-18T21:06:39.347+0000] {subprocess.py:93} INFO - StreamingMovies_Yes                      float64
[2025-08-18T21:06:39.348+0000] {subprocess.py:93} INFO - Contract_One year                        float64
[2025-08-18T21:06:39.349+0000] {subprocess.py:93} INFO - Contract_Two year                        float64
[2025-08-18T21:06:39.350+0000] {subprocess.py:93} INFO - PaymentMethod_Credit card (automatic)    float64
[2025-08-18T21:06:39.351+0000] {subprocess.py:93} INFO - PaymentMethod_Electronic check           float64
[2025-08-18T21:06:39.352+0000] {subprocess.py:93} INFO - PaymentMethod_Mailed check               float64
[2025-08-18T21:06:39.352+0000] {subprocess.py:93} INFO - TenureGroup_13-24                        float64
[2025-08-18T21:06:39.353+0000] {subprocess.py:93} INFO - TenureGroup_25-48                        float64
[2025-08-18T21:06:39.354+0000] {subprocess.py:93} INFO - TenureGroup_49-60                        float64
[2025-08-18T21:06:39.355+0000] {subprocess.py:93} INFO - TenureGroup_61+                          float64
[2025-08-18T21:06:39.355+0000] {subprocess.py:93} INFO - dtype: object
[2025-08-18T21:06:39.356+0000] {subprocess.py:93} INFO - 2025-08-18 21:06:39,324 INFO Loaded features shape: (7032, 35), target shape: (7032,)
[2025-08-18T21:06:39.357+0000] {subprocess.py:93} INFO - 2025-08-18 21:06:39,324 INFO Unique classes in target: [0 1]
[2025-08-18T21:06:39.357+0000] {subprocess.py:93} INFO - 2025-08-18 21:06:39,324 INFO Class distribution: [5163 1869]
[2025-08-18T21:06:39.358+0000] {subprocess.py:93} INFO - 2025-08-18 21:06:39,325 INFO Original class distribution: {0: 5163, 1: 1869}
[2025-08-18T21:06:39.359+0000] {subprocess.py:93} INFO - 2025-08-18 21:06:39,325 INFO Class imbalance is acceptable (ratio: 2.76). No resampling applied.
[2025-08-18T21:06:39.360+0000] {subprocess.py:93} INFO - 2025-08-18 21:06:39,325 INFO Splitting data into train and test sets (80/20, stratified)...
[2025-08-18T21:06:39.362+0000] {subprocess.py:93} INFO - 2025-08-18 21:06:39,330 INFO Train set class distribution: {0: 4130, 1: 1495}
[2025-08-18T21:06:39.363+0000] {subprocess.py:93} INFO - 2025-08-18 21:06:39,330 INFO Test set class distribution: {0: 1033, 1: 374}
[2025-08-18T21:06:40.620+0000] {subprocess.py:93} INFO - 2025-08-18 21:06:40,619 INFO Training Logistic Regression...
[2025-08-18T21:06:42.146+0000] {subprocess.py:93} INFO - 2025-08-18 21:06:42,146 INFO Logistic Regression recall: 0.7807, accuracy: 0.7306, precision: 0.4958, f1: 0.6064
[2025-08-18T21:06:42.154+0000] {subprocess.py:93} INFO - 2025-08-18 21:06:42,154 INFO Classification report:
[2025-08-18T21:06:42.156+0000] {subprocess.py:93} INFO -               precision    recall  f1-score   support
[2025-08-18T21:06:42.156+0000] {subprocess.py:93} INFO - 
[2025-08-18T21:06:42.157+0000] {subprocess.py:93} INFO -            0       0.90      0.71      0.80      1033
[2025-08-18T21:06:42.158+0000] {subprocess.py:93} INFO -            1       0.50      0.78      0.61       374
[2025-08-18T21:06:42.158+0000] {subprocess.py:93} INFO - 
[2025-08-18T21:06:42.159+0000] {subprocess.py:93} INFO -     accuracy                           0.73      1407
[2025-08-18T21:06:42.159+0000] {subprocess.py:93} INFO -    macro avg       0.70      0.75      0.70      1407
[2025-08-18T21:06:42.160+0000] {subprocess.py:93} INFO - weighted avg       0.79      0.73      0.75      1407
[2025-08-18T21:06:42.161+0000] {subprocess.py:93} INFO - 
[2025-08-18T21:06:43.200+0000] {subprocess.py:93} INFO - 2025-08-18 21:06:43,200 INFO Training Random Forest Classifier...
[2025-08-18T21:06:44.226+0000] {subprocess.py:93} INFO - 2025-08-18 21:06:44,225 INFO Random Forest recall: 0.4733, accuracy: 0.7953, precision: 0.6604, f1: 0.5514
[2025-08-18T21:06:44.232+0000] {subprocess.py:93} INFO - 2025-08-18 21:06:44,231 INFO Classification report:
[2025-08-18T21:06:44.233+0000] {subprocess.py:93} INFO -               precision    recall  f1-score   support
[2025-08-18T21:06:44.233+0000] {subprocess.py:93} INFO - 
[2025-08-18T21:06:44.234+0000] {subprocess.py:93} INFO -            0       0.83      0.91      0.87      1033
[2025-08-18T21:06:44.234+0000] {subprocess.py:93} INFO -            1       0.66      0.47      0.55       374
[2025-08-18T21:06:44.235+0000] {subprocess.py:93} INFO - 
[2025-08-18T21:06:44.235+0000] {subprocess.py:93} INFO -     accuracy                           0.80      1407
[2025-08-18T21:06:44.236+0000] {subprocess.py:93} INFO -    macro avg       0.74      0.69      0.71      1407
[2025-08-18T21:06:44.236+0000] {subprocess.py:93} INFO - weighted avg       0.78      0.80      0.78      1407
[2025-08-18T21:06:44.237+0000] {subprocess.py:93} INFO - 
[2025-08-18T21:06:44.313+0000] {subprocess.py:93} INFO - 2025-08-18 21:06:44,313 INFO Best model (LogisticRegression) saved to models/churn_model.pkl with recall 0.7807
[2025-08-18T21:06:49.220+0000] {subprocess.py:93} INFO - /home/***/.local/lib/python3.8/site-packages/mlflow/types/utils.py:407: UserWarning: Hint: Inferred schema contains integer column(s). Integer columns in Python cannot represent missing values. If your input data contains missing values at inference time, it will be encoded as floats and will cause a schema enforcement error. The best way to avoid this problem is to infer the model schema based on a realistic data sample (training dataset) that includes missing values. Alternatively, you can declare integer columns as doubles (float64) whenever these columns may have missing values. See `Handling Integers With Missing Values <https://www.mlflow.org/docs/latest/models.html#handling-integers-with-missing-values>`_ for more details.
[2025-08-18T21:06:49.221+0000] {subprocess.py:93} INFO -   warnings.warn(
[2025-08-18T21:06:49.222+0000] {subprocess.py:93} INFO - Registered model 'churn_model' already exists. Creating a new version of this model...
[2025-08-18T21:06:49.223+0000] {subprocess.py:93} INFO - Created version '2' of model 'churn_model'.
[2025-08-18T21:06:49.373+0000] {subprocess.py:93} INFO - Downloading artifacts:   0%|          | 0/7 [00:00<?, ?it/s]Downloading artifacts:  14%|█▍        | 1/7 [00:00<00:00, 842.91it/s]Downloading artifacts:  29%|██▊       | 2/7 [00:00<00:00, 428.08it/s]Downloading artifacts:  43%|████▎     | 3/7 [00:00<00:00, 566.24it/s]Downloading artifacts:  57%|█████▋    | 4/7 [00:00<00:00, 704.98it/s]Downloading artifacts:  71%|███████▏  | 5/7 [00:00<00:00, 852.33it/s]Downloading artifacts:  86%|████████▌ | 6/7 [00:00<00:00, 966.21it/s]Downloading artifacts: 100%|██████████| 7/7 [00:00<00:00, 933.91it/s]Downloading artifacts: 100%|██████████| 7/7 [00:00<00:00, 915.82it/s]
[2025-08-18T21:06:49.374+0000] {subprocess.py:93} INFO - 2025-08-18 21:06:49,372 INFO Best model run_id written to /tmp/best_run_id.txt
[2025-08-18T21:06:49.764+0000] {subprocess.py:97} INFO - Command exited with return code 0
[2025-08-18T21:06:49.794+0000] {taskinstance.py:1149} INFO - Marking task as SUCCESS. dag_id=customer_churn_pipeline, task_id=model_training, execution_date=20250818T210556, start_date=20250818T210636, end_date=20250818T210649
[2025-08-18T21:06:49.826+0000] {local_task_job_runner.py:234} INFO - Task exited with return code 0
[2025-08-18T21:06:49.845+0000] {taskinstance.py:3312} INFO - 1 downstream tasks scheduled from follow-on schedule check
