[2025-08-20T17:43:54.820+0000] {processor.py:161} INFO - Started process (PID=169) to work on /opt/airflow/dags/customer_churn_pipeline_dag.py
[2025-08-20T17:43:54.838+0000] {processor.py:830} INFO - Processing file /opt/airflow/dags/customer_churn_pipeline_dag.py for tasks to queue
[2025-08-20T17:43:54.845+0000] {logging_mixin.py:188} INFO - [2025-08-20T17:43:54.843+0000] {dagbag.py:540} INFO - Filling up the DagBag from /opt/airflow/dags/customer_churn_pipeline_dag.py
[2025-08-20T17:43:55.191+0000] {processor.py:840} INFO - DAG(s) 'customer_churn_pipeline' retrieved from /opt/airflow/dags/customer_churn_pipeline_dag.py
[2025-08-20T17:43:57.768+0000] {logging_mixin.py:188} INFO - [2025-08-20T17:43:57.765+0000] {override.py:1769} INFO - Created Permission View: can delete on DAG:customer_churn_pipeline
[2025-08-20T17:43:57.843+0000] {logging_mixin.py:188} INFO - [2025-08-20T17:43:57.841+0000] {override.py:1769} INFO - Created Permission View: can read on DAG:customer_churn_pipeline
[2025-08-20T17:43:57.892+0000] {logging_mixin.py:188} INFO - [2025-08-20T17:43:57.892+0000] {override.py:1769} INFO - Created Permission View: can edit on DAG:customer_churn_pipeline
[2025-08-20T17:43:57.894+0000] {logging_mixin.py:188} INFO - [2025-08-20T17:43:57.893+0000] {dag.py:3047} INFO - Sync 1 DAGs
[2025-08-20T17:43:58.008+0000] {logging_mixin.py:188} INFO - [2025-08-20T17:43:58.007+0000] {dag.py:3069} INFO - Creating ORM DAG for customer_churn_pipeline
[2025-08-20T17:43:58.073+0000] {logging_mixin.py:188} INFO - [2025-08-20T17:43:58.072+0000] {dag.py:3834} INFO - Setting next_dagrun for customer_churn_pipeline to 2025-08-19 00:00:00+00:00, run_after=2025-08-20 00:00:00+00:00
[2025-08-20T17:43:58.209+0000] {processor.py:183} INFO - Processing /opt/airflow/dags/customer_churn_pipeline_dag.py took 3.407 seconds
[2025-08-20T17:44:28.577+0000] {processor.py:161} INFO - Started process (PID=174) to work on /opt/airflow/dags/customer_churn_pipeline_dag.py
[2025-08-20T17:44:28.579+0000] {processor.py:830} INFO - Processing file /opt/airflow/dags/customer_churn_pipeline_dag.py for tasks to queue
[2025-08-20T17:44:28.582+0000] {logging_mixin.py:188} INFO - [2025-08-20T17:44:28.581+0000] {dagbag.py:540} INFO - Filling up the DagBag from /opt/airflow/dags/customer_churn_pipeline_dag.py
[2025-08-20T17:44:28.656+0000] {processor.py:840} INFO - DAG(s) 'customer_churn_pipeline' retrieved from /opt/airflow/dags/customer_churn_pipeline_dag.py
[2025-08-20T17:44:28.781+0000] {logging_mixin.py:188} INFO - [2025-08-20T17:44:28.781+0000] {dag.py:3047} INFO - Sync 1 DAGs
[2025-08-20T17:44:28.839+0000] {logging_mixin.py:188} INFO - [2025-08-20T17:44:28.838+0000] {dag.py:3834} INFO - Setting next_dagrun for customer_churn_pipeline to 2025-08-19 00:00:00+00:00, run_after=2025-08-20 00:00:00+00:00
[2025-08-20T17:44:28.907+0000] {processor.py:183} INFO - Processing /opt/airflow/dags/customer_churn_pipeline_dag.py took 0.356 seconds
[2025-08-20T17:44:59.507+0000] {processor.py:161} INFO - Started process (PID=179) to work on /opt/airflow/dags/customer_churn_pipeline_dag.py
[2025-08-20T17:44:59.509+0000] {processor.py:830} INFO - Processing file /opt/airflow/dags/customer_churn_pipeline_dag.py for tasks to queue
[2025-08-20T17:44:59.516+0000] {logging_mixin.py:188} INFO - [2025-08-20T17:44:59.512+0000] {dagbag.py:540} INFO - Filling up the DagBag from /opt/airflow/dags/customer_churn_pipeline_dag.py
[2025-08-20T17:44:59.600+0000] {processor.py:840} INFO - DAG(s) 'customer_churn_pipeline' retrieved from /opt/airflow/dags/customer_churn_pipeline_dag.py
[2025-08-20T17:44:59.684+0000] {logging_mixin.py:188} INFO - [2025-08-20T17:44:59.683+0000] {dag.py:3047} INFO - Sync 1 DAGs
[2025-08-20T17:44:59.750+0000] {logging_mixin.py:188} INFO - [2025-08-20T17:44:59.749+0000] {dag.py:3834} INFO - Setting next_dagrun for customer_churn_pipeline to 2025-08-19 00:00:00+00:00, run_after=2025-08-20 00:00:00+00:00
[2025-08-20T17:44:59.816+0000] {processor.py:183} INFO - Processing /opt/airflow/dags/customer_churn_pipeline_dag.py took 0.323 seconds
[2025-08-20T17:45:30.282+0000] {processor.py:161} INFO - Started process (PID=184) to work on /opt/airflow/dags/customer_churn_pipeline_dag.py
[2025-08-20T17:45:30.284+0000] {processor.py:830} INFO - Processing file /opt/airflow/dags/customer_churn_pipeline_dag.py for tasks to queue
[2025-08-20T17:45:30.287+0000] {logging_mixin.py:188} INFO - [2025-08-20T17:45:30.286+0000] {dagbag.py:540} INFO - Filling up the DagBag from /opt/airflow/dags/customer_churn_pipeline_dag.py
[2025-08-20T17:45:30.539+0000] {processor.py:840} INFO - DAG(s) 'customer_churn_pipeline' retrieved from /opt/airflow/dags/customer_churn_pipeline_dag.py
[2025-08-20T17:45:30.661+0000] {logging_mixin.py:188} INFO - [2025-08-20T17:45:30.659+0000] {dag.py:3047} INFO - Sync 1 DAGs
[2025-08-20T17:45:30.743+0000] {logging_mixin.py:188} INFO - [2025-08-20T17:45:30.742+0000] {dag.py:3834} INFO - Setting next_dagrun for customer_churn_pipeline to 2025-08-19 00:00:00+00:00, run_after=2025-08-20 00:00:00+00:00
[2025-08-20T17:45:30.816+0000] {processor.py:183} INFO - Processing /opt/airflow/dags/customer_churn_pipeline_dag.py took 0.566 seconds
[2025-08-20T17:46:01.089+0000] {processor.py:161} INFO - Started process (PID=189) to work on /opt/airflow/dags/customer_churn_pipeline_dag.py
[2025-08-20T17:46:01.092+0000] {processor.py:830} INFO - Processing file /opt/airflow/dags/customer_churn_pipeline_dag.py for tasks to queue
[2025-08-20T17:46:01.095+0000] {logging_mixin.py:188} INFO - [2025-08-20T17:46:01.094+0000] {dagbag.py:540} INFO - Filling up the DagBag from /opt/airflow/dags/customer_churn_pipeline_dag.py
[2025-08-20T17:46:01.176+0000] {processor.py:840} INFO - DAG(s) 'customer_churn_pipeline' retrieved from /opt/airflow/dags/customer_churn_pipeline_dag.py
[2025-08-20T17:46:01.325+0000] {logging_mixin.py:188} INFO - [2025-08-20T17:46:01.325+0000] {dag.py:3047} INFO - Sync 1 DAGs
[2025-08-20T17:46:01.426+0000] {logging_mixin.py:188} INFO - [2025-08-20T17:46:01.425+0000] {dag.py:3834} INFO - Setting next_dagrun for customer_churn_pipeline to 2025-08-19 00:00:00+00:00, run_after=2025-08-20 00:00:00+00:00
[2025-08-20T17:46:01.506+0000] {processor.py:183} INFO - Processing /opt/airflow/dags/customer_churn_pipeline_dag.py took 0.431 seconds
[2025-08-20T17:46:32.190+0000] {processor.py:161} INFO - Started process (PID=194) to work on /opt/airflow/dags/customer_churn_pipeline_dag.py
[2025-08-20T17:46:32.196+0000] {processor.py:830} INFO - Processing file /opt/airflow/dags/customer_churn_pipeline_dag.py for tasks to queue
[2025-08-20T17:46:32.206+0000] {logging_mixin.py:188} INFO - [2025-08-20T17:46:32.204+0000] {dagbag.py:540} INFO - Filling up the DagBag from /opt/airflow/dags/customer_churn_pipeline_dag.py
[2025-08-20T17:46:32.492+0000] {processor.py:840} INFO - DAG(s) 'customer_churn_pipeline' retrieved from /opt/airflow/dags/customer_churn_pipeline_dag.py
[2025-08-20T17:46:32.763+0000] {logging_mixin.py:188} INFO - [2025-08-20T17:46:32.754+0000] {dag.py:3047} INFO - Sync 1 DAGs
[2025-08-20T17:46:33.015+0000] {logging_mixin.py:188} INFO - [2025-08-20T17:46:33.014+0000] {dag.py:3834} INFO - Setting next_dagrun for customer_churn_pipeline to 2025-08-19 00:00:00+00:00, run_after=2025-08-20 00:00:00+00:00
[2025-08-20T17:46:33.142+0000] {processor.py:183} INFO - Processing /opt/airflow/dags/customer_churn_pipeline_dag.py took 0.979 seconds
[2025-08-20T17:47:04.366+0000] {processor.py:161} INFO - Started process (PID=199) to work on /opt/airflow/dags/customer_churn_pipeline_dag.py
[2025-08-20T17:47:04.368+0000] {processor.py:830} INFO - Processing file /opt/airflow/dags/customer_churn_pipeline_dag.py for tasks to queue
[2025-08-20T17:47:04.373+0000] {logging_mixin.py:188} INFO - [2025-08-20T17:47:04.372+0000] {dagbag.py:540} INFO - Filling up the DagBag from /opt/airflow/dags/customer_churn_pipeline_dag.py
[2025-08-20T17:47:04.476+0000] {processor.py:840} INFO - DAG(s) 'customer_churn_pipeline' retrieved from /opt/airflow/dags/customer_churn_pipeline_dag.py
[2025-08-20T17:47:04.573+0000] {logging_mixin.py:188} INFO - [2025-08-20T17:47:04.573+0000] {dag.py:3047} INFO - Sync 1 DAGs
[2025-08-20T17:47:04.640+0000] {logging_mixin.py:188} INFO - [2025-08-20T17:47:04.639+0000] {dag.py:3834} INFO - Setting next_dagrun for customer_churn_pipeline to 2025-08-19 00:00:00+00:00, run_after=2025-08-20 00:00:00+00:00
[2025-08-20T17:47:04.705+0000] {processor.py:183} INFO - Processing /opt/airflow/dags/customer_churn_pipeline_dag.py took 0.350 seconds
[2025-08-20T17:47:35.251+0000] {processor.py:161} INFO - Started process (PID=219) to work on /opt/airflow/dags/customer_churn_pipeline_dag.py
[2025-08-20T17:47:35.253+0000] {processor.py:830} INFO - Processing file /opt/airflow/dags/customer_churn_pipeline_dag.py for tasks to queue
[2025-08-20T17:47:35.255+0000] {logging_mixin.py:188} INFO - [2025-08-20T17:47:35.254+0000] {dagbag.py:540} INFO - Filling up the DagBag from /opt/airflow/dags/customer_churn_pipeline_dag.py
[2025-08-20T17:47:35.380+0000] {processor.py:840} INFO - DAG(s) 'customer_churn_pipeline' retrieved from /opt/airflow/dags/customer_churn_pipeline_dag.py
[2025-08-20T17:47:35.545+0000] {logging_mixin.py:188} INFO - [2025-08-20T17:47:35.544+0000] {dag.py:3047} INFO - Sync 1 DAGs
[2025-08-20T17:47:35.712+0000] {logging_mixin.py:188} INFO - [2025-08-20T17:47:35.711+0000] {dag.py:3834} INFO - Setting next_dagrun for customer_churn_pipeline to 2025-08-20 00:00:00+00:00, run_after=2025-08-21 00:00:00+00:00
[2025-08-20T17:47:35.913+0000] {processor.py:183} INFO - Processing /opt/airflow/dags/customer_churn_pipeline_dag.py took 0.693 seconds
[2025-08-20T17:48:08.424+0000] {processor.py:161} INFO - Started process (PID=299) to work on /opt/airflow/dags/customer_churn_pipeline_dag.py
[2025-08-20T17:48:08.471+0000] {processor.py:830} INFO - Processing file /opt/airflow/dags/customer_churn_pipeline_dag.py for tasks to queue
[2025-08-20T17:48:08.491+0000] {logging_mixin.py:188} INFO - [2025-08-20T17:48:08.489+0000] {dagbag.py:540} INFO - Filling up the DagBag from /opt/airflow/dags/customer_churn_pipeline_dag.py
[2025-08-20T17:48:09.228+0000] {processor.py:840} INFO - DAG(s) 'customer_churn_pipeline' retrieved from /opt/airflow/dags/customer_churn_pipeline_dag.py
[2025-08-20T17:48:09.537+0000] {logging_mixin.py:188} INFO - [2025-08-20T17:48:09.536+0000] {dag.py:3047} INFO - Sync 1 DAGs
[2025-08-20T17:48:09.941+0000] {logging_mixin.py:188} INFO - [2025-08-20T17:48:09.940+0000] {dag.py:3834} INFO - Setting next_dagrun for customer_churn_pipeline to 2025-08-20 00:00:00+00:00, run_after=2025-08-21 00:00:00+00:00
[2025-08-20T17:48:10.437+0000] {processor.py:183} INFO - Processing /opt/airflow/dags/customer_churn_pipeline_dag.py took 2.051 seconds
[2025-08-20T17:48:41.815+0000] {processor.py:161} INFO - Started process (PID=326) to work on /opt/airflow/dags/customer_churn_pipeline_dag.py
[2025-08-20T17:48:41.817+0000] {processor.py:830} INFO - Processing file /opt/airflow/dags/customer_churn_pipeline_dag.py for tasks to queue
[2025-08-20T17:48:41.821+0000] {logging_mixin.py:188} INFO - [2025-08-20T17:48:41.819+0000] {dagbag.py:540} INFO - Filling up the DagBag from /opt/airflow/dags/customer_churn_pipeline_dag.py
[2025-08-20T17:48:42.037+0000] {processor.py:840} INFO - DAG(s) 'customer_churn_pipeline' retrieved from /opt/airflow/dags/customer_churn_pipeline_dag.py
[2025-08-20T17:48:42.254+0000] {logging_mixin.py:188} INFO - [2025-08-20T17:48:42.250+0000] {dag.py:3047} INFO - Sync 1 DAGs
[2025-08-20T17:48:42.467+0000] {logging_mixin.py:188} INFO - [2025-08-20T17:48:42.466+0000] {dag.py:3834} INFO - Setting next_dagrun for customer_churn_pipeline to 2025-08-20 00:00:00+00:00, run_after=2025-08-21 00:00:00+00:00
[2025-08-20T17:48:42.620+0000] {processor.py:183} INFO - Processing /opt/airflow/dags/customer_churn_pipeline_dag.py took 0.848 seconds
[2025-08-20T17:49:13.284+0000] {processor.py:161} INFO - Started process (PID=342) to work on /opt/airflow/dags/customer_churn_pipeline_dag.py
[2025-08-20T17:49:13.287+0000] {processor.py:830} INFO - Processing file /opt/airflow/dags/customer_churn_pipeline_dag.py for tasks to queue
[2025-08-20T17:49:13.292+0000] {logging_mixin.py:188} INFO - [2025-08-20T17:49:13.289+0000] {dagbag.py:540} INFO - Filling up the DagBag from /opt/airflow/dags/customer_churn_pipeline_dag.py
[2025-08-20T17:49:13.405+0000] {processor.py:840} INFO - DAG(s) 'customer_churn_pipeline' retrieved from /opt/airflow/dags/customer_churn_pipeline_dag.py
[2025-08-20T17:49:13.570+0000] {logging_mixin.py:188} INFO - [2025-08-20T17:49:13.570+0000] {dag.py:3047} INFO - Sync 1 DAGs
[2025-08-20T17:49:13.679+0000] {logging_mixin.py:188} INFO - [2025-08-20T17:49:13.678+0000] {dag.py:3834} INFO - Setting next_dagrun for customer_churn_pipeline to 2025-08-20 00:00:00+00:00, run_after=2025-08-21 00:00:00+00:00
[2025-08-20T17:49:13.790+0000] {processor.py:183} INFO - Processing /opt/airflow/dags/customer_churn_pipeline_dag.py took 0.539 seconds
[2025-08-20T17:49:44.546+0000] {processor.py:161} INFO - Started process (PID=372) to work on /opt/airflow/dags/customer_churn_pipeline_dag.py
[2025-08-20T17:49:44.560+0000] {processor.py:830} INFO - Processing file /opt/airflow/dags/customer_churn_pipeline_dag.py for tasks to queue
[2025-08-20T17:49:44.572+0000] {logging_mixin.py:188} INFO - [2025-08-20T17:49:44.571+0000] {dagbag.py:540} INFO - Filling up the DagBag from /opt/airflow/dags/customer_churn_pipeline_dag.py
[2025-08-20T17:49:44.909+0000] {processor.py:840} INFO - DAG(s) 'customer_churn_pipeline' retrieved from /opt/airflow/dags/customer_churn_pipeline_dag.py
[2025-08-20T17:49:45.121+0000] {logging_mixin.py:188} INFO - [2025-08-20T17:49:45.120+0000] {dag.py:3047} INFO - Sync 1 DAGs
[2025-08-20T17:49:45.293+0000] {logging_mixin.py:188} INFO - [2025-08-20T17:49:45.284+0000] {dag.py:3834} INFO - Setting next_dagrun for customer_churn_pipeline to 2025-08-20 00:00:00+00:00, run_after=2025-08-21 00:00:00+00:00
[2025-08-20T17:49:45.485+0000] {processor.py:183} INFO - Processing /opt/airflow/dags/customer_churn_pipeline_dag.py took 0.975 seconds
[2025-08-20T17:50:16.549+0000] {processor.py:161} INFO - Started process (PID=400) to work on /opt/airflow/dags/customer_churn_pipeline_dag.py
[2025-08-20T17:50:16.583+0000] {processor.py:830} INFO - Processing file /opt/airflow/dags/customer_churn_pipeline_dag.py for tasks to queue
[2025-08-20T17:50:16.604+0000] {logging_mixin.py:188} INFO - [2025-08-20T17:50:16.593+0000] {dagbag.py:540} INFO - Filling up the DagBag from /opt/airflow/dags/customer_churn_pipeline_dag.py
[2025-08-20T17:50:17.278+0000] {processor.py:840} INFO - DAG(s) 'customer_churn_pipeline' retrieved from /opt/airflow/dags/customer_churn_pipeline_dag.py
[2025-08-20T17:50:17.654+0000] {logging_mixin.py:188} INFO - [2025-08-20T17:50:17.651+0000] {dag.py:3047} INFO - Sync 1 DAGs
[2025-08-20T17:50:18.360+0000] {logging_mixin.py:188} INFO - [2025-08-20T17:50:18.359+0000] {dag.py:3834} INFO - Setting next_dagrun for customer_churn_pipeline to 2025-08-20 00:00:00+00:00, run_after=2025-08-21 00:00:00+00:00
[2025-08-20T17:50:18.527+0000] {processor.py:183} INFO - Processing /opt/airflow/dags/customer_churn_pipeline_dag.py took 2.030 seconds
[2025-08-20T17:50:49.613+0000] {processor.py:161} INFO - Started process (PID=425) to work on /opt/airflow/dags/customer_churn_pipeline_dag.py
[2025-08-20T17:50:49.618+0000] {processor.py:830} INFO - Processing file /opt/airflow/dags/customer_churn_pipeline_dag.py for tasks to queue
[2025-08-20T17:50:49.637+0000] {logging_mixin.py:188} INFO - [2025-08-20T17:50:49.631+0000] {dagbag.py:540} INFO - Filling up the DagBag from /opt/airflow/dags/customer_churn_pipeline_dag.py
[2025-08-20T17:50:51.223+0000] {processor.py:840} INFO - DAG(s) 'customer_churn_pipeline' retrieved from /opt/airflow/dags/customer_churn_pipeline_dag.py
[2025-08-20T17:50:53.064+0000] {logging_mixin.py:188} INFO - [2025-08-20T17:50:53.063+0000] {dag.py:3047} INFO - Sync 1 DAGs
[2025-08-20T17:50:54.557+0000] {logging_mixin.py:188} INFO - [2025-08-20T17:50:54.556+0000] {dag.py:3834} INFO - Setting next_dagrun for customer_churn_pipeline to 2025-08-20 00:00:00+00:00, run_after=2025-08-21 00:00:00+00:00
[2025-08-20T17:50:55.220+0000] {processor.py:183} INFO - Processing /opt/airflow/dags/customer_churn_pipeline_dag.py took 5.627 seconds
[2025-08-20T17:51:26.194+0000] {processor.py:161} INFO - Started process (PID=458) to work on /opt/airflow/dags/customer_churn_pipeline_dag.py
[2025-08-20T17:51:26.209+0000] {processor.py:830} INFO - Processing file /opt/airflow/dags/customer_churn_pipeline_dag.py for tasks to queue
[2025-08-20T17:51:26.228+0000] {logging_mixin.py:188} INFO - [2025-08-20T17:51:26.219+0000] {dagbag.py:540} INFO - Filling up the DagBag from /opt/airflow/dags/customer_churn_pipeline_dag.py
[2025-08-20T17:51:26.550+0000] {processor.py:840} INFO - DAG(s) 'customer_churn_pipeline' retrieved from /opt/airflow/dags/customer_churn_pipeline_dag.py
[2025-08-20T17:51:26.925+0000] {logging_mixin.py:188} INFO - [2025-08-20T17:51:26.925+0000] {dag.py:3047} INFO - Sync 1 DAGs
[2025-08-20T17:51:27.276+0000] {logging_mixin.py:188} INFO - [2025-08-20T17:51:27.274+0000] {dag.py:3834} INFO - Setting next_dagrun for customer_churn_pipeline to 2025-08-20 00:00:00+00:00, run_after=2025-08-21 00:00:00+00:00
[2025-08-20T17:51:27.791+0000] {processor.py:183} INFO - Processing /opt/airflow/dags/customer_churn_pipeline_dag.py took 1.640 seconds
[2025-08-20T17:51:58.990+0000] {processor.py:161} INFO - Started process (PID=463) to work on /opt/airflow/dags/customer_churn_pipeline_dag.py
[2025-08-20T17:51:59.080+0000] {processor.py:830} INFO - Processing file /opt/airflow/dags/customer_churn_pipeline_dag.py for tasks to queue
[2025-08-20T17:51:59.136+0000] {logging_mixin.py:188} INFO - [2025-08-20T17:51:59.136+0000] {dagbag.py:540} INFO - Filling up the DagBag from /opt/airflow/dags/customer_churn_pipeline_dag.py
[2025-08-20T17:52:00.074+0000] {processor.py:840} INFO - DAG(s) 'customer_churn_pipeline' retrieved from /opt/airflow/dags/customer_churn_pipeline_dag.py
[2025-08-20T17:52:00.862+0000] {logging_mixin.py:188} INFO - [2025-08-20T17:52:00.862+0000] {dag.py:3047} INFO - Sync 1 DAGs
[2025-08-20T17:52:02.748+0000] {logging_mixin.py:188} INFO - [2025-08-20T17:52:02.747+0000] {dag.py:3834} INFO - Setting next_dagrun for customer_churn_pipeline to 2025-08-20 00:00:00+00:00, run_after=2025-08-21 00:00:00+00:00
[2025-08-20T17:52:03.683+0000] {processor.py:183} INFO - Processing /opt/airflow/dags/customer_churn_pipeline_dag.py took 4.826 seconds
[2025-08-20T17:52:34.238+0000] {processor.py:161} INFO - Started process (PID=468) to work on /opt/airflow/dags/customer_churn_pipeline_dag.py
[2025-08-20T17:52:34.242+0000] {processor.py:830} INFO - Processing file /opt/airflow/dags/customer_churn_pipeline_dag.py for tasks to queue
[2025-08-20T17:52:34.258+0000] {logging_mixin.py:188} INFO - [2025-08-20T17:52:34.256+0000] {dagbag.py:540} INFO - Filling up the DagBag from /opt/airflow/dags/customer_churn_pipeline_dag.py
[2025-08-20T17:52:34.430+0000] {processor.py:840} INFO - DAG(s) 'customer_churn_pipeline' retrieved from /opt/airflow/dags/customer_churn_pipeline_dag.py
[2025-08-20T17:52:34.705+0000] {logging_mixin.py:188} INFO - [2025-08-20T17:52:34.704+0000] {dag.py:3047} INFO - Sync 1 DAGs
[2025-08-20T17:52:34.901+0000] {logging_mixin.py:188} INFO - [2025-08-20T17:52:34.900+0000] {dag.py:3834} INFO - Setting next_dagrun for customer_churn_pipeline to 2025-08-20 00:00:00+00:00, run_after=2025-08-21 00:00:00+00:00
[2025-08-20T17:52:35.043+0000] {processor.py:183} INFO - Processing /opt/airflow/dags/customer_churn_pipeline_dag.py took 0.830 seconds
[2025-08-20T17:53:05.516+0000] {processor.py:161} INFO - Started process (PID=518) to work on /opt/airflow/dags/customer_churn_pipeline_dag.py
[2025-08-20T17:53:05.519+0000] {processor.py:830} INFO - Processing file /opt/airflow/dags/customer_churn_pipeline_dag.py for tasks to queue
[2025-08-20T17:53:05.526+0000] {logging_mixin.py:188} INFO - [2025-08-20T17:53:05.525+0000] {dagbag.py:540} INFO - Filling up the DagBag from /opt/airflow/dags/customer_churn_pipeline_dag.py
[2025-08-20T17:53:05.722+0000] {processor.py:840} INFO - DAG(s) 'customer_churn_pipeline' retrieved from /opt/airflow/dags/customer_churn_pipeline_dag.py
[2025-08-20T17:53:05.913+0000] {logging_mixin.py:188} INFO - [2025-08-20T17:53:05.912+0000] {dag.py:3047} INFO - Sync 1 DAGs
[2025-08-20T17:53:06.040+0000] {logging_mixin.py:188} INFO - [2025-08-20T17:53:06.039+0000] {dag.py:3834} INFO - Setting next_dagrun for customer_churn_pipeline to 2025-08-20 00:00:00+00:00, run_after=2025-08-21 00:00:00+00:00
[2025-08-20T17:53:06.140+0000] {processor.py:183} INFO - Processing /opt/airflow/dags/customer_churn_pipeline_dag.py took 0.681 seconds
[2025-08-20T17:53:36.336+0000] {processor.py:161} INFO - Started process (PID=553) to work on /opt/airflow/dags/customer_churn_pipeline_dag.py
[2025-08-20T17:53:36.345+0000] {processor.py:830} INFO - Processing file /opt/airflow/dags/customer_churn_pipeline_dag.py for tasks to queue
[2025-08-20T17:53:36.349+0000] {logging_mixin.py:188} INFO - [2025-08-20T17:53:36.348+0000] {dagbag.py:540} INFO - Filling up the DagBag from /opt/airflow/dags/customer_churn_pipeline_dag.py
[2025-08-20T17:53:36.496+0000] {processor.py:840} INFO - DAG(s) 'customer_churn_pipeline' retrieved from /opt/airflow/dags/customer_churn_pipeline_dag.py
[2025-08-20T17:53:36.700+0000] {logging_mixin.py:188} INFO - [2025-08-20T17:53:36.700+0000] {dag.py:3047} INFO - Sync 1 DAGs
[2025-08-20T17:53:36.860+0000] {logging_mixin.py:188} INFO - [2025-08-20T17:53:36.859+0000] {dag.py:3834} INFO - Setting next_dagrun for customer_churn_pipeline to 2025-08-20 00:00:00+00:00, run_after=2025-08-21 00:00:00+00:00
[2025-08-20T17:53:37.009+0000] {processor.py:183} INFO - Processing /opt/airflow/dags/customer_churn_pipeline_dag.py took 0.698 seconds
[2025-08-20T17:54:07.413+0000] {processor.py:161} INFO - Started process (PID=569) to work on /opt/airflow/dags/customer_churn_pipeline_dag.py
[2025-08-20T17:54:07.415+0000] {processor.py:830} INFO - Processing file /opt/airflow/dags/customer_churn_pipeline_dag.py for tasks to queue
[2025-08-20T17:54:07.420+0000] {logging_mixin.py:188} INFO - [2025-08-20T17:54:07.419+0000] {dagbag.py:540} INFO - Filling up the DagBag from /opt/airflow/dags/customer_churn_pipeline_dag.py
[2025-08-20T17:54:07.545+0000] {processor.py:840} INFO - DAG(s) 'customer_churn_pipeline' retrieved from /opt/airflow/dags/customer_churn_pipeline_dag.py
[2025-08-20T17:54:07.669+0000] {logging_mixin.py:188} INFO - [2025-08-20T17:54:07.668+0000] {dag.py:3047} INFO - Sync 1 DAGs
[2025-08-20T17:54:07.877+0000] {logging_mixin.py:188} INFO - [2025-08-20T17:54:07.876+0000] {dag.py:3834} INFO - Setting next_dagrun for customer_churn_pipeline to 2025-08-20 00:00:00+00:00, run_after=2025-08-21 00:00:00+00:00
[2025-08-20T17:54:08.050+0000] {processor.py:183} INFO - Processing /opt/airflow/dags/customer_churn_pipeline_dag.py took 0.663 seconds
[2025-08-20T17:54:39.249+0000] {processor.py:161} INFO - Started process (PID=574) to work on /opt/airflow/dags/customer_churn_pipeline_dag.py
[2025-08-20T17:54:39.259+0000] {processor.py:830} INFO - Processing file /opt/airflow/dags/customer_churn_pipeline_dag.py for tasks to queue
[2025-08-20T17:54:39.263+0000] {logging_mixin.py:188} INFO - [2025-08-20T17:54:39.262+0000] {dagbag.py:540} INFO - Filling up the DagBag from /opt/airflow/dags/customer_churn_pipeline_dag.py
[2025-08-20T17:54:39.723+0000] {processor.py:840} INFO - DAG(s) 'customer_churn_pipeline' retrieved from /opt/airflow/dags/customer_churn_pipeline_dag.py
[2025-08-20T17:54:39.961+0000] {logging_mixin.py:188} INFO - [2025-08-20T17:54:39.954+0000] {dag.py:3047} INFO - Sync 1 DAGs
[2025-08-20T17:54:40.243+0000] {logging_mixin.py:188} INFO - [2025-08-20T17:54:40.242+0000] {dag.py:3834} INFO - Setting next_dagrun for customer_churn_pipeline to 2025-08-20 00:00:00+00:00, run_after=2025-08-21 00:00:00+00:00
[2025-08-20T17:54:40.380+0000] {processor.py:183} INFO - Processing /opt/airflow/dags/customer_churn_pipeline_dag.py took 1.154 seconds
[2025-08-20T17:55:10.832+0000] {processor.py:161} INFO - Started process (PID=579) to work on /opt/airflow/dags/customer_churn_pipeline_dag.py
[2025-08-20T17:55:10.938+0000] {processor.py:830} INFO - Processing file /opt/airflow/dags/customer_churn_pipeline_dag.py for tasks to queue
[2025-08-20T17:55:11.080+0000] {logging_mixin.py:188} INFO - [2025-08-20T17:55:11.079+0000] {dagbag.py:540} INFO - Filling up the DagBag from /opt/airflow/dags/customer_churn_pipeline_dag.py
[2025-08-20T17:55:11.241+0000] {processor.py:840} INFO - DAG(s) 'customer_churn_pipeline' retrieved from /opt/airflow/dags/customer_churn_pipeline_dag.py
[2025-08-20T17:55:11.406+0000] {logging_mixin.py:188} INFO - [2025-08-20T17:55:11.405+0000] {dag.py:3047} INFO - Sync 1 DAGs
[2025-08-20T17:55:11.536+0000] {logging_mixin.py:188} INFO - [2025-08-20T17:55:11.535+0000] {dag.py:3834} INFO - Setting next_dagrun for customer_churn_pipeline to 2025-08-20 00:00:00+00:00, run_after=2025-08-21 00:00:00+00:00
[2025-08-20T17:55:11.620+0000] {processor.py:183} INFO - Processing /opt/airflow/dags/customer_churn_pipeline_dag.py took 0.823 seconds
[2025-08-20T17:55:42.527+0000] {processor.py:161} INFO - Started process (PID=584) to work on /opt/airflow/dags/customer_churn_pipeline_dag.py
[2025-08-20T17:55:42.533+0000] {processor.py:830} INFO - Processing file /opt/airflow/dags/customer_churn_pipeline_dag.py for tasks to queue
[2025-08-20T17:55:42.550+0000] {logging_mixin.py:188} INFO - [2025-08-20T17:55:42.549+0000] {dagbag.py:540} INFO - Filling up the DagBag from /opt/airflow/dags/customer_churn_pipeline_dag.py
[2025-08-20T17:55:42.773+0000] {processor.py:840} INFO - DAG(s) 'customer_churn_pipeline' retrieved from /opt/airflow/dags/customer_churn_pipeline_dag.py
[2025-08-20T17:55:42.934+0000] {logging_mixin.py:188} INFO - [2025-08-20T17:55:42.933+0000] {dag.py:3047} INFO - Sync 1 DAGs
[2025-08-20T17:55:43.100+0000] {logging_mixin.py:188} INFO - [2025-08-20T17:55:43.099+0000] {dag.py:3834} INFO - Setting next_dagrun for customer_churn_pipeline to 2025-08-20 00:00:00+00:00, run_after=2025-08-21 00:00:00+00:00
[2025-08-20T17:55:43.183+0000] {processor.py:183} INFO - Processing /opt/airflow/dags/customer_churn_pipeline_dag.py took 0.693 seconds
[2025-08-20T17:56:13.683+0000] {processor.py:161} INFO - Started process (PID=589) to work on /opt/airflow/dags/customer_churn_pipeline_dag.py
[2025-08-20T17:56:13.692+0000] {processor.py:830} INFO - Processing file /opt/airflow/dags/customer_churn_pipeline_dag.py for tasks to queue
[2025-08-20T17:56:13.697+0000] {logging_mixin.py:188} INFO - [2025-08-20T17:56:13.694+0000] {dagbag.py:540} INFO - Filling up the DagBag from /opt/airflow/dags/customer_churn_pipeline_dag.py
[2025-08-20T17:56:13.856+0000] {processor.py:840} INFO - DAG(s) 'customer_churn_pipeline' retrieved from /opt/airflow/dags/customer_churn_pipeline_dag.py
[2025-08-20T17:56:14.015+0000] {logging_mixin.py:188} INFO - [2025-08-20T17:56:14.014+0000] {dag.py:3047} INFO - Sync 1 DAGs
[2025-08-20T17:56:14.228+0000] {logging_mixin.py:188} INFO - [2025-08-20T17:56:14.227+0000] {dag.py:3834} INFO - Setting next_dagrun for customer_churn_pipeline to 2025-08-20 00:00:00+00:00, run_after=2025-08-21 00:00:00+00:00
[2025-08-20T17:56:14.463+0000] {processor.py:183} INFO - Processing /opt/airflow/dags/customer_churn_pipeline_dag.py took 0.808 seconds
[2025-08-20T17:56:44.811+0000] {processor.py:161} INFO - Started process (PID=594) to work on /opt/airflow/dags/customer_churn_pipeline_dag.py
[2025-08-20T17:56:44.813+0000] {processor.py:830} INFO - Processing file /opt/airflow/dags/customer_churn_pipeline_dag.py for tasks to queue
[2025-08-20T17:56:44.822+0000] {logging_mixin.py:188} INFO - [2025-08-20T17:56:44.816+0000] {dagbag.py:540} INFO - Filling up the DagBag from /opt/airflow/dags/customer_churn_pipeline_dag.py
[2025-08-20T17:56:44.888+0000] {processor.py:840} INFO - DAG(s) 'customer_churn_pipeline' retrieved from /opt/airflow/dags/customer_churn_pipeline_dag.py
[2025-08-20T17:56:44.979+0000] {logging_mixin.py:188} INFO - [2025-08-20T17:56:44.979+0000] {dag.py:3047} INFO - Sync 1 DAGs
[2025-08-20T17:56:45.052+0000] {logging_mixin.py:188} INFO - [2025-08-20T17:56:45.051+0000] {dag.py:3834} INFO - Setting next_dagrun for customer_churn_pipeline to 2025-08-20 00:00:00+00:00, run_after=2025-08-21 00:00:00+00:00
[2025-08-20T17:56:45.122+0000] {processor.py:183} INFO - Processing /opt/airflow/dags/customer_churn_pipeline_dag.py took 0.322 seconds
[2025-08-20T17:57:15.275+0000] {processor.py:161} INFO - Started process (PID=599) to work on /opt/airflow/dags/customer_churn_pipeline_dag.py
[2025-08-20T17:57:15.277+0000] {processor.py:830} INFO - Processing file /opt/airflow/dags/customer_churn_pipeline_dag.py for tasks to queue
[2025-08-20T17:57:15.279+0000] {logging_mixin.py:188} INFO - [2025-08-20T17:57:15.279+0000] {dagbag.py:540} INFO - Filling up the DagBag from /opt/airflow/dags/customer_churn_pipeline_dag.py
[2025-08-20T17:57:15.353+0000] {processor.py:840} INFO - DAG(s) 'customer_churn_pipeline' retrieved from /opt/airflow/dags/customer_churn_pipeline_dag.py
[2025-08-20T17:57:15.447+0000] {logging_mixin.py:188} INFO - [2025-08-20T17:57:15.446+0000] {dag.py:3047} INFO - Sync 1 DAGs
[2025-08-20T17:57:15.514+0000] {logging_mixin.py:188} INFO - [2025-08-20T17:57:15.514+0000] {dag.py:3834} INFO - Setting next_dagrun for customer_churn_pipeline to 2025-08-20 00:00:00+00:00, run_after=2025-08-21 00:00:00+00:00
[2025-08-20T17:57:15.571+0000] {processor.py:183} INFO - Processing /opt/airflow/dags/customer_churn_pipeline_dag.py took 0.315 seconds
[2025-08-20T17:57:46.269+0000] {processor.py:161} INFO - Started process (PID=604) to work on /opt/airflow/dags/customer_churn_pipeline_dag.py
[2025-08-20T17:57:46.276+0000] {processor.py:830} INFO - Processing file /opt/airflow/dags/customer_churn_pipeline_dag.py for tasks to queue
[2025-08-20T17:57:46.281+0000] {logging_mixin.py:188} INFO - [2025-08-20T17:57:46.280+0000] {dagbag.py:540} INFO - Filling up the DagBag from /opt/airflow/dags/customer_churn_pipeline_dag.py
[2025-08-20T17:57:46.399+0000] {processor.py:840} INFO - DAG(s) 'customer_churn_pipeline' retrieved from /opt/airflow/dags/customer_churn_pipeline_dag.py
[2025-08-20T17:57:46.468+0000] {logging_mixin.py:188} INFO - [2025-08-20T17:57:46.467+0000] {dag.py:3047} INFO - Sync 1 DAGs
[2025-08-20T17:57:46.527+0000] {logging_mixin.py:188} INFO - [2025-08-20T17:57:46.526+0000] {dag.py:3834} INFO - Setting next_dagrun for customer_churn_pipeline to 2025-08-20 00:00:00+00:00, run_after=2025-08-21 00:00:00+00:00
[2025-08-20T17:57:46.584+0000] {processor.py:183} INFO - Processing /opt/airflow/dags/customer_churn_pipeline_dag.py took 0.338 seconds
[2025-08-20T17:58:17.597+0000] {processor.py:161} INFO - Started process (PID=609) to work on /opt/airflow/dags/customer_churn_pipeline_dag.py
[2025-08-20T17:58:17.599+0000] {processor.py:830} INFO - Processing file /opt/airflow/dags/customer_churn_pipeline_dag.py for tasks to queue
[2025-08-20T17:58:17.602+0000] {logging_mixin.py:188} INFO - [2025-08-20T17:58:17.602+0000] {dagbag.py:540} INFO - Filling up the DagBag from /opt/airflow/dags/customer_churn_pipeline_dag.py
[2025-08-20T17:58:17.665+0000] {processor.py:840} INFO - DAG(s) 'customer_churn_pipeline' retrieved from /opt/airflow/dags/customer_churn_pipeline_dag.py
[2025-08-20T17:58:17.911+0000] {logging_mixin.py:188} INFO - [2025-08-20T17:58:17.910+0000] {dag.py:3047} INFO - Sync 1 DAGs
[2025-08-20T17:58:18.070+0000] {logging_mixin.py:188} INFO - [2025-08-20T17:58:18.070+0000] {dag.py:3834} INFO - Setting next_dagrun for customer_churn_pipeline to 2025-08-20 00:00:00+00:00, run_after=2025-08-21 00:00:00+00:00
[2025-08-20T17:58:18.133+0000] {processor.py:183} INFO - Processing /opt/airflow/dags/customer_churn_pipeline_dag.py took 0.550 seconds
[2025-08-20T17:58:48.356+0000] {processor.py:161} INFO - Started process (PID=614) to work on /opt/airflow/dags/customer_churn_pipeline_dag.py
[2025-08-20T17:58:48.358+0000] {processor.py:830} INFO - Processing file /opt/airflow/dags/customer_churn_pipeline_dag.py for tasks to queue
[2025-08-20T17:58:48.360+0000] {logging_mixin.py:188} INFO - [2025-08-20T17:58:48.359+0000] {dagbag.py:540} INFO - Filling up the DagBag from /opt/airflow/dags/customer_churn_pipeline_dag.py
[2025-08-20T17:58:48.455+0000] {processor.py:840} INFO - DAG(s) 'customer_churn_pipeline' retrieved from /opt/airflow/dags/customer_churn_pipeline_dag.py
[2025-08-20T17:58:48.539+0000] {logging_mixin.py:188} INFO - [2025-08-20T17:58:48.538+0000] {dag.py:3047} INFO - Sync 1 DAGs
[2025-08-20T17:58:48.614+0000] {logging_mixin.py:188} INFO - [2025-08-20T17:58:48.614+0000] {dag.py:3834} INFO - Setting next_dagrun for customer_churn_pipeline to 2025-08-20 00:00:00+00:00, run_after=2025-08-21 00:00:00+00:00
[2025-08-20T17:58:48.679+0000] {processor.py:183} INFO - Processing /opt/airflow/dags/customer_churn_pipeline_dag.py took 0.342 seconds
[2025-08-20T17:59:19.536+0000] {processor.py:161} INFO - Started process (PID=619) to work on /opt/airflow/dags/customer_churn_pipeline_dag.py
[2025-08-20T17:59:19.541+0000] {processor.py:830} INFO - Processing file /opt/airflow/dags/customer_churn_pipeline_dag.py for tasks to queue
[2025-08-20T17:59:19.548+0000] {logging_mixin.py:188} INFO - [2025-08-20T17:59:19.547+0000] {dagbag.py:540} INFO - Filling up the DagBag from /opt/airflow/dags/customer_churn_pipeline_dag.py
[2025-08-20T17:59:19.624+0000] {processor.py:840} INFO - DAG(s) 'customer_churn_pipeline' retrieved from /opt/airflow/dags/customer_churn_pipeline_dag.py
[2025-08-20T17:59:19.721+0000] {logging_mixin.py:188} INFO - [2025-08-20T17:59:19.720+0000] {dag.py:3047} INFO - Sync 1 DAGs
[2025-08-20T17:59:19.800+0000] {logging_mixin.py:188} INFO - [2025-08-20T17:59:19.800+0000] {dag.py:3834} INFO - Setting next_dagrun for customer_churn_pipeline to 2025-08-20 00:00:00+00:00, run_after=2025-08-21 00:00:00+00:00
[2025-08-20T17:59:19.907+0000] {processor.py:183} INFO - Processing /opt/airflow/dags/customer_churn_pipeline_dag.py took 0.391 seconds
[2025-08-20T17:59:50.780+0000] {processor.py:161} INFO - Started process (PID=624) to work on /opt/airflow/dags/customer_churn_pipeline_dag.py
[2025-08-20T17:59:50.782+0000] {processor.py:830} INFO - Processing file /opt/airflow/dags/customer_churn_pipeline_dag.py for tasks to queue
[2025-08-20T17:59:50.786+0000] {logging_mixin.py:188} INFO - [2025-08-20T17:59:50.784+0000] {dagbag.py:540} INFO - Filling up the DagBag from /opt/airflow/dags/customer_churn_pipeline_dag.py
[2025-08-20T17:59:50.842+0000] {processor.py:840} INFO - DAG(s) 'customer_churn_pipeline' retrieved from /opt/airflow/dags/customer_churn_pipeline_dag.py
[2025-08-20T17:59:50.938+0000] {logging_mixin.py:188} INFO - [2025-08-20T17:59:50.938+0000] {dag.py:3047} INFO - Sync 1 DAGs
[2025-08-20T17:59:51.013+0000] {logging_mixin.py:188} INFO - [2025-08-20T17:59:51.012+0000] {dag.py:3834} INFO - Setting next_dagrun for customer_churn_pipeline to 2025-08-20 00:00:00+00:00, run_after=2025-08-21 00:00:00+00:00
[2025-08-20T17:59:51.076+0000] {processor.py:183} INFO - Processing /opt/airflow/dags/customer_churn_pipeline_dag.py took 0.308 seconds
[2025-08-20T18:00:22.058+0000] {processor.py:161} INFO - Started process (PID=629) to work on /opt/airflow/dags/customer_churn_pipeline_dag.py
[2025-08-20T18:00:22.059+0000] {processor.py:830} INFO - Processing file /opt/airflow/dags/customer_churn_pipeline_dag.py for tasks to queue
[2025-08-20T18:00:22.065+0000] {logging_mixin.py:188} INFO - [2025-08-20T18:00:22.063+0000] {dagbag.py:540} INFO - Filling up the DagBag from /opt/airflow/dags/customer_churn_pipeline_dag.py
[2025-08-20T18:00:22.128+0000] {processor.py:840} INFO - DAG(s) 'customer_churn_pipeline' retrieved from /opt/airflow/dags/customer_churn_pipeline_dag.py
[2025-08-20T18:00:22.186+0000] {logging_mixin.py:188} INFO - [2025-08-20T18:00:22.186+0000] {dag.py:3047} INFO - Sync 1 DAGs
[2025-08-20T18:00:22.247+0000] {logging_mixin.py:188} INFO - [2025-08-20T18:00:22.245+0000] {dag.py:3834} INFO - Setting next_dagrun for customer_churn_pipeline to 2025-08-20 00:00:00+00:00, run_after=2025-08-21 00:00:00+00:00
[2025-08-20T18:00:22.295+0000] {processor.py:183} INFO - Processing /opt/airflow/dags/customer_churn_pipeline_dag.py took 0.255 seconds
[2025-08-20T18:00:53.074+0000] {processor.py:161} INFO - Started process (PID=634) to work on /opt/airflow/dags/customer_churn_pipeline_dag.py
[2025-08-20T18:00:53.076+0000] {processor.py:830} INFO - Processing file /opt/airflow/dags/customer_churn_pipeline_dag.py for tasks to queue
[2025-08-20T18:00:53.080+0000] {logging_mixin.py:188} INFO - [2025-08-20T18:00:53.079+0000] {dagbag.py:540} INFO - Filling up the DagBag from /opt/airflow/dags/customer_churn_pipeline_dag.py
[2025-08-20T18:00:53.147+0000] {processor.py:840} INFO - DAG(s) 'customer_churn_pipeline' retrieved from /opt/airflow/dags/customer_churn_pipeline_dag.py
[2025-08-20T18:00:53.229+0000] {logging_mixin.py:188} INFO - [2025-08-20T18:00:53.228+0000] {dag.py:3047} INFO - Sync 1 DAGs
[2025-08-20T18:00:53.284+0000] {logging_mixin.py:188} INFO - [2025-08-20T18:00:53.283+0000] {dag.py:3834} INFO - Setting next_dagrun for customer_churn_pipeline to 2025-08-20 00:00:00+00:00, run_after=2025-08-21 00:00:00+00:00
[2025-08-20T18:00:53.331+0000] {processor.py:183} INFO - Processing /opt/airflow/dags/customer_churn_pipeline_dag.py took 0.269 seconds
[2025-08-20T18:01:23.540+0000] {processor.py:161} INFO - Started process (PID=639) to work on /opt/airflow/dags/customer_churn_pipeline_dag.py
[2025-08-20T18:01:23.541+0000] {processor.py:830} INFO - Processing file /opt/airflow/dags/customer_churn_pipeline_dag.py for tasks to queue
[2025-08-20T18:01:23.546+0000] {logging_mixin.py:188} INFO - [2025-08-20T18:01:23.545+0000] {dagbag.py:540} INFO - Filling up the DagBag from /opt/airflow/dags/customer_churn_pipeline_dag.py
[2025-08-20T18:01:23.621+0000] {processor.py:840} INFO - DAG(s) 'customer_churn_pipeline' retrieved from /opt/airflow/dags/customer_churn_pipeline_dag.py
[2025-08-20T18:01:23.704+0000] {logging_mixin.py:188} INFO - [2025-08-20T18:01:23.704+0000] {dag.py:3047} INFO - Sync 1 DAGs
[2025-08-20T18:01:23.775+0000] {logging_mixin.py:188} INFO - [2025-08-20T18:01:23.775+0000] {dag.py:3834} INFO - Setting next_dagrun for customer_churn_pipeline to 2025-08-20 00:00:00+00:00, run_after=2025-08-21 00:00:00+00:00
[2025-08-20T18:01:23.848+0000] {processor.py:183} INFO - Processing /opt/airflow/dags/customer_churn_pipeline_dag.py took 0.321 seconds
[2025-08-20T18:01:54.019+0000] {processor.py:161} INFO - Started process (PID=644) to work on /opt/airflow/dags/customer_churn_pipeline_dag.py
[2025-08-20T18:01:54.022+0000] {processor.py:830} INFO - Processing file /opt/airflow/dags/customer_churn_pipeline_dag.py for tasks to queue
[2025-08-20T18:01:54.025+0000] {logging_mixin.py:188} INFO - [2025-08-20T18:01:54.024+0000] {dagbag.py:540} INFO - Filling up the DagBag from /opt/airflow/dags/customer_churn_pipeline_dag.py
[2025-08-20T18:01:54.092+0000] {processor.py:840} INFO - DAG(s) 'customer_churn_pipeline' retrieved from /opt/airflow/dags/customer_churn_pipeline_dag.py
[2025-08-20T18:01:54.170+0000] {logging_mixin.py:188} INFO - [2025-08-20T18:01:54.168+0000] {dag.py:3047} INFO - Sync 1 DAGs
[2025-08-20T18:01:54.221+0000] {logging_mixin.py:188} INFO - [2025-08-20T18:01:54.220+0000] {dag.py:3834} INFO - Setting next_dagrun for customer_churn_pipeline to 2025-08-20 00:00:00+00:00, run_after=2025-08-21 00:00:00+00:00
[2025-08-20T18:01:54.261+0000] {processor.py:183} INFO - Processing /opt/airflow/dags/customer_churn_pipeline_dag.py took 0.254 seconds
[2025-08-20T18:02:25.014+0000] {processor.py:161} INFO - Started process (PID=649) to work on /opt/airflow/dags/customer_churn_pipeline_dag.py
[2025-08-20T18:02:25.016+0000] {processor.py:830} INFO - Processing file /opt/airflow/dags/customer_churn_pipeline_dag.py for tasks to queue
[2025-08-20T18:02:25.019+0000] {logging_mixin.py:188} INFO - [2025-08-20T18:02:25.018+0000] {dagbag.py:540} INFO - Filling up the DagBag from /opt/airflow/dags/customer_churn_pipeline_dag.py
[2025-08-20T18:02:25.094+0000] {processor.py:840} INFO - DAG(s) 'customer_churn_pipeline' retrieved from /opt/airflow/dags/customer_churn_pipeline_dag.py
[2025-08-20T18:02:25.271+0000] {logging_mixin.py:188} INFO - [2025-08-20T18:02:25.270+0000] {dag.py:3047} INFO - Sync 1 DAGs
[2025-08-20T18:02:25.392+0000] {logging_mixin.py:188} INFO - [2025-08-20T18:02:25.391+0000] {dag.py:3834} INFO - Setting next_dagrun for customer_churn_pipeline to 2025-08-20 00:00:00+00:00, run_after=2025-08-21 00:00:00+00:00
[2025-08-20T18:02:25.471+0000] {processor.py:183} INFO - Processing /opt/airflow/dags/customer_churn_pipeline_dag.py took 0.471 seconds
[2025-08-20T18:02:55.734+0000] {processor.py:161} INFO - Started process (PID=654) to work on /opt/airflow/dags/customer_churn_pipeline_dag.py
[2025-08-20T18:02:55.739+0000] {processor.py:830} INFO - Processing file /opt/airflow/dags/customer_churn_pipeline_dag.py for tasks to queue
[2025-08-20T18:02:55.742+0000] {logging_mixin.py:188} INFO - [2025-08-20T18:02:55.740+0000] {dagbag.py:540} INFO - Filling up the DagBag from /opt/airflow/dags/customer_churn_pipeline_dag.py
[2025-08-20T18:02:55.816+0000] {processor.py:840} INFO - DAG(s) 'customer_churn_pipeline' retrieved from /opt/airflow/dags/customer_churn_pipeline_dag.py
[2025-08-20T18:02:55.880+0000] {logging_mixin.py:188} INFO - [2025-08-20T18:02:55.879+0000] {dag.py:3047} INFO - Sync 1 DAGs
[2025-08-20T18:02:55.931+0000] {logging_mixin.py:188} INFO - [2025-08-20T18:02:55.930+0000] {dag.py:3834} INFO - Setting next_dagrun for customer_churn_pipeline to 2025-08-20 00:00:00+00:00, run_after=2025-08-21 00:00:00+00:00
[2025-08-20T18:02:55.971+0000] {processor.py:183} INFO - Processing /opt/airflow/dags/customer_churn_pipeline_dag.py took 0.257 seconds
[2025-08-20T18:03:26.130+0000] {processor.py:161} INFO - Started process (PID=659) to work on /opt/airflow/dags/customer_churn_pipeline_dag.py
[2025-08-20T18:03:26.134+0000] {processor.py:830} INFO - Processing file /opt/airflow/dags/customer_churn_pipeline_dag.py for tasks to queue
[2025-08-20T18:03:26.138+0000] {logging_mixin.py:188} INFO - [2025-08-20T18:03:26.137+0000] {dagbag.py:540} INFO - Filling up the DagBag from /opt/airflow/dags/customer_churn_pipeline_dag.py
[2025-08-20T18:03:26.222+0000] {processor.py:840} INFO - DAG(s) 'customer_churn_pipeline' retrieved from /opt/airflow/dags/customer_churn_pipeline_dag.py
[2025-08-20T18:03:26.310+0000] {logging_mixin.py:188} INFO - [2025-08-20T18:03:26.310+0000] {dag.py:3047} INFO - Sync 1 DAGs
[2025-08-20T18:03:26.380+0000] {logging_mixin.py:188} INFO - [2025-08-20T18:03:26.380+0000] {dag.py:3834} INFO - Setting next_dagrun for customer_churn_pipeline to 2025-08-20 00:00:00+00:00, run_after=2025-08-21 00:00:00+00:00
[2025-08-20T18:03:26.434+0000] {processor.py:183} INFO - Processing /opt/airflow/dags/customer_churn_pipeline_dag.py took 0.322 seconds
[2025-08-20T18:03:56.624+0000] {processor.py:161} INFO - Started process (PID=664) to work on /opt/airflow/dags/customer_churn_pipeline_dag.py
[2025-08-20T18:03:56.626+0000] {processor.py:830} INFO - Processing file /opt/airflow/dags/customer_churn_pipeline_dag.py for tasks to queue
[2025-08-20T18:03:56.628+0000] {logging_mixin.py:188} INFO - [2025-08-20T18:03:56.628+0000] {dagbag.py:540} INFO - Filling up the DagBag from /opt/airflow/dags/customer_churn_pipeline_dag.py
[2025-08-20T18:03:56.724+0000] {processor.py:840} INFO - DAG(s) 'customer_churn_pipeline' retrieved from /opt/airflow/dags/customer_churn_pipeline_dag.py
[2025-08-20T18:03:56.799+0000] {logging_mixin.py:188} INFO - [2025-08-20T18:03:56.798+0000] {dag.py:3047} INFO - Sync 1 DAGs
[2025-08-20T18:03:56.849+0000] {logging_mixin.py:188} INFO - [2025-08-20T18:03:56.848+0000] {dag.py:3834} INFO - Setting next_dagrun for customer_churn_pipeline to 2025-08-20 00:00:00+00:00, run_after=2025-08-21 00:00:00+00:00
[2025-08-20T18:03:56.900+0000] {processor.py:183} INFO - Processing /opt/airflow/dags/customer_churn_pipeline_dag.py took 0.291 seconds
[2025-08-20T18:04:27.730+0000] {processor.py:161} INFO - Started process (PID=669) to work on /opt/airflow/dags/customer_churn_pipeline_dag.py
[2025-08-20T18:04:27.734+0000] {processor.py:830} INFO - Processing file /opt/airflow/dags/customer_churn_pipeline_dag.py for tasks to queue
[2025-08-20T18:04:27.738+0000] {logging_mixin.py:188} INFO - [2025-08-20T18:04:27.737+0000] {dagbag.py:540} INFO - Filling up the DagBag from /opt/airflow/dags/customer_churn_pipeline_dag.py
[2025-08-20T18:04:27.828+0000] {processor.py:840} INFO - DAG(s) 'customer_churn_pipeline' retrieved from /opt/airflow/dags/customer_churn_pipeline_dag.py
[2025-08-20T18:04:27.918+0000] {logging_mixin.py:188} INFO - [2025-08-20T18:04:27.918+0000] {dag.py:3047} INFO - Sync 1 DAGs
[2025-08-20T18:04:28.064+0000] {logging_mixin.py:188} INFO - [2025-08-20T18:04:28.063+0000] {dag.py:3834} INFO - Setting next_dagrun for customer_churn_pipeline to 2025-08-20 00:00:00+00:00, run_after=2025-08-21 00:00:00+00:00
[2025-08-20T18:04:28.144+0000] {processor.py:183} INFO - Processing /opt/airflow/dags/customer_churn_pipeline_dag.py took 0.430 seconds
[2025-08-20T18:04:58.895+0000] {processor.py:161} INFO - Started process (PID=674) to work on /opt/airflow/dags/customer_churn_pipeline_dag.py
[2025-08-20T18:04:58.897+0000] {processor.py:830} INFO - Processing file /opt/airflow/dags/customer_churn_pipeline_dag.py for tasks to queue
[2025-08-20T18:04:58.900+0000] {logging_mixin.py:188} INFO - [2025-08-20T18:04:58.899+0000] {dagbag.py:540} INFO - Filling up the DagBag from /opt/airflow/dags/customer_churn_pipeline_dag.py
[2025-08-20T18:04:58.964+0000] {processor.py:840} INFO - DAG(s) 'customer_churn_pipeline' retrieved from /opt/airflow/dags/customer_churn_pipeline_dag.py
[2025-08-20T18:04:59.043+0000] {logging_mixin.py:188} INFO - [2025-08-20T18:04:59.042+0000] {dag.py:3047} INFO - Sync 1 DAGs
[2025-08-20T18:04:59.121+0000] {logging_mixin.py:188} INFO - [2025-08-20T18:04:59.120+0000] {dag.py:3834} INFO - Setting next_dagrun for customer_churn_pipeline to 2025-08-20 00:00:00+00:00, run_after=2025-08-21 00:00:00+00:00
[2025-08-20T18:04:59.175+0000] {processor.py:183} INFO - Processing /opt/airflow/dags/customer_churn_pipeline_dag.py took 0.294 seconds
[2025-08-20T18:05:30.211+0000] {processor.py:161} INFO - Started process (PID=679) to work on /opt/airflow/dags/customer_churn_pipeline_dag.py
[2025-08-20T18:05:30.213+0000] {processor.py:830} INFO - Processing file /opt/airflow/dags/customer_churn_pipeline_dag.py for tasks to queue
[2025-08-20T18:05:30.215+0000] {logging_mixin.py:188} INFO - [2025-08-20T18:05:30.214+0000] {dagbag.py:540} INFO - Filling up the DagBag from /opt/airflow/dags/customer_churn_pipeline_dag.py
[2025-08-20T18:05:30.290+0000] {processor.py:840} INFO - DAG(s) 'customer_churn_pipeline' retrieved from /opt/airflow/dags/customer_churn_pipeline_dag.py
[2025-08-20T18:05:30.376+0000] {logging_mixin.py:188} INFO - [2025-08-20T18:05:30.376+0000] {dag.py:3047} INFO - Sync 1 DAGs
[2025-08-20T18:05:30.456+0000] {logging_mixin.py:188} INFO - [2025-08-20T18:05:30.455+0000] {dag.py:3834} INFO - Setting next_dagrun for customer_churn_pipeline to 2025-08-20 00:00:00+00:00, run_after=2025-08-21 00:00:00+00:00
[2025-08-20T18:05:30.537+0000] {processor.py:183} INFO - Processing /opt/airflow/dags/customer_churn_pipeline_dag.py took 0.338 seconds
[2025-08-20T18:06:01.114+0000] {processor.py:161} INFO - Started process (PID=684) to work on /opt/airflow/dags/customer_churn_pipeline_dag.py
[2025-08-20T18:06:01.115+0000] {processor.py:830} INFO - Processing file /opt/airflow/dags/customer_churn_pipeline_dag.py for tasks to queue
[2025-08-20T18:06:01.118+0000] {logging_mixin.py:188} INFO - [2025-08-20T18:06:01.117+0000] {dagbag.py:540} INFO - Filling up the DagBag from /opt/airflow/dags/customer_churn_pipeline_dag.py
[2025-08-20T18:06:01.191+0000] {processor.py:840} INFO - DAG(s) 'customer_churn_pipeline' retrieved from /opt/airflow/dags/customer_churn_pipeline_dag.py
[2025-08-20T18:06:01.271+0000] {logging_mixin.py:188} INFO - [2025-08-20T18:06:01.270+0000] {dag.py:3047} INFO - Sync 1 DAGs
[2025-08-20T18:06:01.319+0000] {logging_mixin.py:188} INFO - [2025-08-20T18:06:01.318+0000] {dag.py:3834} INFO - Setting next_dagrun for customer_churn_pipeline to 2025-08-20 00:00:00+00:00, run_after=2025-08-21 00:00:00+00:00
[2025-08-20T18:06:01.367+0000] {processor.py:183} INFO - Processing /opt/airflow/dags/customer_churn_pipeline_dag.py took 0.264 seconds
[2025-08-20T18:06:32.133+0000] {processor.py:161} INFO - Started process (PID=689) to work on /opt/airflow/dags/customer_churn_pipeline_dag.py
[2025-08-20T18:06:32.135+0000] {processor.py:830} INFO - Processing file /opt/airflow/dags/customer_churn_pipeline_dag.py for tasks to queue
[2025-08-20T18:06:32.137+0000] {logging_mixin.py:188} INFO - [2025-08-20T18:06:32.136+0000] {dagbag.py:540} INFO - Filling up the DagBag from /opt/airflow/dags/customer_churn_pipeline_dag.py
[2025-08-20T18:06:32.206+0000] {processor.py:840} INFO - DAG(s) 'customer_churn_pipeline' retrieved from /opt/airflow/dags/customer_churn_pipeline_dag.py
[2025-08-20T18:06:32.288+0000] {logging_mixin.py:188} INFO - [2025-08-20T18:06:32.287+0000] {dag.py:3047} INFO - Sync 1 DAGs
[2025-08-20T18:06:32.382+0000] {logging_mixin.py:188} INFO - [2025-08-20T18:06:32.381+0000] {dag.py:3834} INFO - Setting next_dagrun for customer_churn_pipeline to 2025-08-20 00:00:00+00:00, run_after=2025-08-21 00:00:00+00:00
[2025-08-20T18:06:32.448+0000] {processor.py:183} INFO - Processing /opt/airflow/dags/customer_churn_pipeline_dag.py took 0.334 seconds
[2025-08-20T18:07:02.834+0000] {processor.py:161} INFO - Started process (PID=694) to work on /opt/airflow/dags/customer_churn_pipeline_dag.py
[2025-08-20T18:07:02.836+0000] {processor.py:830} INFO - Processing file /opt/airflow/dags/customer_churn_pipeline_dag.py for tasks to queue
[2025-08-20T18:07:02.840+0000] {logging_mixin.py:188} INFO - [2025-08-20T18:07:02.839+0000] {dagbag.py:540} INFO - Filling up the DagBag from /opt/airflow/dags/customer_churn_pipeline_dag.py
[2025-08-20T18:07:02.905+0000] {processor.py:840} INFO - DAG(s) 'customer_churn_pipeline' retrieved from /opt/airflow/dags/customer_churn_pipeline_dag.py
[2025-08-20T18:07:02.988+0000] {logging_mixin.py:188} INFO - [2025-08-20T18:07:02.988+0000] {dag.py:3047} INFO - Sync 1 DAGs
[2025-08-20T18:07:03.047+0000] {logging_mixin.py:188} INFO - [2025-08-20T18:07:03.046+0000] {dag.py:3834} INFO - Setting next_dagrun for customer_churn_pipeline to 2025-08-20 00:00:00+00:00, run_after=2025-08-21 00:00:00+00:00
[2025-08-20T18:07:03.098+0000] {processor.py:183} INFO - Processing /opt/airflow/dags/customer_churn_pipeline_dag.py took 0.276 seconds
[2025-08-20T18:07:34.019+0000] {processor.py:161} INFO - Started process (PID=699) to work on /opt/airflow/dags/customer_churn_pipeline_dag.py
[2025-08-20T18:07:34.024+0000] {processor.py:830} INFO - Processing file /opt/airflow/dags/customer_churn_pipeline_dag.py for tasks to queue
[2025-08-20T18:07:34.037+0000] {logging_mixin.py:188} INFO - [2025-08-20T18:07:34.036+0000] {dagbag.py:540} INFO - Filling up the DagBag from /opt/airflow/dags/customer_churn_pipeline_dag.py
[2025-08-20T18:07:34.152+0000] {processor.py:840} INFO - DAG(s) 'customer_churn_pipeline' retrieved from /opt/airflow/dags/customer_churn_pipeline_dag.py
[2025-08-20T18:07:34.231+0000] {logging_mixin.py:188} INFO - [2025-08-20T18:07:34.231+0000] {dag.py:3047} INFO - Sync 1 DAGs
[2025-08-20T18:07:34.302+0000] {logging_mixin.py:188} INFO - [2025-08-20T18:07:34.301+0000] {dag.py:3834} INFO - Setting next_dagrun for customer_churn_pipeline to 2025-08-20 00:00:00+00:00, run_after=2025-08-21 00:00:00+00:00
[2025-08-20T18:07:34.345+0000] {processor.py:183} INFO - Processing /opt/airflow/dags/customer_churn_pipeline_dag.py took 0.345 seconds
