[2025-08-20T17:48:26.550+0000] {taskinstance.py:1979} INFO - Dependencies all met for dep_context=non-requeueable deps ti=<TaskInstance: customer_churn_pipeline.data_preparation manual__2025-08-20T17:47:18.117501+00:00 [queued]>
[2025-08-20T17:48:26.613+0000] {taskinstance.py:1979} INFO - Dependencies all met for dep_context=requeueable deps ti=<TaskInstance: customer_churn_pipeline.data_preparation manual__2025-08-20T17:47:18.117501+00:00 [queued]>
[2025-08-20T17:48:26.623+0000] {taskinstance.py:2193} INFO - Starting attempt 1 of 1
[2025-08-20T17:48:27.057+0000] {taskinstance.py:2217} INFO - Executing <Task(BashOperator): data_preparation> on 2025-08-20 17:47:18.117501+00:00
[2025-08-20T17:48:27.089+0000] {standard_task_runner.py:60} INFO - Started process 316 to run task
[2025-08-20T17:48:27.106+0000] {standard_task_runner.py:87} INFO - Running: ['***', 'tasks', 'run', 'customer_churn_pipeline', 'data_preparation', 'manual__2025-08-20T17:47:18.117501+00:00', '--job-id', '9', '--raw', '--subdir', 'DAGS_FOLDER/customer_churn_pipeline_dag.py', '--cfg-path', '/tmp/tmpwi46ub6d']
[2025-08-20T17:48:27.139+0000] {standard_task_runner.py:88} INFO - Job 9: Subtask data_preparation
[2025-08-20T17:48:27.780+0000] {task_command.py:423} INFO - Running <TaskInstance: customer_churn_pipeline.data_preparation manual__2025-08-20T17:47:18.117501+00:00 [running]> on host bd9202be787f
[2025-08-20T17:48:28.901+0000] {taskinstance.py:2513} INFO - Exporting env vars: AIRFLOW_CTX_DAG_OWNER='***' AIRFLOW_CTX_DAG_ID='customer_churn_pipeline' AIRFLOW_CTX_TASK_ID='data_preparation' AIRFLOW_CTX_EXECUTION_DATE='2025-08-20T17:47:18.117501+00:00' AIRFLOW_CTX_TRY_NUMBER='1' AIRFLOW_CTX_DAG_RUN_ID='manual__2025-08-20T17:47:18.117501+00:00'
[2025-08-20T17:48:29.067+0000] {subprocess.py:63} INFO - Tmp dir root location: /tmp
[2025-08-20T17:48:29.117+0000] {subprocess.py:75} INFO - Running command: ['/usr/bin/bash', '-c', 'cd /opt/***/Customer_Churn_Prediction_Pipeline && python src/preparation.py']
[2025-08-20T17:48:29.550+0000] {subprocess.py:86} INFO - Output:
[2025-08-20T17:49:21.417+0000] {subprocess.py:93} INFO - Loading data...
[2025-08-20T17:49:21.419+0000] {subprocess.py:93} INFO - Encoding binary categorical columns...
[2025-08-20T17:49:21.420+0000] {subprocess.py:93} INFO - Saving processed data...
[2025-08-20T17:49:21.431+0000] {subprocess.py:93} INFO - Combined data saved to data/processed/20-08-2025/Telco-Dataset-combined.csv
[2025-08-20T17:49:21.438+0000] {subprocess.py:93} INFO - Performing EDA...
[2025-08-20T17:49:21.443+0000] {subprocess.py:93} INFO - Processed data and EDA outputs saved in data/processed/20-08-2025
[2025-08-20T17:49:19.188+0000] {subprocess.py:97} INFO - Command exited with return code 0
[2025-08-20T17:49:19.272+0000] {taskinstance.py:1149} INFO - Marking task as SUCCESS. dag_id=customer_churn_pipeline, task_id=data_preparation, execution_date=20250820T174718, start_date=20250820T174826, end_date=20250820T174919
[2025-08-20T17:49:19.348+0000] {local_task_job_runner.py:234} INFO - Task exited with return code 0
[2025-08-20T17:49:19.421+0000] {taskinstance.py:3312} INFO - 1 downstream tasks scheduled from follow-on schedule check
