[2025-08-19T17:45:51.583+0000] {taskinstance.py:1979} INFO - Dependencies all met for dep_context=non-requeueable deps ti=<TaskInstance: customer_churn_pipeline.data_ingestion manual__2025-08-19T17:45:38.225122+00:00 [queued]>
[2025-08-19T17:45:51.602+0000] {taskinstance.py:1979} INFO - Dependencies all met for dep_context=requeueable deps ti=<TaskInstance: customer_churn_pipeline.data_ingestion manual__2025-08-19T17:45:38.225122+00:00 [queued]>
[2025-08-19T17:45:51.604+0000] {taskinstance.py:2193} INFO - Starting attempt 1 of 1
[2025-08-19T17:45:51.631+0000] {taskinstance.py:2217} INFO - Executing <Task(BashOperator): data_ingestion> on 2025-08-19 17:45:38.225122+00:00
[2025-08-19T17:45:51.641+0000] {standard_task_runner.py:60} INFO - Started process 894 to run task
[2025-08-19T17:45:51.651+0000] {standard_task_runner.py:87} INFO - Running: ['***', 'tasks', 'run', 'customer_churn_pipeline', 'data_ingestion', 'manual__2025-08-19T17:45:38.225122+00:00', '--job-id', '18', '--raw', '--subdir', 'DAGS_FOLDER/customer_churn_pipeline_dag.py', '--cfg-path', '/tmp/tmpc083f9pk']
[2025-08-19T17:45:51.657+0000] {standard_task_runner.py:88} INFO - Job 18: Subtask data_ingestion
[2025-08-19T17:45:51.868+0000] {task_command.py:423} INFO - Running <TaskInstance: customer_churn_pipeline.data_ingestion manual__2025-08-19T17:45:38.225122+00:00 [running]> on host dc08f7cf7bac
[2025-08-19T17:45:52.102+0000] {taskinstance.py:2513} INFO - Exporting env vars: AIRFLOW_CTX_DAG_OWNER='***' AIRFLOW_CTX_DAG_ID='customer_churn_pipeline' AIRFLOW_CTX_TASK_ID='data_ingestion' AIRFLOW_CTX_EXECUTION_DATE='2025-08-19T17:45:38.225122+00:00' AIRFLOW_CTX_TRY_NUMBER='1' AIRFLOW_CTX_DAG_RUN_ID='manual__2025-08-19T17:45:38.225122+00:00'
[2025-08-19T17:45:52.105+0000] {subprocess.py:63} INFO - Tmp dir root location: /tmp
[2025-08-19T17:45:52.113+0000] {subprocess.py:75} INFO - Running command: ['/usr/bin/bash', '-c', 'cd /opt/***/Customer_Churn_Prediction_Pipeline && python src/ingestion.py']
[2025-08-19T17:45:52.145+0000] {subprocess.py:86} INFO - Output:
[2025-08-19T17:45:53.420+0000] {subprocess.py:93} INFO - 2025-08-19 17:45:53,419 INFO --- Data Ingestion Pipeline Started ---
[2025-08-19T17:45:53.458+0000] {subprocess.py:93} INFO - 2025-08-19 17:45:53,457 INFO Starting local data ingestion from data/raw/train/Telco-Dataset-train.csv
[2025-08-19T17:45:53.755+0000] {subprocess.py:93} INFO - 2025-08-19 17:45:53,741 INFO Read 5634 rows from data/raw/train/Telco-Dataset-train.csv
[2025-08-19T17:45:54.057+0000] {subprocess.py:93} INFO - 2025-08-19 17:45:54,056 INFO Local training data ingested and saved to data/raw/training_data/19-08-2025/Telco-Dataset-train.csv (size: 776827 bytes)
[2025-08-19T17:45:54.082+0000] {subprocess.py:93} INFO - 2025-08-19 17:45:54,082 INFO Starting remote data ingestion from https://raw.githubusercontent.com/yugipersonalspace/ML-Assignment-PS3/main/Telco-Dataset-test.csv
[2025-08-19T17:45:54.771+0000] {subprocess.py:93} INFO - 2025-08-19 17:45:54,770 INFO Remote test data downloaded and saved to data/raw/API_test_data/19-08-2025/Telco-Dataset-test.csv (size: 196084 bytes)
[2025-08-19T17:45:54.778+0000] {subprocess.py:93} INFO - 2025-08-19 17:45:54,776 INFO --- Data Ingestion Pipeline Completed Successfully ---
[2025-08-19T17:45:54.889+0000] {subprocess.py:97} INFO - Command exited with return code 0
[2025-08-19T17:45:54.945+0000] {taskinstance.py:1149} INFO - Marking task as SUCCESS. dag_id=customer_churn_pipeline, task_id=data_ingestion, execution_date=20250819T174538, start_date=20250819T174551, end_date=20250819T174554
[2025-08-19T17:45:54.980+0000] {local_task_job_runner.py:234} INFO - Task exited with return code 0
[2025-08-19T17:45:55.031+0000] {taskinstance.py:3312} INFO - 1 downstream tasks scheduled from follow-on schedule check
