[2025-08-20T17:52:40.784+0000] {taskinstance.py:1979} INFO - Dependencies all met for dep_context=non-requeueable deps ti=<TaskInstance: customer_churn_pipeline.dvc_add_commit_model scheduled__2025-08-19T00:00:00+00:00 [queued]>
[2025-08-20T17:52:40.858+0000] {taskinstance.py:1979} INFO - Dependencies all met for dep_context=requeueable deps ti=<TaskInstance: customer_churn_pipeline.dvc_add_commit_model scheduled__2025-08-19T00:00:00+00:00 [queued]>
[2025-08-20T17:52:40.870+0000] {taskinstance.py:2193} INFO - Starting attempt 1 of 1
[2025-08-20T17:52:41.011+0000] {taskinstance.py:2217} INFO - Executing <Task(BashOperator): dvc_add_commit_model> on 2025-08-19 00:00:00+00:00
[2025-08-20T17:52:41.045+0000] {standard_task_runner.py:60} INFO - Started process 475 to run task
[2025-08-20T17:52:41.098+0000] {standard_task_runner.py:87} INFO - Running: ['***', 'tasks', 'run', 'customer_churn_pipeline', 'dvc_add_commit_model', 'scheduled__2025-08-19T00:00:00+00:00', '--job-id', '16', '--raw', '--subdir', 'DAGS_FOLDER/customer_churn_pipeline_dag.py', '--cfg-path', '/tmp/tmp9ovloff0']
[2025-08-20T17:52:41.120+0000] {standard_task_runner.py:88} INFO - Job 16: Subtask dvc_add_commit_model
[2025-08-20T17:52:41.716+0000] {task_command.py:423} INFO - Running <TaskInstance: customer_churn_pipeline.dvc_add_commit_model scheduled__2025-08-19T00:00:00+00:00 [running]> on host bd9202be787f
[2025-08-20T17:52:42.236+0000] {taskinstance.py:2513} INFO - Exporting env vars: AIRFLOW_CTX_DAG_OWNER='***' AIRFLOW_CTX_DAG_ID='customer_churn_pipeline' AIRFLOW_CTX_TASK_ID='dvc_add_commit_model' AIRFLOW_CTX_EXECUTION_DATE='2025-08-19T00:00:00+00:00' AIRFLOW_CTX_TRY_NUMBER='1' AIRFLOW_CTX_DAG_RUN_ID='scheduled__2025-08-19T00:00:00+00:00'
[2025-08-20T17:52:42.247+0000] {subprocess.py:63} INFO - Tmp dir root location: /tmp
[2025-08-20T17:52:42.263+0000] {subprocess.py:75} INFO - Running command: ['/usr/bin/bash', '-c', "cd /opt/***/Customer_Churn_Prediction_Pipeline && git config --global --add safe.directory /opt/***/Customer_Churn_Prediction_Pipeline && dvc add models/churn_model.pkl && git add models/churn_model.pkl.dvc models/.gitignore && git commit -m 'Add trained model to DVC' || echo 'Git commit completed or nothing to commit'"]
[2025-08-20T17:52:42.305+0000] {subprocess.py:86} INFO - Output:
[2025-08-20T17:53:11.936+0000] {subprocess.py:93} INFO - 
[2025-08-20T17:53:11.937+0000] {subprocess.py:93} INFO - To track the changes with git, run:
[2025-08-20T17:53:11.938+0000] {subprocess.py:93} INFO - 
[2025-08-20T17:53:11.939+0000] {subprocess.py:93} INFO - 	git add models/churn_model.pkl.dvc
[2025-08-20T17:53:11.940+0000] {subprocess.py:93} INFO - 
[2025-08-20T17:53:11.940+0000] {subprocess.py:93} INFO - To enable auto staging, run:
[2025-08-20T17:53:11.941+0000] {subprocess.py:93} INFO - 
[2025-08-20T17:53:11.942+0000] {subprocess.py:93} INFO - 	dvc config core.autostage true
[2025-08-20T17:53:54.068+0000] {subprocess.py:93} INFO - Author identity unknown
[2025-08-20T17:53:54.068+0000] {subprocess.py:93} INFO - 
[2025-08-20T17:53:54.069+0000] {subprocess.py:93} INFO - *** Please tell me who you are.
[2025-08-20T17:53:54.070+0000] {subprocess.py:93} INFO - 
[2025-08-20T17:53:54.072+0000] {subprocess.py:93} INFO - Run
[2025-08-20T17:53:54.075+0000] {subprocess.py:93} INFO - 
[2025-08-20T17:53:54.081+0000] {subprocess.py:93} INFO -   git config --global user.email "you@example.com"
[2025-08-20T17:53:54.083+0000] {subprocess.py:93} INFO -   git config --global user.name "Your Name"
[2025-08-20T17:53:54.085+0000] {subprocess.py:93} INFO - 
[2025-08-20T17:53:54.086+0000] {subprocess.py:93} INFO - to set your account's default identity.
[2025-08-20T17:53:54.087+0000] {subprocess.py:93} INFO - Omit --global to set the identity only in this repository.
[2025-08-20T17:53:54.088+0000] {subprocess.py:93} INFO - 
[2025-08-20T17:53:54.088+0000] {subprocess.py:93} INFO - fatal: unable to auto-detect email address (got '***@bd9202be787f.(none)')
[2025-08-20T17:53:54.089+0000] {subprocess.py:93} INFO - Git commit completed or nothing to commit
[2025-08-20T17:53:54.090+0000] {subprocess.py:97} INFO - Command exited with return code 0
[2025-08-20T17:53:54.166+0000] {taskinstance.py:1149} INFO - Marking task as SUCCESS. dag_id=customer_churn_pipeline, task_id=dvc_add_commit_model, execution_date=20250819T000000, start_date=20250820T175240, end_date=20250820T175354
[2025-08-20T17:53:54.218+0000] {local_task_job_runner.py:234} INFO - Task exited with return code 0
[2025-08-20T17:53:54.306+0000] {taskinstance.py:3312} INFO - 1 downstream tasks scheduled from follow-on schedule check
