[2025-08-19T17:39:17.894+0000] {taskinstance.py:1979} INFO - Dependencies all met for dep_context=non-requeueable deps ti=<TaskInstance: customer_churn_pipeline.data_ingestion manual__2025-08-19T17:38:59.420994+00:00 [queued]>
[2025-08-19T17:39:17.914+0000] {taskinstance.py:1979} INFO - Dependencies all met for dep_context=requeueable deps ti=<TaskInstance: customer_churn_pipeline.data_ingestion manual__2025-08-19T17:38:59.420994+00:00 [queued]>
[2025-08-19T17:39:17.915+0000] {taskinstance.py:2193} INFO - Starting attempt 1 of 1
[2025-08-19T17:39:17.946+0000] {taskinstance.py:2217} INFO - Executing <Task(BashOperator): data_ingestion> on 2025-08-19 17:38:59.420994+00:00
[2025-08-19T17:39:17.957+0000] {standard_task_runner.py:60} INFO - Started process 750 to run task
[2025-08-19T17:39:17.965+0000] {standard_task_runner.py:87} INFO - Running: ['***', 'tasks', 'run', 'customer_churn_pipeline', 'data_ingestion', 'manual__2025-08-19T17:38:59.420994+00:00', '--job-id', '12', '--raw', '--subdir', 'DAGS_FOLDER/customer_churn_pipeline_dag.py', '--cfg-path', '/tmp/tmptf539w5q']
[2025-08-19T17:39:17.971+0000] {standard_task_runner.py:88} INFO - Job 12: Subtask data_ingestion
[2025-08-19T17:39:18.080+0000] {task_command.py:423} INFO - Running <TaskInstance: customer_churn_pipeline.data_ingestion manual__2025-08-19T17:38:59.420994+00:00 [running]> on host dc08f7cf7bac
[2025-08-19T17:39:18.243+0000] {taskinstance.py:2513} INFO - Exporting env vars: AIRFLOW_CTX_DAG_OWNER='***' AIRFLOW_CTX_DAG_ID='customer_churn_pipeline' AIRFLOW_CTX_TASK_ID='data_ingestion' AIRFLOW_CTX_EXECUTION_DATE='2025-08-19T17:38:59.420994+00:00' AIRFLOW_CTX_TRY_NUMBER='1' AIRFLOW_CTX_DAG_RUN_ID='manual__2025-08-19T17:38:59.420994+00:00'
[2025-08-19T17:39:18.246+0000] {subprocess.py:63} INFO - Tmp dir root location: /tmp
[2025-08-19T17:39:18.249+0000] {subprocess.py:75} INFO - Running command: ['/usr/bin/bash', '-c', 'cd /opt/***/Customer_Churn_Prediction_Pipeline && python src/ingestion.py']
[2025-08-19T17:39:18.275+0000] {subprocess.py:86} INFO - Output:
[2025-08-19T17:39:19.859+0000] {subprocess.py:93} INFO - 2025-08-19 17:39:19,858 INFO --- Data Ingestion Pipeline Started ---
[2025-08-19T17:39:19.873+0000] {subprocess.py:93} INFO - 2025-08-19 17:39:19,872 INFO Starting local data ingestion from data/raw/train/Telco-Dataset-train.csv
[2025-08-19T17:39:19.937+0000] {subprocess.py:93} INFO - 2025-08-19 17:39:19,936 INFO Read 5634 rows from data/raw/train/Telco-Dataset-train.csv
[2025-08-19T17:39:20.094+0000] {subprocess.py:93} INFO - 2025-08-19 17:39:20,094 INFO Local training data ingested and saved to data/raw/training_data/19-08-2025/Telco-Dataset-train.csv (size: 776827 bytes)
[2025-08-19T17:39:20.105+0000] {subprocess.py:93} INFO - 2025-08-19 17:39:20,105 INFO Starting remote data ingestion from https://raw.githubusercontent.com/yugipersonalspace/ML-Assignment-PS3/main/Telco-Dataset-test.csv
[2025-08-19T17:39:20.785+0000] {subprocess.py:93} INFO - 2025-08-19 17:39:20,784 INFO Remote test data downloaded and saved to data/raw/API_test_data/19-08-2025/Telco-Dataset-test.csv (size: 196084 bytes)
[2025-08-19T17:39:20.789+0000] {subprocess.py:93} INFO - 2025-08-19 17:39:20,787 INFO --- Data Ingestion Pipeline Completed Successfully ---
[2025-08-19T17:39:20.913+0000] {subprocess.py:97} INFO - Command exited with return code 0
[2025-08-19T17:39:20.969+0000] {taskinstance.py:1149} INFO - Marking task as SUCCESS. dag_id=customer_churn_pipeline, task_id=data_ingestion, execution_date=20250819T173859, start_date=20250819T173917, end_date=20250819T173920
[2025-08-19T17:39:21.042+0000] {local_task_job_runner.py:234} INFO - Task exited with return code 0
[2025-08-19T17:39:21.105+0000] {taskinstance.py:3312} INFO - 1 downstream tasks scheduled from follow-on schedule check
