[2025-08-18T20:27:03.894+0000] {taskinstance.py:1979} INFO - Dependencies all met for dep_context=non-requeueable deps ti=<TaskInstance: customer_churn_pipeline.data_preparation scheduled__2025-08-17T00:00:00+00:00 [queued]>
[2025-08-18T20:27:03.908+0000] {taskinstance.py:1979} INFO - Dependencies all met for dep_context=requeueable deps ti=<TaskInstance: customer_churn_pipeline.data_preparation scheduled__2025-08-17T00:00:00+00:00 [queued]>
[2025-08-18T20:27:03.910+0000] {taskinstance.py:2193} INFO - Starting attempt 1 of 1
[2025-08-18T20:27:03.927+0000] {taskinstance.py:2217} INFO - Executing <Task(BashOperator): data_preparation> on 2025-08-17 00:00:00+00:00
[2025-08-18T20:27:03.934+0000] {standard_task_runner.py:60} INFO - Started process 300 to run task
[2025-08-18T20:27:03.938+0000] {standard_task_runner.py:87} INFO - Running: ['***', 'tasks', 'run', 'customer_churn_pipeline', 'data_preparation', 'scheduled__2025-08-17T00:00:00+00:00', '--job-id', '6', '--raw', '--subdir', 'DAGS_FOLDER/customer_churn_pipeline_dag.py', '--cfg-path', '/tmp/tmpmnnkddvo']
[2025-08-18T20:27:03.941+0000] {standard_task_runner.py:88} INFO - Job 6: Subtask data_preparation
[2025-08-18T20:27:04.004+0000] {task_command.py:423} INFO - Running <TaskInstance: customer_churn_pipeline.data_preparation scheduled__2025-08-17T00:00:00+00:00 [running]> on host 2e4674d7276b
[2025-08-18T20:27:04.093+0000] {taskinstance.py:2513} INFO - Exporting env vars: AIRFLOW_CTX_DAG_OWNER='***' AIRFLOW_CTX_DAG_ID='customer_churn_pipeline' AIRFLOW_CTX_TASK_ID='data_preparation' AIRFLOW_CTX_EXECUTION_DATE='2025-08-17T00:00:00+00:00' AIRFLOW_CTX_TRY_NUMBER='1' AIRFLOW_CTX_DAG_RUN_ID='scheduled__2025-08-17T00:00:00+00:00'
[2025-08-18T20:27:04.096+0000] {subprocess.py:63} INFO - Tmp dir root location: /tmp
[2025-08-18T20:27:04.097+0000] {subprocess.py:75} INFO - Running command: ['/usr/bin/bash', '-c', 'cd /opt/***/Customer_Churn_Prediction_Pipeline && python src/preparation.py']
[2025-08-18T20:27:04.109+0000] {subprocess.py:86} INFO - Output:
[2025-08-18T20:27:19.346+0000] {subprocess.py:93} INFO - Loading data...
[2025-08-18T20:27:19.348+0000] {subprocess.py:93} INFO - Encoding binary categorical columns...
[2025-08-18T20:27:19.350+0000] {subprocess.py:93} INFO - Saving processed data...
[2025-08-18T20:27:19.352+0000] {subprocess.py:93} INFO - Combined data saved to data/processed/18-08-2025/Telco-Dataset-combined.csv
[2025-08-18T20:27:19.354+0000] {subprocess.py:93} INFO - Performing EDA...
[2025-08-18T20:27:19.355+0000] {subprocess.py:93} INFO - Processed data and EDA outputs saved in data/processed/18-08-2025
[2025-08-18T20:27:19.785+0000] {subprocess.py:97} INFO - Command exited with return code 0
[2025-08-18T20:27:19.824+0000] {taskinstance.py:1149} INFO - Marking task as SUCCESS. dag_id=customer_churn_pipeline, task_id=data_preparation, execution_date=20250817T000000, start_date=20250818T202703, end_date=20250818T202719
[2025-08-18T20:27:19.873+0000] {local_task_job_runner.py:234} INFO - Task exited with return code 0
[2025-08-18T20:27:19.906+0000] {taskinstance.py:3312} INFO - 1 downstream tasks scheduled from follow-on schedule check
