[2025-08-18T21:20:02.251+0000] {taskinstance.py:1979} INFO - Dependencies all met for dep_context=non-requeueable deps ti=<TaskInstance: customer_churn_pipeline.model_training manual__2025-08-18T21:19:20.974289+00:00 [queued]>
[2025-08-18T21:20:02.278+0000] {taskinstance.py:1979} INFO - Dependencies all met for dep_context=requeueable deps ti=<TaskInstance: customer_churn_pipeline.model_training manual__2025-08-18T21:19:20.974289+00:00 [queued]>
[2025-08-18T21:20:02.280+0000] {taskinstance.py:2193} INFO - Starting attempt 1 of 1
[2025-08-18T21:20:02.312+0000] {taskinstance.py:2217} INFO - Executing <Task(BashOperator): model_training> on 2025-08-18 21:19:20.974289+00:00
[2025-08-18T21:20:02.323+0000] {standard_task_runner.py:60} INFO - Started process 2205 to run task
[2025-08-18T21:20:02.335+0000] {standard_task_runner.py:87} INFO - Running: ['***', 'tasks', 'run', 'customer_churn_pipeline', 'model_training', 'manual__2025-08-18T21:19:20.974289+00:00', '--job-id', '46', '--raw', '--subdir', 'DAGS_FOLDER/customer_churn_pipeline_dag.py', '--cfg-path', '/tmp/tmpfqsje020']
[2025-08-18T21:20:02.340+0000] {standard_task_runner.py:88} INFO - Job 46: Subtask model_training
[2025-08-18T21:20:02.567+0000] {task_command.py:423} INFO - Running <TaskInstance: customer_churn_pipeline.model_training manual__2025-08-18T21:19:20.974289+00:00 [running]> on host 2e4674d7276b
[2025-08-18T21:20:03.045+0000] {taskinstance.py:2513} INFO - Exporting env vars: AIRFLOW_CTX_DAG_OWNER='***' AIRFLOW_CTX_DAG_ID='customer_churn_pipeline' AIRFLOW_CTX_TASK_ID='model_training' AIRFLOW_CTX_EXECUTION_DATE='2025-08-18T21:19:20.974289+00:00' AIRFLOW_CTX_TRY_NUMBER='1' AIRFLOW_CTX_DAG_RUN_ID='manual__2025-08-18T21:19:20.974289+00:00'
[2025-08-18T21:20:03.095+0000] {subprocess.py:63} INFO - Tmp dir root location: /tmp
[2025-08-18T21:20:03.140+0000] {subprocess.py:75} INFO - Running command: ['/usr/bin/bash', '-c', 'cd /opt/***/Customer_Churn_Prediction_Pipeline && python src/train_model.py']
[2025-08-18T21:20:03.207+0000] {subprocess.py:86} INFO - Output:
[2025-08-18T21:20:10.201+0000] {subprocess.py:93} INFO - 2025-08-18 21:20:10,198 WARNING Malformed experiment '9f8a2292aea24d39a6b035889d38fb72'. Detailed error Yaml file '/opt/***/Customer_Churn_Prediction_Pipeline/mlruns/9f8a2292aea24d39a6b035889d38fb72/meta.yaml' does not exist.
[2025-08-18T21:20:10.202+0000] {subprocess.py:93} INFO - Traceback (most recent call last):
[2025-08-18T21:20:10.204+0000] {subprocess.py:93} INFO -   File "/home/***/.local/lib/python3.8/site-packages/mlflow/store/tracking/file_store.py", line 327, in search_experiments
[2025-08-18T21:20:10.205+0000] {subprocess.py:93} INFO -     exp = self._get_experiment(exp_id, view_type)
[2025-08-18T21:20:10.206+0000] {subprocess.py:93} INFO -   File "/home/***/.local/lib/python3.8/site-packages/mlflow/store/tracking/file_store.py", line 421, in _get_experiment
[2025-08-18T21:20:10.207+0000] {subprocess.py:93} INFO -     meta = FileStore._read_yaml(experiment_dir, FileStore.META_DATA_FILE_NAME)
[2025-08-18T21:20:10.209+0000] {subprocess.py:93} INFO -   File "/home/***/.local/lib/python3.8/site-packages/mlflow/store/tracking/file_store.py", line 1367, in _read_yaml
[2025-08-18T21:20:10.211+0000] {subprocess.py:93} INFO -     return _read_helper(root, file_name, attempts_remaining=retries)
[2025-08-18T21:20:10.214+0000] {subprocess.py:93} INFO -   File "/home/***/.local/lib/python3.8/site-packages/mlflow/store/tracking/file_store.py", line 1360, in _read_helper
[2025-08-18T21:20:10.215+0000] {subprocess.py:93} INFO -     result = read_yaml(root, file_name)
[2025-08-18T21:20:10.217+0000] {subprocess.py:93} INFO -   File "/home/***/.local/lib/python3.8/site-packages/mlflow/utils/file_utils.py", line 309, in read_yaml
[2025-08-18T21:20:10.219+0000] {subprocess.py:93} INFO -     raise MissingConfigException(f"Yaml file '{file_path}' does not exist.")
[2025-08-18T21:20:10.220+0000] {subprocess.py:93} INFO - mlflow.exceptions.MissingConfigException: Yaml file '/opt/***/Customer_Churn_Prediction_Pipeline/mlruns/9f8a2292aea24d39a6b035889d38fb72/meta.yaml' does not exist.
[2025-08-18T21:20:10.242+0000] {subprocess.py:93} INFO - 2025-08-18 21:20:10,242 WARNING Malformed experiment 'e45a2c3f2fe5435bb5ee5c51f9930955'. Detailed error Yaml file '/opt/***/Customer_Churn_Prediction_Pipeline/mlruns/e45a2c3f2fe5435bb5ee5c51f9930955/meta.yaml' does not exist.
[2025-08-18T21:20:10.244+0000] {subprocess.py:93} INFO - Traceback (most recent call last):
[2025-08-18T21:20:10.245+0000] {subprocess.py:93} INFO -   File "/home/***/.local/lib/python3.8/site-packages/mlflow/store/tracking/file_store.py", line 327, in search_experiments
[2025-08-18T21:20:10.247+0000] {subprocess.py:93} INFO -     exp = self._get_experiment(exp_id, view_type)
[2025-08-18T21:20:10.248+0000] {subprocess.py:93} INFO -   File "/home/***/.local/lib/python3.8/site-packages/mlflow/store/tracking/file_store.py", line 421, in _get_experiment
[2025-08-18T21:20:10.249+0000] {subprocess.py:93} INFO -     meta = FileStore._read_yaml(experiment_dir, FileStore.META_DATA_FILE_NAME)
[2025-08-18T21:20:10.252+0000] {subprocess.py:93} INFO -   File "/home/***/.local/lib/python3.8/site-packages/mlflow/store/tracking/file_store.py", line 1367, in _read_yaml
[2025-08-18T21:20:10.253+0000] {subprocess.py:93} INFO -     return _read_helper(root, file_name, attempts_remaining=retries)
[2025-08-18T21:20:10.255+0000] {subprocess.py:93} INFO -   File "/home/***/.local/lib/python3.8/site-packages/mlflow/store/tracking/file_store.py", line 1360, in _read_helper
[2025-08-18T21:20:10.261+0000] {subprocess.py:93} INFO -     result = read_yaml(root, file_name)
[2025-08-18T21:20:10.262+0000] {subprocess.py:93} INFO -   File "/home/***/.local/lib/python3.8/site-packages/mlflow/utils/file_utils.py", line 309, in read_yaml
[2025-08-18T21:20:10.264+0000] {subprocess.py:93} INFO -     raise MissingConfigException(f"Yaml file '{file_path}' does not exist.")
[2025-08-18T21:20:10.266+0000] {subprocess.py:93} INFO - mlflow.exceptions.MissingConfigException: Yaml file '/opt/***/Customer_Churn_Prediction_Pipeline/mlruns/e45a2c3f2fe5435bb5ee5c51f9930955/meta.yaml' does not exist.
[2025-08-18T21:20:10.552+0000] {subprocess.py:93} INFO - 2025-08-18 21:20:10,551 WARNING Malformed experiment '9f8a2292aea24d39a6b035889d38fb72'. Detailed error Yaml file '/opt/***/Customer_Churn_Prediction_Pipeline/mlruns/9f8a2292aea24d39a6b035889d38fb72/meta.yaml' does not exist.
[2025-08-18T21:20:10.554+0000] {subprocess.py:93} INFO - Traceback (most recent call last):
[2025-08-18T21:20:10.555+0000] {subprocess.py:93} INFO -   File "/home/***/.local/lib/python3.8/site-packages/mlflow/store/tracking/file_store.py", line 327, in search_experiments
[2025-08-18T21:20:10.557+0000] {subprocess.py:93} INFO -     exp = self._get_experiment(exp_id, view_type)
[2025-08-18T21:20:10.558+0000] {subprocess.py:93} INFO -   File "/home/***/.local/lib/python3.8/site-packages/mlflow/store/tracking/file_store.py", line 421, in _get_experiment
[2025-08-18T21:20:10.559+0000] {subprocess.py:93} INFO -     meta = FileStore._read_yaml(experiment_dir, FileStore.META_DATA_FILE_NAME)
[2025-08-18T21:20:10.560+0000] {subprocess.py:93} INFO -   File "/home/***/.local/lib/python3.8/site-packages/mlflow/store/tracking/file_store.py", line 1367, in _read_yaml
[2025-08-18T21:20:10.561+0000] {subprocess.py:93} INFO -     return _read_helper(root, file_name, attempts_remaining=retries)
[2025-08-18T21:20:10.562+0000] {subprocess.py:93} INFO -   File "/home/***/.local/lib/python3.8/site-packages/mlflow/store/tracking/file_store.py", line 1360, in _read_helper
[2025-08-18T21:20:10.563+0000] {subprocess.py:93} INFO -     result = read_yaml(root, file_name)
[2025-08-18T21:20:10.564+0000] {subprocess.py:93} INFO -   File "/home/***/.local/lib/python3.8/site-packages/mlflow/utils/file_utils.py", line 309, in read_yaml
[2025-08-18T21:20:10.566+0000] {subprocess.py:93} INFO -     raise MissingConfigException(f"Yaml file '{file_path}' does not exist.")
[2025-08-18T21:20:10.567+0000] {subprocess.py:93} INFO - mlflow.exceptions.MissingConfigException: Yaml file '/opt/***/Customer_Churn_Prediction_Pipeline/mlruns/9f8a2292aea24d39a6b035889d38fb72/meta.yaml' does not exist.
[2025-08-18T21:20:10.572+0000] {subprocess.py:93} INFO - 2025-08-18 21:20:10,572 WARNING Malformed experiment 'e45a2c3f2fe5435bb5ee5c51f9930955'. Detailed error Yaml file '/opt/***/Customer_Churn_Prediction_Pipeline/mlruns/e45a2c3f2fe5435bb5ee5c51f9930955/meta.yaml' does not exist.
[2025-08-18T21:20:10.575+0000] {subprocess.py:93} INFO - Traceback (most recent call last):
[2025-08-18T21:20:10.577+0000] {subprocess.py:93} INFO -   File "/home/***/.local/lib/python3.8/site-packages/mlflow/store/tracking/file_store.py", line 327, in search_experiments
[2025-08-18T21:20:10.578+0000] {subprocess.py:93} INFO -     exp = self._get_experiment(exp_id, view_type)
[2025-08-18T21:20:10.579+0000] {subprocess.py:93} INFO -   File "/home/***/.local/lib/python3.8/site-packages/mlflow/store/tracking/file_store.py", line 421, in _get_experiment
[2025-08-18T21:20:10.581+0000] {subprocess.py:93} INFO -     meta = FileStore._read_yaml(experiment_dir, FileStore.META_DATA_FILE_NAME)
[2025-08-18T21:20:10.582+0000] {subprocess.py:93} INFO -   File "/home/***/.local/lib/python3.8/site-packages/mlflow/store/tracking/file_store.py", line 1367, in _read_yaml
[2025-08-18T21:20:10.583+0000] {subprocess.py:93} INFO -     return _read_helper(root, file_name, attempts_remaining=retries)
[2025-08-18T21:20:10.585+0000] {subprocess.py:93} INFO -   File "/home/***/.local/lib/python3.8/site-packages/mlflow/store/tracking/file_store.py", line 1360, in _read_helper
[2025-08-18T21:20:10.586+0000] {subprocess.py:93} INFO -     result = read_yaml(root, file_name)
[2025-08-18T21:20:10.588+0000] {subprocess.py:93} INFO -   File "/home/***/.local/lib/python3.8/site-packages/mlflow/utils/file_utils.py", line 309, in read_yaml
[2025-08-18T21:20:10.589+0000] {subprocess.py:93} INFO -     raise MissingConfigException(f"Yaml file '{file_path}' does not exist.")
[2025-08-18T21:20:10.590+0000] {subprocess.py:93} INFO - mlflow.exceptions.MissingConfigException: Yaml file '/opt/***/Customer_Churn_Prediction_Pipeline/mlruns/e45a2c3f2fe5435bb5ee5c51f9930955/meta.yaml' does not exist.
[2025-08-18T21:20:10.591+0000] {subprocess.py:93} INFO - 2025-08-18 21:20:10,576 INFO Loading features and target from feature store...
[2025-08-18T21:20:10.593+0000] {subprocess.py:93} INFO - 2025-08-18 21:20:10,576 INFO Connecting to SQLite DB at data/features/churn_features.db
[2025-08-18T21:20:10.604+0000] {subprocess.py:93} INFO - 2025-08-18 21:20:10,604 INFO Available tables: ['churn_features']
[2025-08-18T21:20:11.154+0000] {subprocess.py:93} INFO - 2025-08-18 21:20:11,153 INFO Retrieved 7032 rows and 36 columns from table churn_features
[2025-08-18T21:20:11.158+0000] {subprocess.py:93} INFO - 2025-08-18 21:20:11,158 INFO Found target column 'Churn'. Processing...
[2025-08-18T21:20:11.160+0000] {subprocess.py:93} INFO - 2025-08-18 21:20:11,158 INFO Raw target column stats:
[2025-08-18T21:20:11.161+0000] {subprocess.py:93} INFO - 2025-08-18 21:20:11,159 INFO   - Type: float64
[2025-08-18T21:20:11.162+0000] {subprocess.py:93} INFO - 2025-08-18 21:20:11,159 INFO   - Unique values: [-0.601663392508594, 1.6620589061112205]
[2025-08-18T21:20:11.164+0000] {subprocess.py:93} INFO - 2025-08-18 21:20:11,163 INFO   - Value counts:
[2025-08-18T21:20:11.165+0000] {subprocess.py:93} INFO - -0.601663    5163
[2025-08-18T21:20:11.166+0000] {subprocess.py:93} INFO -  1.662059    1869
[2025-08-18T21:20:11.168+0000] {subprocess.py:93} INFO - Name: Churn, dtype: int64
[2025-08-18T21:20:11.169+0000] {subprocess.py:93} INFO - 2025-08-18 21:20:11,164 INFO Original target values before normalization: -0.601663    5163
[2025-08-18T21:20:11.171+0000] {subprocess.py:93} INFO -  1.662059    1869
[2025-08-18T21:20:11.172+0000] {subprocess.py:93} INFO - Name: Churn, dtype: int64
[2025-08-18T21:20:11.174+0000] {subprocess.py:93} INFO - 2025-08-18 21:20:11,164 INFO Original target dtype: float64
[2025-08-18T21:20:11.175+0000] {subprocess.py:93} INFO - 2025-08-18 21:20:11,165 INFO Unique numeric values in target: [-0.601663392508594, 1.6620589061112205]
[2025-08-18T21:20:11.177+0000] {subprocess.py:93} INFO - 2025-08-18 21:20:11,165 INFO Binary target with values [-0.601663392508594, 1.6620589061112205]. Mapping to (0,1).
[2025-08-18T21:20:11.178+0000] {subprocess.py:93} INFO - 2025-08-18 21:20:11,165 INFO Mapped -0.601663392508594→0, 1.6620589061112205→1
[2025-08-18T21:20:11.180+0000] {subprocess.py:93} INFO - 2025-08-18 21:20:11,166 INFO Final normalized target stats:
[2025-08-18T21:20:11.182+0000] {subprocess.py:93} INFO - 2025-08-18 21:20:11,167 INFO   - Unique values: [0, 1]
[2025-08-18T21:20:11.183+0000] {subprocess.py:93} INFO - 2025-08-18 21:20:11,168 INFO   - Value counts:
[2025-08-18T21:20:11.186+0000] {subprocess.py:93} INFO - 0    5163
[2025-08-18T21:20:11.188+0000] {subprocess.py:93} INFO - 1    1869
[2025-08-18T21:20:11.190+0000] {subprocess.py:93} INFO - Name: Churn, dtype: int64
[2025-08-18T21:20:11.194+0000] {subprocess.py:93} INFO - 2025-08-18 21:20:11,168 INFO Features shape before dtype fix: (7032, 35), Target shape: (7032,)
[2025-08-18T21:20:11.198+0000] {subprocess.py:93} INFO - 2025-08-18 21:20:11,198 INFO Features dtypes after fix:
[2025-08-18T21:20:11.200+0000] {subprocess.py:93} INFO - gender                                   float64
[2025-08-18T21:20:11.201+0000] {subprocess.py:93} INFO - SeniorCitizen                            float64
[2025-08-18T21:20:11.202+0000] {subprocess.py:93} INFO - Partner                                  float64
[2025-08-18T21:20:11.204+0000] {subprocess.py:93} INFO - Dependents                               float64
[2025-08-18T21:20:11.205+0000] {subprocess.py:93} INFO - tenure                                   float64
[2025-08-18T21:20:11.207+0000] {subprocess.py:93} INFO - PhoneService                             float64
[2025-08-18T21:20:11.208+0000] {subprocess.py:93} INFO - PaperlessBilling                         float64
[2025-08-18T21:20:11.210+0000] {subprocess.py:93} INFO - MonthlyCharges                           float64
[2025-08-18T21:20:11.211+0000] {subprocess.py:93} INFO - TotalCharges                             float64
[2025-08-18T21:20:11.212+0000] {subprocess.py:93} INFO - TotalChargesPerTenure                    float64
[2025-08-18T21:20:11.213+0000] {subprocess.py:93} INFO - MultipleLines_No phone service           float64
[2025-08-18T21:20:11.214+0000] {subprocess.py:93} INFO - MultipleLines_Yes                        float64
[2025-08-18T21:20:11.215+0000] {subprocess.py:93} INFO - InternetService_Fiber optic              float64
[2025-08-18T21:20:11.217+0000] {subprocess.py:93} INFO - InternetService_No                       float64
[2025-08-18T21:20:11.219+0000] {subprocess.py:93} INFO - OnlineSecurity_No internet service       float64
[2025-08-18T21:20:11.221+0000] {subprocess.py:93} INFO - OnlineSecurity_Yes                       float64
[2025-08-18T21:20:11.222+0000] {subprocess.py:93} INFO - OnlineBackup_No internet service         float64
[2025-08-18T21:20:11.224+0000] {subprocess.py:93} INFO - OnlineBackup_Yes                         float64
[2025-08-18T21:20:11.225+0000] {subprocess.py:93} INFO - DeviceProtection_No internet service     float64
[2025-08-18T21:20:11.226+0000] {subprocess.py:93} INFO - DeviceProtection_Yes                     float64
[2025-08-18T21:20:11.227+0000] {subprocess.py:93} INFO - TechSupport_No internet service          float64
[2025-08-18T21:20:11.228+0000] {subprocess.py:93} INFO - TechSupport_Yes                          float64
[2025-08-18T21:20:11.230+0000] {subprocess.py:93} INFO - StreamingTV_No internet service          float64
[2025-08-18T21:20:11.231+0000] {subprocess.py:93} INFO - StreamingTV_Yes                          float64
[2025-08-18T21:20:11.232+0000] {subprocess.py:93} INFO - StreamingMovies_No internet service      float64
[2025-08-18T21:20:11.234+0000] {subprocess.py:93} INFO - StreamingMovies_Yes                      float64
[2025-08-18T21:20:11.235+0000] {subprocess.py:93} INFO - Contract_One year                        float64
[2025-08-18T21:20:11.236+0000] {subprocess.py:93} INFO - Contract_Two year                        float64
[2025-08-18T21:20:11.238+0000] {subprocess.py:93} INFO - PaymentMethod_Credit card (automatic)    float64
[2025-08-18T21:20:11.239+0000] {subprocess.py:93} INFO - PaymentMethod_Electronic check           float64
[2025-08-18T21:20:11.240+0000] {subprocess.py:93} INFO - PaymentMethod_Mailed check               float64
[2025-08-18T21:20:11.242+0000] {subprocess.py:93} INFO - TenureGroup_13-24                        float64
[2025-08-18T21:20:11.243+0000] {subprocess.py:93} INFO - TenureGroup_25-48                        float64
[2025-08-18T21:20:11.244+0000] {subprocess.py:93} INFO - TenureGroup_49-60                        float64
[2025-08-18T21:20:11.245+0000] {subprocess.py:93} INFO - TenureGroup_61+                          float64
[2025-08-18T21:20:11.246+0000] {subprocess.py:93} INFO - dtype: object
[2025-08-18T21:20:11.250+0000] {subprocess.py:93} INFO - 2025-08-18 21:20:11,198 INFO Loaded features shape: (7032, 35), target shape: (7032,)
[2025-08-18T21:20:11.252+0000] {subprocess.py:93} INFO - 2025-08-18 21:20:11,200 INFO Unique classes in target: [0 1]
[2025-08-18T21:20:11.253+0000] {subprocess.py:93} INFO - 2025-08-18 21:20:11,201 INFO Class distribution: [5163 1869]
[2025-08-18T21:20:11.255+0000] {subprocess.py:93} INFO - 2025-08-18 21:20:11,201 INFO Original class distribution: {0: 5163, 1: 1869}
[2025-08-18T21:20:11.258+0000] {subprocess.py:93} INFO - 2025-08-18 21:20:11,202 INFO Class imbalance is acceptable (ratio: 2.76). No resampling applied.
[2025-08-18T21:20:11.259+0000] {subprocess.py:93} INFO - 2025-08-18 21:20:11,202 INFO Splitting data into train and test sets (80/20, stratified)...
[2025-08-18T21:20:11.260+0000] {subprocess.py:93} INFO - 2025-08-18 21:20:11,210 INFO Train set class distribution: {0: 4130, 1: 1495}
[2025-08-18T21:20:11.262+0000] {subprocess.py:93} INFO - 2025-08-18 21:20:11,211 INFO Test set class distribution: {0: 1033, 1: 374}
[2025-08-18T21:20:14.031+0000] {subprocess.py:93} INFO - 2025-08-18 21:20:14,030 INFO Training Logistic Regression...
[2025-08-18T21:20:18.152+0000] {subprocess.py:93} INFO - 2025-08-18 21:20:18,151 INFO Logistic Regression recall: 0.7807, accuracy: 0.7306, precision: 0.4958, f1: 0.6064
[2025-08-18T21:20:18.171+0000] {subprocess.py:93} INFO - 2025-08-18 21:20:18,171 INFO Classification report:
[2025-08-18T21:20:18.176+0000] {subprocess.py:93} INFO -               precision    recall  f1-score   support
[2025-08-18T21:20:18.179+0000] {subprocess.py:93} INFO - 
[2025-08-18T21:20:18.181+0000] {subprocess.py:93} INFO -            0       0.90      0.71      0.80      1033
[2025-08-18T21:20:18.183+0000] {subprocess.py:93} INFO -            1       0.50      0.78      0.61       374
[2025-08-18T21:20:18.185+0000] {subprocess.py:93} INFO - 
[2025-08-18T21:20:18.187+0000] {subprocess.py:93} INFO -     accuracy                           0.73      1407
[2025-08-18T21:20:18.188+0000] {subprocess.py:93} INFO -    macro avg       0.70      0.75      0.70      1407
[2025-08-18T21:20:18.192+0000] {subprocess.py:93} INFO - weighted avg       0.79      0.73      0.75      1407
[2025-08-18T21:20:18.194+0000] {subprocess.py:93} INFO - 
[2025-08-18T21:20:20.126+0000] {subprocess.py:93} INFO - 2025-08-18 21:20:20,126 INFO Training Random Forest Classifier...
[2025-08-18T21:20:22.432+0000] {subprocess.py:93} INFO - 2025-08-18 21:20:22,432 INFO Random Forest recall: 0.4733, accuracy: 0.7953, precision: 0.6604, f1: 0.5514
[2025-08-18T21:20:22.444+0000] {subprocess.py:93} INFO - 2025-08-18 21:20:22,444 INFO Classification report:
[2025-08-18T21:20:22.445+0000] {subprocess.py:93} INFO -               precision    recall  f1-score   support
[2025-08-18T21:20:22.447+0000] {subprocess.py:93} INFO - 
[2025-08-18T21:20:22.448+0000] {subprocess.py:93} INFO -            0       0.83      0.91      0.87      1033
[2025-08-18T21:20:22.448+0000] {subprocess.py:93} INFO -            1       0.66      0.47      0.55       374
[2025-08-18T21:20:22.449+0000] {subprocess.py:93} INFO - 
[2025-08-18T21:20:22.450+0000] {subprocess.py:93} INFO -     accuracy                           0.80      1407
[2025-08-18T21:20:22.451+0000] {subprocess.py:93} INFO -    macro avg       0.74      0.69      0.71      1407
[2025-08-18T21:20:22.452+0000] {subprocess.py:93} INFO - weighted avg       0.78      0.80      0.78      1407
[2025-08-18T21:20:22.453+0000] {subprocess.py:93} INFO - 
[2025-08-18T21:20:22.574+0000] {subprocess.py:93} INFO - 2025-08-18 21:20:22,573 INFO Best model (LogisticRegression) saved to models/churn_model.pkl with recall 0.7807
[2025-08-18T21:20:32.192+0000] {subprocess.py:93} INFO - /home/***/.local/lib/python3.8/site-packages/mlflow/types/utils.py:407: UserWarning: Hint: Inferred schema contains integer column(s). Integer columns in Python cannot represent missing values. If your input data contains missing values at inference time, it will be encoded as floats and will cause a schema enforcement error. The best way to avoid this problem is to infer the model schema based on a realistic data sample (training dataset) that includes missing values. Alternatively, you can declare integer columns as doubles (float64) whenever these columns may have missing values. See `Handling Integers With Missing Values <https://www.mlflow.org/docs/latest/models.html#handling-integers-with-missing-values>`_ for more details.
[2025-08-18T21:20:32.193+0000] {subprocess.py:93} INFO -   warnings.warn(
[2025-08-18T21:20:32.194+0000] {subprocess.py:93} INFO - Registered model 'churn_model' already exists. Creating a new version of this model...
[2025-08-18T21:20:32.195+0000] {subprocess.py:93} INFO - Created version '3' of model 'churn_model'.
[2025-08-18T21:20:32.398+0000] {subprocess.py:93} INFO - Downloading artifacts:   0%|          | 0/7 [00:00<?, ?it/s]Downloading artifacts:  14%|█▍        | 1/7 [00:00<00:00, 4815.50it/s]Downloading artifacts:  29%|██▊       | 2/7 [00:00<00:00, 3358.13it/s]Downloading artifacts:  43%|████▎     | 3/7 [00:00<00:00, 1561.74it/s]Downloading artifacts:  57%|█████▋    | 4/7 [00:00<00:00, 871.05it/s] Downloading artifacts:  71%|███████▏  | 5/7 [00:00<00:00, 1044.81it/s]Downloading artifacts:  86%|████████▌ | 6/7 [00:00<00:00, 1171.05it/s]Downloading artifacts: 100%|██████████| 7/7 [00:00<00:00, 1136.18it/s]Downloading artifacts: 100%|██████████| 7/7 [00:00<00:00, 1101.20it/s]
[2025-08-18T21:20:32.399+0000] {subprocess.py:93} INFO - 2025-08-18 21:20:32,398 INFO Best model run_id written to /tmp/best_run_id.txt
[2025-08-18T21:20:32.953+0000] {subprocess.py:97} INFO - Command exited with return code 0
[2025-08-18T21:20:33.023+0000] {taskinstance.py:1149} INFO - Marking task as SUCCESS. dag_id=customer_churn_pipeline, task_id=model_training, execution_date=20250818T211920, start_date=20250818T212002, end_date=20250818T212033
[2025-08-18T21:20:33.096+0000] {local_task_job_runner.py:234} INFO - Task exited with return code 0
[2025-08-18T21:20:33.168+0000] {taskinstance.py:3312} INFO - 1 downstream tasks scheduled from follow-on schedule check
