[2025-08-19T19:24:54.734+0000] {taskinstance.py:1979} INFO - Dependencies all met for dep_context=non-requeueable deps ti=<TaskInstance: customer_churn_pipeline.dvc_add_commit_model manual__2025-08-19T19:22:42.304196+00:00 [queued]>
[2025-08-19T19:24:54.749+0000] {taskinstance.py:1979} INFO - Dependencies all met for dep_context=requeueable deps ti=<TaskInstance: customer_churn_pipeline.dvc_add_commit_model manual__2025-08-19T19:22:42.304196+00:00 [queued]>
[2025-08-19T19:24:54.749+0000] {taskinstance.py:2193} INFO - Starting attempt 1 of 1
[2025-08-19T19:24:54.777+0000] {taskinstance.py:2217} INFO - Executing <Task(BashOperator): dvc_add_commit_model> on 2025-08-19 19:22:42.304196+00:00
[2025-08-19T19:24:54.786+0000] {standard_task_runner.py:60} INFO - Started process 409 to run task
[2025-08-19T19:24:54.794+0000] {standard_task_runner.py:87} INFO - Running: ['***', 'tasks', 'run', 'customer_churn_pipeline', 'dvc_add_commit_model', 'manual__2025-08-19T19:22:42.304196+00:00', '--job-id', '43', '--raw', '--subdir', 'DAGS_FOLDER/customer_churn_pipeline_dag.py', '--cfg-path', '/tmp/tmphdhwovyg']
[2025-08-19T19:24:54.798+0000] {standard_task_runner.py:88} INFO - Job 43: Subtask dvc_add_commit_model
[2025-08-19T19:24:54.911+0000] {task_command.py:423} INFO - Running <TaskInstance: customer_churn_pipeline.dvc_add_commit_model manual__2025-08-19T19:22:42.304196+00:00 [running]> on host dc08f7cf7bac
[2025-08-19T19:24:55.044+0000] {taskinstance.py:2513} INFO - Exporting env vars: AIRFLOW_CTX_DAG_OWNER='***' AIRFLOW_CTX_DAG_ID='customer_churn_pipeline' AIRFLOW_CTX_TASK_ID='dvc_add_commit_model' AIRFLOW_CTX_EXECUTION_DATE='2025-08-19T19:22:42.304196+00:00' AIRFLOW_CTX_TRY_NUMBER='1' AIRFLOW_CTX_DAG_RUN_ID='manual__2025-08-19T19:22:42.304196+00:00'
[2025-08-19T19:24:55.046+0000] {subprocess.py:63} INFO - Tmp dir root location: /tmp
[2025-08-19T19:24:55.049+0000] {subprocess.py:75} INFO - Running command: ['/usr/bin/bash', '-c', "cd /opt/***/Customer_Churn_Prediction_Pipeline && git config --global --add safe.directory /opt/***/Customer_Churn_Prediction_Pipeline && dvc add models/churn_model.pkl && git add models/churn_model.pkl.dvc models/.gitignore && git commit -m 'Add trained model to DVC' || echo 'Git commit completed or nothing to commit'"]
[2025-08-19T19:24:55.069+0000] {subprocess.py:86} INFO - Output:
[2025-08-19T19:25:09.970+0000] {subprocess.py:93} INFO - 
[2025-08-19T19:25:09.972+0000] {subprocess.py:93} INFO - To track the changes with git, run:
[2025-08-19T19:25:09.973+0000] {subprocess.py:93} INFO - 
[2025-08-19T19:25:09.974+0000] {subprocess.py:93} INFO - 	git add models/churn_model.pkl.dvc
[2025-08-19T19:25:09.974+0000] {subprocess.py:93} INFO - 
[2025-08-19T19:25:09.975+0000] {subprocess.py:93} INFO - To enable auto staging, run:
[2025-08-19T19:25:09.976+0000] {subprocess.py:93} INFO - 
[2025-08-19T19:25:09.977+0000] {subprocess.py:93} INFO - 	dvc config core.autostage true
[2025-08-19T19:25:33.557+0000] {subprocess.py:93} INFO - Author identity unknown
[2025-08-19T19:25:33.558+0000] {subprocess.py:93} INFO - 
[2025-08-19T19:25:33.559+0000] {subprocess.py:93} INFO - *** Please tell me who you are.
[2025-08-19T19:25:33.560+0000] {subprocess.py:93} INFO - 
[2025-08-19T19:25:33.561+0000] {subprocess.py:93} INFO - Run
[2025-08-19T19:25:33.562+0000] {subprocess.py:93} INFO - 
[2025-08-19T19:25:33.562+0000] {subprocess.py:93} INFO -   git config --global user.email "you@example.com"
[2025-08-19T19:25:33.563+0000] {subprocess.py:93} INFO -   git config --global user.name "Your Name"
[2025-08-19T19:25:33.564+0000] {subprocess.py:93} INFO - 
[2025-08-19T19:25:33.565+0000] {subprocess.py:93} INFO - to set your account's default identity.
[2025-08-19T19:25:33.565+0000] {subprocess.py:93} INFO - Omit --global to set the identity only in this repository.
[2025-08-19T19:25:33.566+0000] {subprocess.py:93} INFO - 
[2025-08-19T19:25:33.567+0000] {subprocess.py:93} INFO - fatal: unable to auto-detect email address (got '***@dc08f7cf7bac.(none)')
[2025-08-19T19:25:33.568+0000] {subprocess.py:93} INFO - Git commit completed or nothing to commit
[2025-08-19T19:25:33.585+0000] {subprocess.py:97} INFO - Command exited with return code 0
[2025-08-19T19:25:33.713+0000] {taskinstance.py:1149} INFO - Marking task as SUCCESS. dag_id=customer_churn_pipeline, task_id=dvc_add_commit_model, execution_date=20250819T192242, start_date=20250819T192454, end_date=20250819T192533
[2025-08-19T19:25:33.950+0000] {local_task_job_runner.py:234} INFO - Task exited with return code 0
[2025-08-19T19:25:34.027+0000] {taskinstance.py:3312} INFO - 1 downstream tasks scheduled from follow-on schedule check
