[2025-08-19T17:47:04.640+0000] {taskinstance.py:1979} INFO - Dependencies all met for dep_context=non-requeueable deps ti=<TaskInstance: customer_churn_pipeline.dvc_add_commit_model manual__2025-08-19T17:45:38.225122+00:00 [queued]>
[2025-08-19T17:47:04.656+0000] {taskinstance.py:1979} INFO - Dependencies all met for dep_context=requeueable deps ti=<TaskInstance: customer_churn_pipeline.dvc_add_commit_model manual__2025-08-19T17:45:38.225122+00:00 [queued]>
[2025-08-19T17:47:04.656+0000] {taskinstance.py:2193} INFO - Starting attempt 1 of 1
[2025-08-19T17:47:04.681+0000] {taskinstance.py:2217} INFO - Executing <Task(BashOperator): dvc_add_commit_model> on 2025-08-19 17:45:38.225122+00:00
[2025-08-19T17:47:04.690+0000] {standard_task_runner.py:60} INFO - Started process 1002 to run task
[2025-08-19T17:47:04.698+0000] {standard_task_runner.py:87} INFO - Running: ['***', 'tasks', 'run', 'customer_churn_pipeline', 'dvc_add_commit_model', 'manual__2025-08-19T17:45:38.225122+00:00', '--job-id', '24', '--raw', '--subdir', 'DAGS_FOLDER/customer_churn_pipeline_dag.py', '--cfg-path', '/tmp/tmptn32gbp2']
[2025-08-19T17:47:04.704+0000] {standard_task_runner.py:88} INFO - Job 24: Subtask dvc_add_commit_model
[2025-08-19T17:47:04.797+0000] {task_command.py:423} INFO - Running <TaskInstance: customer_churn_pipeline.dvc_add_commit_model manual__2025-08-19T17:45:38.225122+00:00 [running]> on host dc08f7cf7bac
[2025-08-19T17:47:04.932+0000] {taskinstance.py:2513} INFO - Exporting env vars: AIRFLOW_CTX_DAG_OWNER='***' AIRFLOW_CTX_DAG_ID='customer_churn_pipeline' AIRFLOW_CTX_TASK_ID='dvc_add_commit_model' AIRFLOW_CTX_EXECUTION_DATE='2025-08-19T17:45:38.225122+00:00' AIRFLOW_CTX_TRY_NUMBER='1' AIRFLOW_CTX_DAG_RUN_ID='manual__2025-08-19T17:45:38.225122+00:00'
[2025-08-19T17:47:04.940+0000] {subprocess.py:63} INFO - Tmp dir root location: /tmp
[2025-08-19T17:47:04.944+0000] {subprocess.py:75} INFO - Running command: ['/usr/bin/bash', '-c', "cd /opt/***/Customer_Churn_Prediction_Pipeline && git config --global --add safe.directory /opt/***/Customer_Churn_Prediction_Pipeline && dvc add models/churn_model.pkl && git add models/churn_model.pkl.dvc models/.gitignore && git commit -m 'Add trained model to DVC' || echo 'Git commit completed or nothing to commit'"]
[2025-08-19T17:47:04.964+0000] {subprocess.py:86} INFO - Output:
[2025-08-19T17:47:13.429+0000] {subprocess.py:93} INFO - 
[2025-08-19T17:47:13.430+0000] {subprocess.py:93} INFO - To track the changes with git, run:
[2025-08-19T17:47:13.431+0000] {subprocess.py:93} INFO - 
[2025-08-19T17:47:13.432+0000] {subprocess.py:93} INFO - 	git add models/churn_model.pkl.dvc
[2025-08-19T17:47:13.433+0000] {subprocess.py:93} INFO - 
[2025-08-19T17:47:13.434+0000] {subprocess.py:93} INFO - To enable auto staging, run:
[2025-08-19T17:47:13.435+0000] {subprocess.py:93} INFO - 
[2025-08-19T17:47:13.436+0000] {subprocess.py:93} INFO - 	dvc config core.autostage true
[2025-08-19T17:47:24.414+0000] {subprocess.py:93} INFO - Author identity unknown
[2025-08-19T17:47:24.415+0000] {subprocess.py:93} INFO - 
[2025-08-19T17:47:24.417+0000] {subprocess.py:93} INFO - *** Please tell me who you are.
[2025-08-19T17:47:24.419+0000] {subprocess.py:93} INFO - 
[2025-08-19T17:47:24.420+0000] {subprocess.py:93} INFO - Run
[2025-08-19T17:47:24.421+0000] {subprocess.py:93} INFO - 
[2025-08-19T17:47:24.422+0000] {subprocess.py:93} INFO -   git config --global user.email "you@example.com"
[2025-08-19T17:47:24.423+0000] {subprocess.py:93} INFO -   git config --global user.name "Your Name"
[2025-08-19T17:47:24.424+0000] {subprocess.py:93} INFO - 
[2025-08-19T17:47:24.425+0000] {subprocess.py:93} INFO - to set your account's default identity.
[2025-08-19T17:47:24.426+0000] {subprocess.py:93} INFO - Omit --global to set the identity only in this repository.
[2025-08-19T17:47:24.427+0000] {subprocess.py:93} INFO - 
[2025-08-19T17:47:24.429+0000] {subprocess.py:93} INFO - fatal: unable to auto-detect email address (got '***@dc08f7cf7bac.(none)')
[2025-08-19T17:47:24.430+0000] {subprocess.py:93} INFO - Git commit completed or nothing to commit
[2025-08-19T17:47:24.432+0000] {subprocess.py:97} INFO - Command exited with return code 0
[2025-08-19T17:47:24.488+0000] {taskinstance.py:1149} INFO - Marking task as SUCCESS. dag_id=customer_churn_pipeline, task_id=dvc_add_commit_model, execution_date=20250819T174538, start_date=20250819T174704, end_date=20250819T174724
[2025-08-19T17:47:24.560+0000] {local_task_job_runner.py:234} INFO - Task exited with return code 0
[2025-08-19T17:47:24.592+0000] {taskinstance.py:3312} INFO - 1 downstream tasks scheduled from follow-on schedule check
