[2025-08-18T20:26:57.828+0000] {taskinstance.py:1979} INFO - Dependencies all met for dep_context=non-requeueable deps ti=<TaskInstance: customer_churn_pipeline.data_ingestion scheduled__2025-08-17T00:00:00+00:00 [queued]>
[2025-08-18T20:26:57.850+0000] {taskinstance.py:1979} INFO - Dependencies all met for dep_context=requeueable deps ti=<TaskInstance: customer_churn_pipeline.data_ingestion scheduled__2025-08-17T00:00:00+00:00 [queued]>
[2025-08-18T20:26:57.852+0000] {taskinstance.py:2193} INFO - Starting attempt 1 of 1
[2025-08-18T20:26:57.877+0000] {taskinstance.py:2217} INFO - Executing <Task(BashOperator): data_ingestion> on 2025-08-17 00:00:00+00:00
[2025-08-18T20:26:57.884+0000] {standard_task_runner.py:60} INFO - Started process 255 to run task
[2025-08-18T20:26:57.890+0000] {standard_task_runner.py:87} INFO - Running: ['***', 'tasks', 'run', 'customer_churn_pipeline', 'data_ingestion', 'scheduled__2025-08-17T00:00:00+00:00', '--job-id', '4', '--raw', '--subdir', 'DAGS_FOLDER/customer_churn_pipeline_dag.py', '--cfg-path', '/tmp/tmpus1eub_z']
[2025-08-18T20:26:57.894+0000] {standard_task_runner.py:88} INFO - Job 4: Subtask data_ingestion
[2025-08-18T20:26:57.981+0000] {task_command.py:423} INFO - Running <TaskInstance: customer_churn_pipeline.data_ingestion scheduled__2025-08-17T00:00:00+00:00 [running]> on host 2e4674d7276b
[2025-08-18T20:26:58.087+0000] {taskinstance.py:2513} INFO - Exporting env vars: AIRFLOW_CTX_DAG_OWNER='***' AIRFLOW_CTX_DAG_ID='customer_churn_pipeline' AIRFLOW_CTX_TASK_ID='data_ingestion' AIRFLOW_CTX_EXECUTION_DATE='2025-08-17T00:00:00+00:00' AIRFLOW_CTX_TRY_NUMBER='1' AIRFLOW_CTX_DAG_RUN_ID='scheduled__2025-08-17T00:00:00+00:00'
[2025-08-18T20:26:58.090+0000] {subprocess.py:63} INFO - Tmp dir root location: /tmp
[2025-08-18T20:26:58.092+0000] {subprocess.py:75} INFO - Running command: ['/usr/bin/bash', '-c', 'cd /opt/***/Customer_Churn_Prediction_Pipeline && python src/ingestion.py']
[2025-08-18T20:26:58.105+0000] {subprocess.py:86} INFO - Output:
[2025-08-18T20:26:59.199+0000] {subprocess.py:93} INFO - 2025-08-18 20:26:59,198 INFO --- Data Ingestion Pipeline Started ---
[2025-08-18T20:26:59.218+0000] {subprocess.py:93} INFO - 2025-08-18 20:26:59,217 INFO Starting local data ingestion from data/raw/train/Telco-Dataset-train.csv
[2025-08-18T20:26:59.272+0000] {subprocess.py:93} INFO - 2025-08-18 20:26:59,271 INFO Read 5634 rows from data/raw/train/Telco-Dataset-train.csv
[2025-08-18T20:26:59.403+0000] {subprocess.py:93} INFO - 2025-08-18 20:26:59,402 INFO Local training data ingested and saved to data/raw/training_data/18-08-2025/Telco-Dataset-train.csv (size: 776827 bytes)
[2025-08-18T20:26:59.412+0000] {subprocess.py:93} INFO - 2025-08-18 20:26:59,412 INFO Starting remote data ingestion from https://raw.githubusercontent.com/yugipersonalspace/ML-Assignment-PS3/main/Telco-Dataset-test.csv
[2025-08-18T20:26:59.759+0000] {subprocess.py:93} INFO - 2025-08-18 20:26:59,759 INFO Remote test data downloaded and saved to data/raw/API_test_data/18-08-2025/Telco-Dataset-test.csv (size: 196084 bytes)
[2025-08-18T20:26:59.763+0000] {subprocess.py:93} INFO - 2025-08-18 20:26:59,761 INFO --- Data Ingestion Pipeline Completed Successfully ---
[2025-08-18T20:26:59.838+0000] {subprocess.py:97} INFO - Command exited with return code 0
[2025-08-18T20:26:59.868+0000] {taskinstance.py:1149} INFO - Marking task as SUCCESS. dag_id=customer_churn_pipeline, task_id=data_ingestion, execution_date=20250817T000000, start_date=20250818T202657, end_date=20250818T202659
[2025-08-18T20:26:59.890+0000] {local_task_job_runner.py:234} INFO - Task exited with return code 0
[2025-08-18T20:26:59.917+0000] {taskinstance.py:3312} INFO - 1 downstream tasks scheduled from follow-on schedule check
