[2025-08-21T05:12:15.229+0000] {taskinstance.py:1979} INFO - Dependencies all met for dep_context=non-requeueable deps ti=<TaskInstance: customer_churn_pipeline.data_preparation scheduled__2025-08-20T00:00:00+00:00 [queued]>
[2025-08-21T05:12:15.540+0000] {taskinstance.py:1979} INFO - Dependencies all met for dep_context=requeueable deps ti=<TaskInstance: customer_churn_pipeline.data_preparation scheduled__2025-08-20T00:00:00+00:00 [queued]>
[2025-08-21T05:12:15.578+0000] {taskinstance.py:2193} INFO - Starting attempt 1 of 1
[2025-08-21T05:12:15.741+0000] {taskinstance.py:2217} INFO - Executing <Task(BashOperator): data_preparation> on 2025-08-20 00:00:00+00:00
[2025-08-21T05:12:15.795+0000] {standard_task_runner.py:60} INFO - Started process 250 to run task
[2025-08-21T05:12:15.806+0000] {standard_task_runner.py:87} INFO - Running: ['***', 'tasks', 'run', 'customer_churn_pipeline', 'data_preparation', 'scheduled__2025-08-20T00:00:00+00:00', '--job-id', '24', '--raw', '--subdir', 'DAGS_FOLDER/customer_churn_pipeline_dag.py', '--cfg-path', '/tmp/tmph6ztuipl']
[2025-08-21T05:12:15.931+0000] {standard_task_runner.py:88} INFO - Job 24: Subtask data_preparation
[2025-08-21T05:12:17.352+0000] {task_command.py:423} INFO - Running <TaskInstance: customer_churn_pipeline.data_preparation scheduled__2025-08-20T00:00:00+00:00 [running]> on host bd9202be787f
[2025-08-21T05:12:20.060+0000] {taskinstance.py:2513} INFO - Exporting env vars: AIRFLOW_CTX_DAG_OWNER='***' AIRFLOW_CTX_DAG_ID='customer_churn_pipeline' AIRFLOW_CTX_TASK_ID='data_preparation' AIRFLOW_CTX_EXECUTION_DATE='2025-08-20T00:00:00+00:00' AIRFLOW_CTX_TRY_NUMBER='1' AIRFLOW_CTX_DAG_RUN_ID='scheduled__2025-08-20T00:00:00+00:00'
[2025-08-21T05:12:20.088+0000] {subprocess.py:63} INFO - Tmp dir root location: /tmp
[2025-08-21T05:12:20.111+0000] {subprocess.py:75} INFO - Running command: ['/usr/bin/bash', '-c', 'cd /opt/***/Customer_Churn_Prediction_Pipeline && python src/preparation.py']
[2025-08-21T05:12:20.280+0000] {subprocess.py:86} INFO - Output:
[2025-08-21T05:13:02.430+0000] {subprocess.py:93} INFO - Loading data...
[2025-08-21T05:13:02.466+0000] {subprocess.py:93} INFO - Encoding binary categorical columns...
[2025-08-21T05:13:02.577+0000] {subprocess.py:93} INFO - Saving processed data...
[2025-08-21T05:13:02.636+0000] {subprocess.py:93} INFO - Combined data saved to data/processed/21-08-2025/Telco-Dataset-combined.csv
[2025-08-21T05:13:02.654+0000] {subprocess.py:93} INFO - Performing EDA...
[2025-08-21T05:13:02.676+0000] {subprocess.py:93} INFO - Processed data and EDA outputs saved in data/processed/21-08-2025
[2025-08-21T05:13:05.009+0000] {subprocess.py:97} INFO - Command exited with return code 0
[2025-08-21T05:13:05.240+0000] {taskinstance.py:1149} INFO - Marking task as SUCCESS. dag_id=customer_churn_pipeline, task_id=data_preparation, execution_date=20250820T000000, start_date=20250821T051215, end_date=20250821T051305
[2025-08-21T05:13:05.350+0000] {local_task_job_runner.py:234} INFO - Task exited with return code 0
[2025-08-21T05:13:05.474+0000] {taskinstance.py:3312} INFO - 1 downstream tasks scheduled from follow-on schedule check
