[2025-08-20T17:52:49.663+0000] {taskinstance.py:1979} INFO - Dependencies all met for dep_context=non-requeueable deps ti=<TaskInstance: customer_churn_pipeline.model_deployment manual__2025-08-20T17:47:18.117501+00:00 [queued]>
[2025-08-20T17:52:49.708+0000] {taskinstance.py:1979} INFO - Dependencies all met for dep_context=requeueable deps ti=<TaskInstance: customer_churn_pipeline.model_deployment manual__2025-08-20T17:47:18.117501+00:00 [queued]>
[2025-08-20T17:52:49.710+0000] {taskinstance.py:2193} INFO - Starting attempt 1 of 1
[2025-08-20T17:52:49.802+0000] {taskinstance.py:2217} INFO - Executing <Task(BashOperator): model_deployment> on 2025-08-20 17:47:18.117501+00:00
[2025-08-20T17:52:49.825+0000] {standard_task_runner.py:60} INFO - Started process 492 to run task
[2025-08-20T17:52:49.851+0000] {standard_task_runner.py:87} INFO - Running: ['***', 'tasks', 'run', 'customer_churn_pipeline', 'model_deployment', 'manual__2025-08-20T17:47:18.117501+00:00', '--job-id', '18', '--raw', '--subdir', 'DAGS_FOLDER/customer_churn_pipeline_dag.py', '--cfg-path', '/tmp/tmpq91wa4ab']
[2025-08-20T17:52:49.884+0000] {standard_task_runner.py:88} INFO - Job 18: Subtask model_deployment
[2025-08-20T17:52:50.175+0000] {task_command.py:423} INFO - Running <TaskInstance: customer_churn_pipeline.model_deployment manual__2025-08-20T17:47:18.117501+00:00 [running]> on host bd9202be787f
[2025-08-20T17:52:50.606+0000] {taskinstance.py:2513} INFO - Exporting env vars: AIRFLOW_CTX_DAG_OWNER='***' AIRFLOW_CTX_DAG_ID='customer_churn_pipeline' AIRFLOW_CTX_TASK_ID='model_deployment' AIRFLOW_CTX_EXECUTION_DATE='2025-08-20T17:47:18.117501+00:00' AIRFLOW_CTX_TRY_NUMBER='1' AIRFLOW_CTX_DAG_RUN_ID='manual__2025-08-20T17:47:18.117501+00:00'
[2025-08-20T17:52:50.612+0000] {subprocess.py:63} INFO - Tmp dir root location: /tmp
[2025-08-20T17:52:50.619+0000] {subprocess.py:75} INFO - Running command: ['/usr/bin/bash', '-c', 'cd /opt/***/Customer_Churn_Prediction_Pipeline && python src/deploy_model.py']
[2025-08-20T17:52:50.663+0000] {subprocess.py:86} INFO - Output:
[2025-08-20T17:52:58.964+0000] {subprocess.py:93} INFO - 2025-08-20 17:52:58,962 INFO Starting model deployment...
[2025-08-20T17:52:58.965+0000] {subprocess.py:93} INFO - 2025-08-20 17:52:58,964 INFO Loaded best run ID: d58cbb1df47a44b0a994ac020152d04d
[2025-08-20T17:52:58.967+0000] {subprocess.py:93} INFO - 2025-08-20 17:52:58,965 INFO Loading model from MLflow run: d58cbb1df47a44b0a994ac020152d04d
[2025-08-20T17:53:03.244+0000] {subprocess.py:93} INFO - 2025-08-20 17:53:03,242 INFO Model loaded successfully from MLflow
[2025-08-20T17:53:03.289+0000] {subprocess.py:93} INFO - 2025-08-20 17:53:03,287 INFO Model deployed to: deployment/churn_model_deployed.pkl
[2025-08-20T17:53:03.307+0000] {subprocess.py:93} INFO - 2025-08-20 17:53:03,288 INFO Loaded best run ID: d58cbb1df47a44b0a994ac020152d04d
[2025-08-20T17:53:04.282+0000] {subprocess.py:93} INFO - src/deploy_model.py:57: FutureWarning: ``mlflow.tracking.client.MlflowClient.get_latest_versions`` is deprecated since 2.9.0. Model registry stages will be removed in a future major release. To learn more about the deprecation of model registry stages, see our migration guide here: https://mlflow.org/docs/latest/model-registry.html#migrating-from-stages
[2025-08-20T17:53:04.287+0000] {subprocess.py:93} INFO -   latest_version = client.get_latest_versions(model_name, stages=["None"])
[2025-08-20T17:53:04.290+0000] {subprocess.py:93} INFO - 2025-08-20 17:53:04,281 INFO Latest model version: 4
[2025-08-20T17:53:04.299+0000] {subprocess.py:93} INFO - 2025-08-20 17:53:04,298 INFO Model info saved to deployment/model_info.txt
[2025-08-20T17:53:04.312+0000] {subprocess.py:93} INFO - 2025-08-20 17:53:04,311 INFO Prediction script created at deployment/predict.py
[2025-08-20T17:53:04.319+0000] {subprocess.py:93} INFO - 2025-08-20 17:53:04,317 INFO API endpoint script created at deployment/api.py
[2025-08-20T17:53:04.333+0000] {subprocess.py:93} INFO - 2025-08-20 17:53:04,332 INFO Requirements file created at deployment/requirements.txt
[2025-08-20T17:53:04.344+0000] {subprocess.py:93} INFO - 2025-08-20 17:53:04,343 INFO Deployment summary created at: deployment/deployment_summary.md
[2025-08-20T17:53:04.345+0000] {subprocess.py:93} INFO - 2025-08-20 17:53:04,344 INFO ==================================================
[2025-08-20T17:53:04.346+0000] {subprocess.py:93} INFO - 2025-08-20 17:53:04,344 INFO MODEL DEPLOYMENT SUCCESSFUL!
[2025-08-20T17:53:04.348+0000] {subprocess.py:93} INFO - 2025-08-20 17:53:04,345 INFO ==================================================
[2025-08-20T17:53:04.349+0000] {subprocess.py:93} INFO - 2025-08-20 17:53:04,346 INFO Deployed Model Path: deployment/churn_model_deployed.pkl
[2025-08-20T17:53:04.350+0000] {subprocess.py:93} INFO - 2025-08-20 17:53:04,346 INFO Model Source: mlflow
[2025-08-20T17:53:04.351+0000] {subprocess.py:93} INFO - 2025-08-20 17:53:04,347 INFO Deployment Timestamp: 2025-08-20T17:53:03.288419
[2025-08-20T17:53:04.352+0000] {subprocess.py:93} INFO - 2025-08-20 17:53:04,348 INFO Prediction Script: deployment/predict.py
[2025-08-20T17:53:04.354+0000] {subprocess.py:93} INFO - 2025-08-20 17:53:04,348 INFO ==================================================
[2025-08-20T17:53:05.150+0000] {subprocess.py:97} INFO - Command exited with return code 0
[2025-08-20T17:53:05.360+0000] {taskinstance.py:1149} INFO - Marking task as SUCCESS. dag_id=customer_churn_pipeline, task_id=model_deployment, execution_date=20250820T174718, start_date=20250820T175249, end_date=20250820T175305
[2025-08-20T17:53:05.526+0000] {local_task_job_runner.py:234} INFO - Task exited with return code 0
[2025-08-20T17:53:05.637+0000] {taskinstance.py:3312} INFO - 0 downstream tasks scheduled from follow-on schedule check
