[2025-08-18T20:46:54.796+0000] {taskinstance.py:1979} INFO - Dependencies all met for dep_context=non-requeueable deps ti=<TaskInstance: customer_churn_pipeline.model_training manual__2025-08-18T20:46:08.771976+00:00 [queued]>
[2025-08-18T20:46:54.811+0000] {taskinstance.py:1979} INFO - Dependencies all met for dep_context=requeueable deps ti=<TaskInstance: customer_churn_pipeline.model_training manual__2025-08-18T20:46:08.771976+00:00 [queued]>
[2025-08-18T20:46:54.812+0000] {taskinstance.py:2193} INFO - Starting attempt 1 of 1
[2025-08-18T20:46:54.834+0000] {taskinstance.py:2217} INFO - Executing <Task(BashOperator): model_training> on 2025-08-18 20:46:08.771976+00:00
[2025-08-18T20:46:54.841+0000] {standard_task_runner.py:60} INFO - Started process 1181 to run task
[2025-08-18T20:46:54.848+0000] {standard_task_runner.py:87} INFO - Running: ['***', 'tasks', 'run', 'customer_churn_pipeline', 'model_training', 'manual__2025-08-18T20:46:08.771976+00:00', '--job-id', '26', '--raw', '--subdir', 'DAGS_FOLDER/customer_churn_pipeline_dag.py', '--cfg-path', '/tmp/tmpycj4uou3']
[2025-08-18T20:46:54.852+0000] {standard_task_runner.py:88} INFO - Job 26: Subtask model_training
[2025-08-18T20:46:54.931+0000] {task_command.py:423} INFO - Running <TaskInstance: customer_churn_pipeline.model_training manual__2025-08-18T20:46:08.771976+00:00 [running]> on host 2e4674d7276b
[2025-08-18T20:46:55.034+0000] {taskinstance.py:2513} INFO - Exporting env vars: AIRFLOW_CTX_DAG_OWNER='***' AIRFLOW_CTX_DAG_ID='customer_churn_pipeline' AIRFLOW_CTX_TASK_ID='model_training' AIRFLOW_CTX_EXECUTION_DATE='2025-08-18T20:46:08.771976+00:00' AIRFLOW_CTX_TRY_NUMBER='1' AIRFLOW_CTX_DAG_RUN_ID='manual__2025-08-18T20:46:08.771976+00:00'
[2025-08-18T20:46:55.037+0000] {subprocess.py:63} INFO - Tmp dir root location: /tmp
[2025-08-18T20:46:55.039+0000] {subprocess.py:75} INFO - Running command: ['/usr/bin/bash', '-c', 'cd /opt/***/Customer_Churn_Prediction_Pipeline && python src/train_model.py']
[2025-08-18T20:46:55.054+0000] {subprocess.py:86} INFO - Output:
[2025-08-18T20:46:57.477+0000] {subprocess.py:93} INFO - 2025-08-18 20:46:57,477 INFO Loading features and target from feature store...
[2025-08-18T20:46:57.478+0000] {subprocess.py:93} INFO - 2025-08-18 20:46:57,477 INFO Connecting to SQLite DB at data/features/churn_features.db
[2025-08-18T20:46:57.491+0000] {subprocess.py:93} INFO - 2025-08-18 20:46:57,491 INFO Available tables: ['churn_features']
[2025-08-18T20:46:57.838+0000] {subprocess.py:93} INFO - 2025-08-18 20:46:57,837 INFO Retrieved 7032 rows and 36 columns from table churn_features
[2025-08-18T20:46:57.852+0000] {subprocess.py:93} INFO - 2025-08-18 20:46:57,851 INFO Features shape before dtype fix: (7032, 35), Target shape: (7032,)
[2025-08-18T20:46:57.888+0000] {subprocess.py:93} INFO - 2025-08-18 20:46:57,888 INFO Features dtypes after fix:
[2025-08-18T20:46:57.893+0000] {subprocess.py:93} INFO - gender                                   float64
[2025-08-18T20:46:57.895+0000] {subprocess.py:93} INFO - SeniorCitizen                            float64
[2025-08-18T20:46:57.897+0000] {subprocess.py:93} INFO - Partner                                  float64
[2025-08-18T20:46:57.898+0000] {subprocess.py:93} INFO - Dependents                               float64
[2025-08-18T20:46:57.900+0000] {subprocess.py:93} INFO - tenure                                   float64
[2025-08-18T20:46:57.901+0000] {subprocess.py:93} INFO - PhoneService                             float64
[2025-08-18T20:46:57.912+0000] {subprocess.py:93} INFO - PaperlessBilling                         float64
[2025-08-18T20:46:57.914+0000] {subprocess.py:93} INFO - MonthlyCharges                           float64
[2025-08-18T20:46:57.917+0000] {subprocess.py:93} INFO - TotalCharges                             float64
[2025-08-18T20:46:57.919+0000] {subprocess.py:93} INFO - TotalChargesPerTenure                    float64
[2025-08-18T20:46:57.922+0000] {subprocess.py:93} INFO - MultipleLines_No phone service           float64
[2025-08-18T20:46:57.930+0000] {subprocess.py:93} INFO - MultipleLines_Yes                        float64
[2025-08-18T20:46:57.933+0000] {subprocess.py:93} INFO - InternetService_Fiber optic              float64
[2025-08-18T20:46:57.934+0000] {subprocess.py:93} INFO - InternetService_No                       float64
[2025-08-18T20:46:57.939+0000] {subprocess.py:93} INFO - OnlineSecurity_No internet service       float64
[2025-08-18T20:46:57.941+0000] {subprocess.py:93} INFO - OnlineSecurity_Yes                       float64
[2025-08-18T20:46:57.943+0000] {subprocess.py:93} INFO - OnlineBackup_No internet service         float64
[2025-08-18T20:46:57.946+0000] {subprocess.py:93} INFO - OnlineBackup_Yes                         float64
[2025-08-18T20:46:57.947+0000] {subprocess.py:93} INFO - DeviceProtection_No internet service     float64
[2025-08-18T20:46:57.949+0000] {subprocess.py:93} INFO - DeviceProtection_Yes                     float64
[2025-08-18T20:46:57.950+0000] {subprocess.py:93} INFO - TechSupport_No internet service          float64
[2025-08-18T20:46:57.951+0000] {subprocess.py:93} INFO - TechSupport_Yes                          float64
[2025-08-18T20:46:57.954+0000] {subprocess.py:93} INFO - StreamingTV_No internet service          float64
[2025-08-18T20:46:57.957+0000] {subprocess.py:93} INFO - StreamingTV_Yes                          float64
[2025-08-18T20:46:57.958+0000] {subprocess.py:93} INFO - StreamingMovies_No internet service      float64
[2025-08-18T20:46:57.960+0000] {subprocess.py:93} INFO - StreamingMovies_Yes                      float64
[2025-08-18T20:46:57.961+0000] {subprocess.py:93} INFO - Contract_One year                        float64
[2025-08-18T20:46:57.963+0000] {subprocess.py:93} INFO - Contract_Two year                        float64
[2025-08-18T20:46:57.964+0000] {subprocess.py:93} INFO - PaymentMethod_Credit card (automatic)    float64
[2025-08-18T20:46:57.966+0000] {subprocess.py:93} INFO - PaymentMethod_Electronic check           float64
[2025-08-18T20:46:57.973+0000] {subprocess.py:93} INFO - PaymentMethod_Mailed check               float64
[2025-08-18T20:46:57.975+0000] {subprocess.py:93} INFO - TenureGroup_13-24                        float64
[2025-08-18T20:46:57.976+0000] {subprocess.py:93} INFO - TenureGroup_25-48                        float64
[2025-08-18T20:46:57.978+0000] {subprocess.py:93} INFO - TenureGroup_49-60                        float64
[2025-08-18T20:46:57.980+0000] {subprocess.py:93} INFO - TenureGroup_61+                          float64
[2025-08-18T20:46:57.981+0000] {subprocess.py:93} INFO - dtype: object
[2025-08-18T20:46:57.982+0000] {subprocess.py:93} INFO - 2025-08-18 20:46:57,888 INFO Loaded features shape: (7032, 35), target shape: (7032,)
[2025-08-18T20:46:57.983+0000] {subprocess.py:93} INFO - 2025-08-18 20:46:57,888 INFO Splitting data into train and test sets (80/20, stratified)...
[2025-08-18T20:46:59.490+0000] {subprocess.py:93} INFO - 2025-08-18 20:46:59,490 INFO Training Logistic Regression...
[2025-08-18T20:46:59.577+0000] {subprocess.py:93} INFO - Traceback (most recent call last):
[2025-08-18T20:46:59.578+0000] {subprocess.py:93} INFO -   File "src/train_model.py", line 72, in <module>
[2025-08-18T20:46:59.579+0000] {subprocess.py:93} INFO -     lr.fit(X_train, y_train)
[2025-08-18T20:46:59.579+0000] {subprocess.py:93} INFO -   File "/home/***/.local/lib/python3.8/site-packages/sklearn/base.py", line 1152, in wrapper
[2025-08-18T20:46:59.580+0000] {subprocess.py:93} INFO -     return fit_method(estimator, *args, **kwargs)
[2025-08-18T20:46:59.580+0000] {subprocess.py:93} INFO -   File "/home/***/.local/lib/python3.8/site-packages/sklearn/linear_model/_logistic.py", line 1253, in fit
[2025-08-18T20:46:59.581+0000] {subprocess.py:93} INFO -     raise ValueError(
[2025-08-18T20:46:59.581+0000] {subprocess.py:93} INFO - ValueError: This solver needs samples of at least 2 classes in the data, but the data contains only one class: 1
[2025-08-18T20:46:59.924+0000] {subprocess.py:97} INFO - Command exited with return code 1
[2025-08-18T20:46:59.939+0000] {taskinstance.py:2731} ERROR - Task failed with exception
Traceback (most recent call last):
  File "/home/airflow/.local/lib/python3.8/site-packages/airflow/models/taskinstance.py", line 444, in _execute_task
    result = _execute_callable(context=context, **execute_callable_kwargs)
  File "/home/airflow/.local/lib/python3.8/site-packages/airflow/models/taskinstance.py", line 414, in _execute_callable
    return execute_callable(context=context, **execute_callable_kwargs)
  File "/home/airflow/.local/lib/python3.8/site-packages/airflow/operators/bash.py", line 212, in execute
    raise AirflowException(
airflow.exceptions.AirflowException: Bash command failed. The command returned a non-zero exit code 1.
[2025-08-18T20:46:59.946+0000] {taskinstance.py:1149} INFO - Marking task as FAILED. dag_id=customer_churn_pipeline, task_id=model_training, execution_date=20250818T204608, start_date=20250818T204654, end_date=20250818T204659
[2025-08-18T20:46:59.977+0000] {standard_task_runner.py:107} ERROR - Failed to execute job 26 for task model_training (Bash command failed. The command returned a non-zero exit code 1.; 1181)
[2025-08-18T20:47:00.023+0000] {local_task_job_runner.py:234} INFO - Task exited with return code 1
[2025-08-18T20:47:00.048+0000] {taskinstance.py:3312} INFO - 0 downstream tasks scheduled from follow-on schedule check
