[2025-08-19T17:39:22.676+0000] {taskinstance.py:1979} INFO - Dependencies all met for dep_context=non-requeueable deps ti=<TaskInstance: customer_churn_pipeline.data_preparation manual__2025-08-19T17:38:59.420994+00:00 [queued]>
[2025-08-19T17:39:22.692+0000] {taskinstance.py:1979} INFO - Dependencies all met for dep_context=requeueable deps ti=<TaskInstance: customer_churn_pipeline.data_preparation manual__2025-08-19T17:38:59.420994+00:00 [queued]>
[2025-08-19T17:39:22.693+0000] {taskinstance.py:2193} INFO - Starting attempt 1 of 1
[2025-08-19T17:39:22.718+0000] {taskinstance.py:2217} INFO - Executing <Task(BashOperator): data_preparation> on 2025-08-19 17:38:59.420994+00:00
[2025-08-19T17:39:22.727+0000] {standard_task_runner.py:60} INFO - Started process 766 to run task
[2025-08-19T17:39:22.735+0000] {standard_task_runner.py:87} INFO - Running: ['***', 'tasks', 'run', 'customer_churn_pipeline', 'data_preparation', 'manual__2025-08-19T17:38:59.420994+00:00', '--job-id', '14', '--raw', '--subdir', 'DAGS_FOLDER/customer_churn_pipeline_dag.py', '--cfg-path', '/tmp/tmpyp4kw28h']
[2025-08-19T17:39:22.740+0000] {standard_task_runner.py:88} INFO - Job 14: Subtask data_preparation
[2025-08-19T17:39:22.874+0000] {task_command.py:423} INFO - Running <TaskInstance: customer_churn_pipeline.data_preparation manual__2025-08-19T17:38:59.420994+00:00 [running]> on host dc08f7cf7bac
[2025-08-19T17:39:23.049+0000] {taskinstance.py:2513} INFO - Exporting env vars: AIRFLOW_CTX_DAG_OWNER='***' AIRFLOW_CTX_DAG_ID='customer_churn_pipeline' AIRFLOW_CTX_TASK_ID='data_preparation' AIRFLOW_CTX_EXECUTION_DATE='2025-08-19T17:38:59.420994+00:00' AIRFLOW_CTX_TRY_NUMBER='1' AIRFLOW_CTX_DAG_RUN_ID='manual__2025-08-19T17:38:59.420994+00:00'
[2025-08-19T17:39:23.057+0000] {subprocess.py:63} INFO - Tmp dir root location: /tmp
[2025-08-19T17:39:23.060+0000] {subprocess.py:75} INFO - Running command: ['/usr/bin/bash', '-c', 'cd /opt/***/Customer_Churn_Prediction_Pipeline && python src/preparation.py']
[2025-08-19T17:39:23.082+0000] {subprocess.py:86} INFO - Output:
[2025-08-19T17:39:42.039+0000] {subprocess.py:93} INFO - Loading data...
[2025-08-19T17:39:42.041+0000] {subprocess.py:93} INFO - Encoding binary categorical columns...
[2025-08-19T17:39:42.043+0000] {subprocess.py:93} INFO - Saving processed data...
[2025-08-19T17:39:42.050+0000] {subprocess.py:93} INFO - Combined data saved to data/processed/19-08-2025/Telco-Dataset-combined.csv
[2025-08-19T17:39:42.053+0000] {subprocess.py:93} INFO - Performing EDA...
[2025-08-19T17:39:42.058+0000] {subprocess.py:93} INFO - Processed data and EDA outputs saved in data/processed/19-08-2025
[2025-08-19T17:39:42.508+0000] {subprocess.py:97} INFO - Command exited with return code 0
[2025-08-19T17:39:42.564+0000] {taskinstance.py:1149} INFO - Marking task as SUCCESS. dag_id=customer_churn_pipeline, task_id=data_preparation, execution_date=20250819T173859, start_date=20250819T173922, end_date=20250819T173942
[2025-08-19T17:39:42.642+0000] {local_task_job_runner.py:234} INFO - Task exited with return code 0
[2025-08-19T17:39:42.689+0000] {taskinstance.py:3312} INFO - 1 downstream tasks scheduled from follow-on schedule check
