[2025-08-19T17:45:59.716+0000] {taskinstance.py:1979} INFO - Dependencies all met for dep_context=non-requeueable deps ti=<TaskInstance: customer_churn_pipeline.data_preparation manual__2025-08-19T17:45:38.225122+00:00 [queued]>
[2025-08-19T17:45:59.740+0000] {taskinstance.py:1979} INFO - Dependencies all met for dep_context=requeueable deps ti=<TaskInstance: customer_churn_pipeline.data_preparation manual__2025-08-19T17:45:38.225122+00:00 [queued]>
[2025-08-19T17:45:59.741+0000] {taskinstance.py:2193} INFO - Starting attempt 1 of 1
[2025-08-19T17:45:59.782+0000] {taskinstance.py:2217} INFO - Executing <Task(BashOperator): data_preparation> on 2025-08-19 17:45:38.225122+00:00
[2025-08-19T17:45:59.797+0000] {standard_task_runner.py:60} INFO - Started process 926 to run task
[2025-08-19T17:45:59.808+0000] {standard_task_runner.py:87} INFO - Running: ['***', 'tasks', 'run', 'customer_churn_pipeline', 'data_preparation', 'manual__2025-08-19T17:45:38.225122+00:00', '--job-id', '20', '--raw', '--subdir', 'DAGS_FOLDER/customer_churn_pipeline_dag.py', '--cfg-path', '/tmp/tmpdhxto1ow']
[2025-08-19T17:45:59.817+0000] {standard_task_runner.py:88} INFO - Job 20: Subtask data_preparation
[2025-08-19T17:45:59.998+0000] {task_command.py:423} INFO - Running <TaskInstance: customer_churn_pipeline.data_preparation manual__2025-08-19T17:45:38.225122+00:00 [running]> on host dc08f7cf7bac
[2025-08-19T17:46:00.171+0000] {taskinstance.py:2513} INFO - Exporting env vars: AIRFLOW_CTX_DAG_OWNER='***' AIRFLOW_CTX_DAG_ID='customer_churn_pipeline' AIRFLOW_CTX_TASK_ID='data_preparation' AIRFLOW_CTX_EXECUTION_DATE='2025-08-19T17:45:38.225122+00:00' AIRFLOW_CTX_TRY_NUMBER='1' AIRFLOW_CTX_DAG_RUN_ID='manual__2025-08-19T17:45:38.225122+00:00'
[2025-08-19T17:46:00.173+0000] {subprocess.py:63} INFO - Tmp dir root location: /tmp
[2025-08-19T17:46:00.175+0000] {subprocess.py:75} INFO - Running command: ['/usr/bin/bash', '-c', 'cd /opt/***/Customer_Churn_Prediction_Pipeline && python src/preparation.py']
[2025-08-19T17:46:00.200+0000] {subprocess.py:86} INFO - Output:
[2025-08-19T17:46:17.840+0000] {subprocess.py:93} INFO - Loading data...
[2025-08-19T17:46:17.841+0000] {subprocess.py:93} INFO - Encoding binary categorical columns...
[2025-08-19T17:46:17.842+0000] {subprocess.py:93} INFO - Saving processed data...
[2025-08-19T17:46:17.843+0000] {subprocess.py:93} INFO - Combined data saved to data/processed/19-08-2025/Telco-Dataset-combined.csv
[2025-08-19T17:46:17.844+0000] {subprocess.py:93} INFO - Performing EDA...
[2025-08-19T17:46:17.845+0000] {subprocess.py:93} INFO - Processed data and EDA outputs saved in data/processed/19-08-2025
[2025-08-19T17:46:18.303+0000] {subprocess.py:97} INFO - Command exited with return code 0
[2025-08-19T17:46:18.434+0000] {taskinstance.py:1149} INFO - Marking task as SUCCESS. dag_id=customer_churn_pipeline, task_id=data_preparation, execution_date=20250819T174538, start_date=20250819T174559, end_date=20250819T174618
[2025-08-19T17:46:18.546+0000] {local_task_job_runner.py:234} INFO - Task exited with return code 0
[2025-08-19T17:46:18.627+0000] {taskinstance.py:3312} INFO - 1 downstream tasks scheduled from follow-on schedule check
